
> student-management-frontend@1.15.0 e2e
> playwright test


Running 195 tests using 4 workers

ΏθΦΡ [E2E] Starting login for test@example.com
[2026-01-07T12:16:18.354Z] [INFO] [TEST_PHASE] PAGE_STRUCTURE_CHECK {
  "description": "Verifying page loads and renders"
}
ΏθΦΡ [E2E] Starting login for test@example.com
[2026-01-07T12:16:18.387Z] [INFO] [AUTH] LOGIN_START {
  "email": "test@example.com",
  "success": true
}
ΏθΦΡ [E2E] Starting login for test@example.com
ΏθΦΡ [E2E] Waiting for network idle (timeout: 20s)...
ΏθΦΡ [E2E] Waiting for network idle (timeout: 20s)...
ΏθΦΡ [E2E] Waiting for network idle (timeout: 20s)...
[WebServer] 2:16:22 ╬╝.╬╝. [vite] http proxy error: /health
[WebServer] Error: connect ECONNREFUSED 127.0.0.1:8000
[WebServer]     at TCPConnectWrap.afterConnect [as oncomplete] (node:net:1611:16)
[WebServer] 2:16:22 ╬╝.╬╝. [vite] http proxy error: /health
[WebServer] Error: connect ECONNREFUSED 127.0.0.1:8000
[WebServer]     at TCPConnectWrap.afterConnect [as oncomplete] (node:net:1611:16)
[WebServer] 2:16:22 ╬╝.╬╝. [vite] http proxy error: /health
[WebServer] Error: connect ECONNREFUSED 127.0.0.1:8000
[WebServer]     at TCPConnectWrap.afterConnect [as oncomplete] (node:net:1611:16)
[WebServer] 2:16:22 ╬╝.╬╝. [vite] http proxy error: /health
[WebServer] Error: connect ECONNREFUSED 127.0.0.1:8000
[WebServer]     at TCPConnectWrap.afterConnect [as oncomplete] (node:net:1611:16)
ΏθΦΡ [E2E] Waiting for email input (timeout: 25s)...
ΏθΦΡ [E2E] Waiting for email input (timeout: 25s)...
ΏθΦΡ [E2E] Waiting for email input (timeout: 25s)...
ΏθΦΡ [E2E] Waiting for password input (timeout: 25s)...
ΏθΦΡ [E2E] Waiting for password input (timeout: 25s)...
ΏθΦΡ [E2E] Waiting for password input (timeout: 25s)...
[2026-01-07T12:16:23.366Z] [INFO] [PAGE_DIAGNOSTIC] Page structure check results {
  "hasRootDiv": true,
  "hasReactMarkers": false,
  "bodyHasContent": true,
  "bodyLength": 35447,
  "rootContentLength": 35360,
  "consoleErrors": [
    "[console.error] The script has an unsupported MIME type ('text/html').",
    "[console.error] έζΝ Service Worker registration failed: SecurityError: Failed to register a ServiceWorker for scope ('http://localhost:5173/') with script ('http://localhost:5173/sw.js'): The script has an unsupported MIME type ('text/html').",
    "[console.error] Failed to load resource: net::ERR_CONNECTION_REFUSED",
    "[console.error] Failed to load resource: the server responded with a status of 500 (Internal Server Error)"
  ],
  "requestFailures": [
    "[requestfailed] http://127.0.0.1:8000/health -> net::ERR_CONNECTION_REFUSED"
  ]
}
[WebServer] 2:16:23 ╬╝.╬╝. [vite] http proxy error: /api/v1/auth/login
[WebServer] Error: connect ECONNREFUSED 127.0.0.1:8000
[WebServer]     at TCPConnectWrap.afterConnect [as oncomplete] (node:net:1611:16)
ΏθΦΡ [E2E] Waiting for dashboard redirect (timeout: 20s)...
[WebServer] 2:16:23 ╬╝.╬╝. [vite] http proxy error: /api/v1/auth/login
[WebServer] Error: connect ECONNREFUSED 127.0.0.1:8000
[WebServer]     at TCPConnectWrap.afterConnect [as oncomplete] (node:net:1611:16)
[WebServer] 2:16:23 ╬╝.╬╝. [vite] http proxy error: /api/v1/auth/login
[WebServer] Error: connect ECONNREFUSED 127.0.0.1:8000
[WebServer]     at TCPConnectWrap.afterConnect [as oncomplete] (node:net:1611:16)
ΏθΦΡ [E2E] Waiting for dashboard redirect (timeout: 20s)...
ΏθΦΡ [E2E] Waiting for dashboard redirect (timeout: 20s)...
  έεΥ    4 [chromium] έΑ║ tests\critical-flows.spec.ts:6:1 έΑ║ DIAGNOSTIC: Check page HTML structure (5.4s)
ΏθΦΡ [E2E] Starting login for test@example.com
ΏθΦΡ [E2E] Waiting for network idle (timeout: 20s)...
[WebServer] 2:16:25 ╬╝.╬╝. [vite] http proxy error: /api/v1/auth/login
[WebServer] Error: connect ECONNREFUSED 127.0.0.1:8000
[WebServer]     at TCPConnectWrap.afterConnect [as oncomplete] (node:net:1611:16)
[WebServer] 2:16:25 ╬╝.╬╝. [vite] http proxy error: /api/v1/auth/login
[WebServer] Error: connect ECONNREFUSED 127.0.0.1:8000
[WebServer]     at TCPConnectWrap.afterConnect [as oncomplete] (node:net:1611:16)
[WebServer] 2:16:25 ╬╝.╬╝. [vite] http proxy error: /api/v1/auth/login
[WebServer] Error: connect ECONNREFUSED 127.0.0.1:8000
[WebServer]     at TCPConnectWrap.afterConnect [as oncomplete] (node:net:1611:16)
[WebServer] 2:16:25 ╬╝.╬╝. [vite] http proxy error: /health
[WebServer] Error: connect ECONNREFUSED 127.0.0.1:8000
[WebServer]     at TCPConnectWrap.afterConnect [as oncomplete] (node:net:1611:16)
ΏθΦΡ [E2E] Waiting for email input (timeout: 25s)...
ΏθΦΡ [E2E] Waiting for password input (timeout: 25s)...
[WebServer] 2:16:26 ╬╝.╬╝. [vite] http proxy error: /api/v1/auth/login
[WebServer] Error: connect ECONNREFUSED 127.0.0.1:8000
[WebServer]     at TCPConnectWrap.afterConnect [as oncomplete] (node:net:1611:16)
ΏθΦΡ [E2E] Waiting for dashboard redirect (timeout: 20s)...
[WebServer] 2:16:28 ╬╝.╬╝. [vite] http proxy error: /api/v1/auth/login
[WebServer] Error: connect ECONNREFUSED 127.0.0.1:8000
[WebServer]     at TCPConnectWrap.afterConnect [as oncomplete] (node:net:1611:16)
[WebServer] 2:16:29 ╬╝.╬╝. [vite] http proxy error: /api/v1/auth/login
[WebServer] Error: connect ECONNREFUSED 127.0.0.1:8000
[WebServer]     at TCPConnectWrap.afterConnect [as oncomplete] (node:net:1611:16)
[WebServer] 2:16:29 ╬╝.╬╝. [vite] http proxy error: /api/v1/auth/login
[WebServer] Error: connect ECONNREFUSED 127.0.0.1:8000
[WebServer]     at TCPConnectWrap.afterConnect [as oncomplete] (node:net:1611:16)
[WebServer] 2:16:29 ╬╝.╬╝. [vite] http proxy error: /api/v1/auth/login
[WebServer] Error: connect ECONNREFUSED 127.0.0.1:8000
[WebServer]     at TCPConnectWrap.afterConnect [as oncomplete] (node:net:1611:16)
[WebServer] 2:16:32 ╬╝.╬╝. [vite] http proxy error: /api/v1/auth/login
[WebServer] Error: connect ECONNREFUSED 127.0.0.1:8000
[WebServer]     at TCPConnectWrap.afterConnect [as oncomplete] (node:net:1611:16)
[WebServer] 2:16:37 ╬╝.╬╝. [vite] http proxy error: /api/v1/auth/login
[WebServer] Error: connect ECONNREFUSED 127.0.0.1:8000
[WebServer]     at TCPConnectWrap.afterConnect [as oncomplete] (node:net:1611:16)
[WebServer] 2:16:37 ╬╝.╬╝. [vite] http proxy error: /api/v1/auth/login
[WebServer] Error: connect ECONNREFUSED 127.0.0.1:8000
[WebServer]     at TCPConnectWrap.afterConnect [as oncomplete] (node:net:1611:16)
[WebServer] 2:16:37 ╬╝.╬╝. [vite] http proxy error: /api/v1/auth/login
[WebServer] Error: connect ECONNREFUSED 127.0.0.1:8000
[WebServer]     at TCPConnectWrap.afterConnect [as oncomplete] (node:net:1611:16)
[WebServer] 2:16:40 ╬╝.╬╝. [vite] http proxy error: /api/v1/auth/login
[WebServer] Error: connect ECONNREFUSED 127.0.0.1:8000
[WebServer]     at TCPConnectWrap.afterConnect [as oncomplete] (node:net:1611:16)
έζΝ [E2E] Redirect to /dashboard failed. Current URL: http://localhost:5173/
Page HTML snapshot: <!DOCTYPE html><html lang="en"><head>
    <script type="module">import { injectIntoGlobalHook } from "/@react-refresh";
injectIntoGlobalHook(window);
window.$RefreshReg$ = () => {};
window.$RefreshSig$ = () => (type) => type;</script>

    <script type="module" src="/@vite/client"></script>

    <meta charset="UTF-8">
    <link rel="icon" type="image/svg+xml" href="/favicon.svg">
    <link rel="icon" type="image/x-icon" href="/favicon.ico">
    <link rel="apple-touch-icon" href="/apple-touch-icon.png">
    <link rel="manifest" href="/manifest.json">
    <meta name="viewport" content="width=device-width, initial-scale=1.0">
    <meta name="theme-color" content="#4F46E5">
    <meta name="description" content="Comprehensive student management and grading platform">
    <meta name="apple-mobile-web-app-capable" content="yes">
    <meta name="apple-mobile-web-app-status-bar-style" content="black-translucent">
    <meta name="apple-mobile-web-app-title" content="SMS">
    <title>Student Management System</title>
    <script>
      // Apply theme early to avoid flash and ensure light/dark consistency
      // Enhanced for Edge browser compatibility
      (function() {
        try {
          var stored = localStorage.getItem('theme');
          var prefersDark = false;

          // Enhanced media query check for Edge compatibility
          if (window.matchMedia) {
            var mediaQuery = window.matchMedia('(prefers-color-scheme: dark)');
            prefersDark = mediaQuery.m
έζΝ [E2E] Redirect to /dashboard failed. Current URL: http://localhost:5173/
Page HTML snapshot: <!DOCTYPE html><html lang="en"><head>
    <script type="module">import { injectIntoGlobalHook } from "/@react-refresh";
injectIntoGlobalHook(window);
window.$RefreshReg$ = () => {};
window.$RefreshSig$ = () => (type) => type;</script>

    <script type="module" src="/@vite/client"></script>

    <meta charset="UTF-8">
    <link rel="icon" type="image/svg+xml" href="/favicon.svg">
    <link rel="icon" type="image/x-icon" href="/favicon.ico">
    <link rel="apple-touch-icon" href="/apple-touch-icon.png">
    <link rel="manifest" href="/manifest.json">
    <meta name="viewport" content="width=device-width, initial-scale=1.0">
    <meta name="theme-color" content="#4F46E5">
    <meta name="description" content="Comprehensive student management and grading platform">
    <meta name="apple-mobile-web-app-capable" content="yes">
    <meta name="apple-mobile-web-app-status-bar-style" content="black-translucent">
    <meta name="apple-mobile-web-app-title" content="SMS">
    <title>Student Management System</title>
    <script>
      // Apply theme early to avoid flash and ensure light/dark consistency
      // Enhanced for Edge browser compatibility
      (function() {
        try {
          var stored = localStorage.getItem('theme');
          var prefersDark = false;

          // Enhanced media query check for Edge compatibility
          if (window.matchMedia) {
            var mediaQuery = window.matchMedia('(prefers-color-scheme: dark)');
            prefersDark = mediaQuery.m
έζΝ [E2E] Redirect to /dashboard failed. Current URL: http://localhost:5173/
Page HTML snapshot: <!DOCTYPE html><html lang="en"><head>
    <script type="module">import { injectIntoGlobalHook } from "/@react-refresh";
injectIntoGlobalHook(window);
window.$RefreshReg$ = () => {};
window.$RefreshSig$ = () => (type) => type;</script>

    <script type="module" src="/@vite/client"></script>

    <meta charset="UTF-8">
    <link rel="icon" type="image/svg+xml" href="/favicon.svg">
    <link rel="icon" type="image/x-icon" href="/favicon.ico">
    <link rel="apple-touch-icon" href="/apple-touch-icon.png">
    <link rel="manifest" href="/manifest.json">
    <meta name="viewport" content="width=device-width, initial-scale=1.0">
    <meta name="theme-color" content="#4F46E5">
    <meta name="description" content="Comprehensive student management and grading platform">
    <meta name="apple-mobile-web-app-capable" content="yes">
    <meta name="apple-mobile-web-app-status-bar-style" content="black-translucent">
    <meta name="apple-mobile-web-app-title" content="SMS">
    <title>Student Management System</title>
    <script>
      // Apply theme early to avoid flash and ensure light/dark consistency
      // Enhanced for Edge browser compatibility
      (function() {
        try {
          var stored = localStorage.getItem('theme');
          var prefersDark = false;

          // Enhanced media query check for Edge compatibility
          if (window.matchMedia) {
            var mediaQuery = window.matchMedia('(prefers-color-scheme: dark)');
            prefersDark = mediaQuery.m
  έεα    1 [chromium] έΑ║ tests\critical-flows.spec.ts:136:3 έΑ║ Students Management έΑ║ should display students list (25.9s)
  έεα    2 [chromium] έΑ║ tests\critical-flows.spec.ts:46:3 έΑ║ Authentication Flow έΑ║ should login successfully (25.8s)
  έεα    3 [chromium] έΑ║ tests\critical-flows.spec.ts:94:3 έΑ║ Dashboard Navigation έΑ║ should navigate to Students page (25.8s)
[2026-01-07T12:16:45.327Z] [INFO] [AUTH] LOGOUT_TEST_START {
  "email": "test@example.com",
  "success": true
}
ΏθΦΡ [E2E] Starting login for test@example.com
ΏθΦΡ [E2E] Starting login for test@example.com
ΏθΦΡ [E2E] Starting login for test@example.com
