**********************
PowerShell transcript start
Start time: 20260124175938
Username: REC\Vasilis
RunAs User: REC\Vasilis
Configuration Name:
Machine: REC (Microsoft Windows NT 10.0.26220.0)
Host Application: C:\Program Files\PowerShell\7\pwsh.dll -NoProfile -ExecutionPolicy Bypass -File d:\SMS\student-management-system\COMMIT_READY.ps1 -Quick -Snapshot
Process ID: 27420
PSVersion: 7.5.4
PSEdition: Core
GitCommitId: 7.5.4
OS: Microsoft Windows 10.0.26220
Platform: Win32NT
PSCompatibleVersions: 1.0, 2.0, 3.0, 4.0, 5.0, 5.1, 6.0, 7.0
PSRemotingProtocolVersion: 2.3
SerializationVersion: 1.1.0.1
WSManStackVersion: 3.0
**********************
--------------------------------------------------------------
 COMMIT READY - Pre-Commit Verification
 Student Management System v1.18.0
--------------------------------------------------------------

Mode: quick
Started: 2026-01-24 17:59:38
Log file: D:\SMS\student-management-system\commit_ready_20260124-175938.log


╔══════════════════════════════════════════════════════════════╗
║  Phase A: Version Propagation & Docs Update                   ║
╚══════════════════════════════════════════════════════════════╝

ℹ️  Version sync to package.json skipped (use -SyncVersion or -AutoFix to enable)
ℹ️  Docs update skipped (use -UpdateDocs or -AutoFix to enable)

╔══════════════════════════════════════════════════════════════╗
║  Phase 0: Version Consistency                                 ║
╚══════════════════════════════════════════════════════════════╝

ℹ️  Running comprehensive version verification...

 + ======================================================================
SMS Version Verification Tool
======================================================================
ℹ️  Using version from VERSION file: 1.18.0
ℹ️  Target version: 1.18.0
ℹ️  Mode: CHECK ONLY

 + ======================================================================
Checking Version References
======================================================================
✅ VERSION file: 1.18.0 (correct)
✅ Backend main.py docstring: 1.18.0 (correct)
✅ Frontend package.json: 1.18.0 (correct)
✅ User guide version: 1.18.0 (correct)
✅ Developer guide version: 1.18.0 (correct)
✅ Documentation index version: 1.18.0 (correct)
✅ COMMIT_READY.ps1 version: 1.18.0 (correct)
✅ INSTALLER_BUILDER.ps1 version: 1.18.0 (correct)

 + ======================================================================
Verification Summary
======================================================================
Total checks:       8
Consistent:         8
Inconsistent:       0
Updated:            0
Failed:             0

✅ Version verification completed successfully!
✅ All version references consistent across codebase

╔══════════════════════════════════════════════════════════════╗
║  Phase 0.5: Version Format Enforcement                        ║
╚══════════════════════════════════════════════════════════════╝

✅ Version format valid: 1.18.0

─────────────────────────────────────────────────
 Backend: Ensure Python Dependencies
─────────────────────────────────────────────────
ℹ️  Installing runtime requirements (pip) from requirements.txt
ℹ️  Installing dev requirements (pip)
✅ Backend dependencies ensured

╔══════════════════════════════════════════════════════════════╗
║  Phase 1: Smoke Test - Conftest Config                        ║
╚══════════════════════════════════════════════════════════════╝

ℹ️  Checking D:\SMS\student-management-system\backend\tests\conftest.py for secure test settings...
✅ conftest.py: AUTH_ENABLED=False verified

╔══════════════════════════════════════════════════════════════╗
║  Phase 0: Pre-commit Hook Validation                          ║
╚══════════════════════════════════════════════════════════════╝

ℹ️  Running pre-commit hooks on staged files...
✅ Pre-commit hooks passed (files auto-fixed).
ℹ️  Some files were auto-formatted. Review changes with: git diff

╔══════════════════════════════════════════════════════════════╗
║  Phase 1: Code Quality & Linting                              ║
╚══════════════════════════════════════════════════════════════╝


─────────────────────────────────────────────────
 Backend: Ruff Linting
─────────────────────────────────────────────────
ℹ️  Running ruff check...
✅ Backend linting passed

─────────────────────────────────────────────────
 Backend: MyPy Type Checking
─────────────────────────────────────────────────
ℹ️  Running mypy...
✅ Backend type checking passed

─────────────────────────────────────────────────
 Frontend: ESLint
─────────────────────────────────────────────────
ℹ️  Running ESLint...
✅ Frontend linting passed

─────────────────────────────────────────────────
 Repository: Markdown Lint
─────────────────────────────────────────────────
ℹ️  Running markdownlint with auto-fix...
✅ Markdown linting passed

─────────────────────────────────────────────────
 Frontend: TypeScript Type Checking
─────────────────────────────────────────────────
ℹ️  Skipping TypeScript type checking in quick mode (temporary)
✅ TypeScript type checking passed

─────────────────────────────────────────────────
 Translation Integrity Check
─────────────────────────────────────────────────
ℹ️  Checking translation key parity...
✅ Translation integrity verified

╔══════════════════════════════════════════════════════════════╗
║  Phase 2: Test Suite Execution                                ║
╚══════════════════════════════════════════════════════════════╝


─────────────────────────────────────────────────
 Backend: pytest
─────────────────────────────────────────────────
ℹ️  Using in-memory SQLite for local tests (DATABASE_URL not set)
ℹ️  Using strict auth mode for local tests (AUTH_MODE not set)
ℹ️  Using batch test runner (prevents system freeze)...

╔════════════════════════════════════════╗
║   Batch Test Runner (SMS v1.17.2)     ║
╚════════════════════════════════════════╝
ℹ Scanning for test files...
✓ Found 88 test files
ℹ Split into 18 batches (5 files per batch)

┌─────────────────────────────────────────┐
│ Batch 1 of 18 (Files: 5)
└─────────────────────────────────────────┘
  • test_admin_backup_encryption.py
  • test_admin_bootstrap.py
  • test_analytics_router.py
  • test_analytics_service.py
  • test_attendance_router.py
ℹ Running tests...
....................................................................     [100%]
============================== warnings summary ===============================
schemas\search.py:24
  D:\SMS\student-management-system\backend\schemas\search.py:24: PydanticDeprecatedSince20: Support for class-based `config` is deprecated, use ConfigDict instead. Deprecated in Pydantic V2.0 to be removed in V3.0. See Pydantic V2 Migration Guide at https://errors.pydantic.dev/2.12/migration/
    class StudentSearchResultSchema(BaseModel):

schemas\search.py:40
  D:\SMS\student-management-system\backend\schemas\search.py:40: PydanticDeprecatedSince20: Support for class-based `config` is deprecated, use ConfigDict instead. Deprecated in Pydantic V2.0 to be removed in V3.0. See Pydantic V2 Migration Guide at https://errors.pydantic.dev/2.12/migration/
    class CourseSearchResultSchema(BaseModel):

schemas\search.py:55
  D:\SMS\student-management-system\backend\schemas\search.py:55: PydanticDeprecatedSince20: Support for class-based `config` is deprecated, use ConfigDict instead. Deprecated in Pydantic V2.0 to be removed in V3.0. See Pydantic V2 Migration Guide at https://errors.pydantic.dev/2.12/migration/
    class GradeSearchResultSchema(BaseModel):

schemas\search.py:159
  D:\SMS\student-management-system\backend\schemas\search.py:159: PydanticDeprecatedSince20: Support for class-based `config` is deprecated, use ConfigDict instead. Deprecated in Pydantic V2.0 to be removed in V3.0. See Pydantic V2 Migration Guide at https://errors.pydantic.dev/2.12/migration/
    class SavedSearchResponseSchema(BaseModel):

schemas\search.py:177
  D:\SMS\student-management-system\backend\schemas\search.py:177: PydanticDeprecatedSince20: Support for class-based `config` is deprecated, use ConfigDict instead. Deprecated in Pydantic V2.0 to be removed in V3.0. See Pydantic V2 Migration Guide at https://errors.pydantic.dev/2.12/migration/
    class SavedSearchListResponseSchema(BaseModel):

-- Docs: https://docs.pytest.org/en/stable/how-to/capture-warnings.html
✓ Batch 1 completed successfully in 8.4s
  Waiting 2 seconds before next batch...

┌─────────────────────────────────────────┐
│ Batch 2 of 18 (Files: 5)
└─────────────────────────────────────────┘
  • test_audit_router.py
  • test_audit.py
  • test_auth_flow.py
  • test_auth_refresh.py
  • test_auth_router.py
ℹ Running tests...
.........................................                                [100%]
============================== warnings summary ===============================
schemas\search.py:24
  D:\SMS\student-management-system\backend\schemas\search.py:24: PydanticDeprecatedSince20: Support for class-based `config` is deprecated, use ConfigDict instead. Deprecated in Pydantic V2.0 to be removed in V3.0. See Pydantic V2 Migration Guide at https://errors.pydantic.dev/2.12/migration/
    class StudentSearchResultSchema(BaseModel):

schemas\search.py:40
  D:\SMS\student-management-system\backend\schemas\search.py:40: PydanticDeprecatedSince20: Support for class-based `config` is deprecated, use ConfigDict instead. Deprecated in Pydantic V2.0 to be removed in V3.0. See Pydantic V2 Migration Guide at https://errors.pydantic.dev/2.12/migration/
    class CourseSearchResultSchema(BaseModel):

schemas\search.py:55
  D:\SMS\student-management-system\backend\schemas\search.py:55: PydanticDeprecatedSince20: Support for class-based `config` is deprecated, use ConfigDict instead. Deprecated in Pydantic V2.0 to be removed in V3.0. See Pydantic V2 Migration Guide at https://errors.pydantic.dev/2.12/migration/
    class GradeSearchResultSchema(BaseModel):

schemas\search.py:159
  D:\SMS\student-management-system\backend\schemas\search.py:159: PydanticDeprecatedSince20: Support for class-based `config` is deprecated, use ConfigDict instead. Deprecated in Pydantic V2.0 to be removed in V3.0. See Pydantic V2 Migration Guide at https://errors.pydantic.dev/2.12/migration/
    class SavedSearchResponseSchema(BaseModel):

schemas\search.py:177
  D:\SMS\student-management-system\backend\schemas\search.py:177: PydanticDeprecatedSince20: Support for class-based `config` is deprecated, use ConfigDict instead. Deprecated in Pydantic V2.0 to be removed in V3.0. See Pydantic V2 Migration Guide at https://errors.pydantic.dev/2.12/migration/
    class SavedSearchListResponseSchema(BaseModel):

-- Docs: https://docs.pytest.org/en/stable/how-to/capture-warnings.html
✓ Batch 2 completed successfully in 6.3s
  Waiting 2 seconds before next batch...

┌─────────────────────────────────────────┐
│ Batch 3 of 18 (Files: 5)
└─────────────────────────────────────────┘
  • test_auto_import_courses.py
  • test_backup_encryption.py
  • test_change_password.py
  • test_config_module.py
  • test_config_settings.py
ℹ Running tests...
...................................................                      [100%]
============================== warnings summary ===============================
schemas\search.py:24
  D:\SMS\student-management-system\backend\schemas\search.py:24: PydanticDeprecatedSince20: Support for class-based `config` is deprecated, use ConfigDict instead. Deprecated in Pydantic V2.0 to be removed in V3.0. See Pydantic V2 Migration Guide at https://errors.pydantic.dev/2.12/migration/
    class StudentSearchResultSchema(BaseModel):

schemas\search.py:40
  D:\SMS\student-management-system\backend\schemas\search.py:40: PydanticDeprecatedSince20: Support for class-based `config` is deprecated, use ConfigDict instead. Deprecated in Pydantic V2.0 to be removed in V3.0. See Pydantic V2 Migration Guide at https://errors.pydantic.dev/2.12/migration/
    class CourseSearchResultSchema(BaseModel):

schemas\search.py:55
  D:\SMS\student-management-system\backend\schemas\search.py:55: PydanticDeprecatedSince20: Support for class-based `config` is deprecated, use ConfigDict instead. Deprecated in Pydantic V2.0 to be removed in V3.0. See Pydantic V2 Migration Guide at https://errors.pydantic.dev/2.12/migration/
    class GradeSearchResultSchema(BaseModel):

schemas\search.py:159
  D:\SMS\student-management-system\backend\schemas\search.py:159: PydanticDeprecatedSince20: Support for class-based `config` is deprecated, use ConfigDict instead. Deprecated in Pydantic V2.0 to be removed in V3.0. See Pydantic V2 Migration Guide at https://errors.pydantic.dev/2.12/migration/
    class SavedSearchResponseSchema(BaseModel):

schemas\search.py:177
  D:\SMS\student-management-system\backend\schemas\search.py:177: PydanticDeprecatedSince20: Support for class-based `config` is deprecated, use ConfigDict instead. Deprecated in Pydantic V2.0 to be removed in V3.0. See Pydantic V2 Migration Guide at https://errors.pydantic.dev/2.12/migration/
    class SavedSearchListResponseSchema(BaseModel):

-- Docs: https://docs.pytest.org/en/stable/how-to/capture-warnings.html
✓ Batch 3 completed successfully in 4.5s
  Waiting 2 seconds before next batch...

┌─────────────────────────────────────────┐
│ Batch 4 of 18 (Files: 5)
└─────────────────────────────────────────┘
  • test_control_endpoints.py
  • test_control_environment.py
  • test_control_jwt_integration.py
  • test_control_maintenance.py
  • test_control_path_traversal.py
ℹ Running tests...
...........................                                              [100%]
============================== warnings summary ===============================
schemas\search.py:24
  D:\SMS\student-management-system\backend\schemas\search.py:24: PydanticDeprecatedSince20: Support for class-based `config` is deprecated, use ConfigDict instead. Deprecated in Pydantic V2.0 to be removed in V3.0. See Pydantic V2 Migration Guide at https://errors.pydantic.dev/2.12/migration/
    class StudentSearchResultSchema(BaseModel):

schemas\search.py:40
  D:\SMS\student-management-system\backend\schemas\search.py:40: PydanticDeprecatedSince20: Support for class-based `config` is deprecated, use ConfigDict instead. Deprecated in Pydantic V2.0 to be removed in V3.0. See Pydantic V2 Migration Guide at https://errors.pydantic.dev/2.12/migration/
    class CourseSearchResultSchema(BaseModel):

schemas\search.py:55
  D:\SMS\student-management-system\backend\schemas\search.py:55: PydanticDeprecatedSince20: Support for class-based `config` is deprecated, use ConfigDict instead. Deprecated in Pydantic V2.0 to be removed in V3.0. See Pydantic V2 Migration Guide at https://errors.pydantic.dev/2.12/migration/
    class GradeSearchResultSchema(BaseModel):

schemas\search.py:159
  D:\SMS\student-management-system\backend\schemas\search.py:159: PydanticDeprecatedSince20: Support for class-based `config` is deprecated, use ConfigDict instead. Deprecated in Pydantic V2.0 to be removed in V3.0. See Pydantic V2 Migration Guide at https://errors.pydantic.dev/2.12/migration/
    class SavedSearchResponseSchema(BaseModel):

schemas\search.py:177
  D:\SMS\student-management-system\backend\schemas\search.py:177: PydanticDeprecatedSince20: Support for class-based `config` is deprecated, use ConfigDict instead. Deprecated in Pydantic V2.0 to be removed in V3.0. See Pydantic V2 Migration Guide at https://errors.pydantic.dev/2.12/migration/
    class SavedSearchListResponseSchema(BaseModel):

-- Docs: https://docs.pytest.org/en/stable/how-to/capture-warnings.html
✓ Batch 4 completed successfully in 10.4s
  Waiting 2 seconds before next batch...

┌─────────────────────────────────────────┐
│ Batch 5 of 18 (Files: 5)
└─────────────────────────────────────────┘
  • test_control_start_branches.py
  • test_course_rule_normalization.py
  • test_courses_router.py
  • test_csrf_flow.py
  • test_csv_import.py
ℹ Running tests...
...............................                                          [100%]
============================== warnings summary ===============================
schemas\search.py:24
  D:\SMS\student-management-system\backend\schemas\search.py:24: PydanticDeprecatedSince20: Support for class-based `config` is deprecated, use ConfigDict instead. Deprecated in Pydantic V2.0 to be removed in V3.0. See Pydantic V2 Migration Guide at https://errors.pydantic.dev/2.12/migration/
    class StudentSearchResultSchema(BaseModel):

schemas\search.py:40
  D:\SMS\student-management-system\backend\schemas\search.py:40: PydanticDeprecatedSince20: Support for class-based `config` is deprecated, use ConfigDict instead. Deprecated in Pydantic V2.0 to be removed in V3.0. See Pydantic V2 Migration Guide at https://errors.pydantic.dev/2.12/migration/
    class CourseSearchResultSchema(BaseModel):

schemas\search.py:55
  D:\SMS\student-management-system\backend\schemas\search.py:55: PydanticDeprecatedSince20: Support for class-based `config` is deprecated, use ConfigDict instead. Deprecated in Pydantic V2.0 to be removed in V3.0. See Pydantic V2 Migration Guide at https://errors.pydantic.dev/2.12/migration/
    class GradeSearchResultSchema(BaseModel):

schemas\search.py:159
  D:\SMS\student-management-system\backend\schemas\search.py:159: PydanticDeprecatedSince20: Support for class-based `config` is deprecated, use ConfigDict instead. Deprecated in Pydantic V2.0 to be removed in V3.0. See Pydantic V2 Migration Guide at https://errors.pydantic.dev/2.12/migration/
    class SavedSearchResponseSchema(BaseModel):

schemas\search.py:177
  D:\SMS\student-management-system\backend\schemas\search.py:177: PydanticDeprecatedSince20: Support for class-based `config` is deprecated, use ConfigDict instead. Deprecated in Pydantic V2.0 to be removed in V3.0. See Pydantic V2 Migration Guide at https://errors.pydantic.dev/2.12/migration/
    class SavedSearchListResponseSchema(BaseModel):

-- Docs: https://docs.pytest.org/en/stable/how-to/capture-warnings.html
✓ Batch 5 completed successfully in 5.7s
  Waiting 2 seconds before next batch...

┌─────────────────────────────────────────┐
│ Batch 6 of 18 (Files: 5)
└─────────────────────────────────────────┘
  • test_daily_performance_router.py
  • test_database_upload.py
  • test_db_utils.py
  • test_edge_cases.py
  • test_enrollments_router.py
ℹ Running tests...
PS>TerminatingError(): "The pipeline has been stopped."
PS>TerminatingError(): "The pipeline has been stopped."
PS>TerminatingError(): "The pipeline has been stopped."
>> TerminatingError(): "The pipeline has been stopped."
**********************
PowerShell transcript end
End time: 20260124180148
**********************
