**********************
PowerShell transcript start
Start time: 20260124095159
Username: REC\Vasilis
RunAs User: REC\Vasilis
Configuration Name: 
Machine: REC (Microsoft Windows NT 10.0.26220.0)
Host Application: C:\Program Files\PowerShell\7\pwsh.dll -NoProfile -ExecutionPolicy Bypass -File d:\SMS\student-management-system\COMMIT_READY.ps1 -Quick
Process ID: 51608
PSVersion: 7.5.4
PSEdition: Core
GitCommitId: 7.5.4
OS: Microsoft Windows 10.0.26220
Platform: Win32NT
PSCompatibleVersions: 1.0, 2.0, 3.0, 4.0, 5.0, 5.1, 6.0, 7.0
PSRemotingProtocolVersion: 2.3
SerializationVersion: 1.1.0.1
WSManStackVersion: 3.0
**********************
--------------------------------------------------------------
 COMMIT READY - Pre-Commit Verification
 Student Management System v1.18.0
--------------------------------------------------------------

Mode: quick
Started: 2026-01-24 09:51:59
Log file: D:\SMS\student-management-system\commit_ready_20260124-095159.log


╔══════════════════════════════════════════════════════════════╗
║  Phase A: Version Propagation & Docs Update                   ║
╚══════════════════════════════════════════════════════════════╝

ℹ️  Version sync to package.json skipped (use -SyncVersion or -AutoFix to enable)
ℹ️  Docs update skipped (use -UpdateDocs or -AutoFix to enable)

╔══════════════════════════════════════════════════════════════╗
║  Phase 0: Version Consistency                                 ║
╚══════════════════════════════════════════════════════════════╝

ℹ️  Running comprehensive version verification...

 + ======================================================================
SMS Version Verification Tool
======================================================================
ℹ️  Using version from VERSION file: 1.18.0
ℹ️  Target version: 1.18.0
ℹ️  Mode: CHECK ONLY

 + ======================================================================
Checking Version References
======================================================================
✅ VERSION file: 1.18.0 (correct)
✅ Backend main.py docstring: 1.18.0 (correct)
✅ Frontend package.json: 1.18.0 (correct)
✅ User guide version: 1.18.0 (correct)
✅ Developer guide version: 1.18.0 (correct)
✅ Documentation index version: 1.18.0 (correct)
✅ COMMIT_READY.ps1 version: 1.18.0 (correct)
✅ INSTALLER_BUILDER.ps1 version: 1.18.0 (correct)

 + ======================================================================
Verification Summary
======================================================================
Total checks:       8
Consistent:         8
Inconsistent:       0
Updated:            0
Failed:             0

✅ Version verification completed successfully!
✅ All version references consistent across codebase

╔══════════════════════════════════════════════════════════════╗
║  Phase 0.5: Version Format Enforcement                        ║
╚══════════════════════════════════════════════════════════════╝

✅ Version format valid: 1.18.0

─────────────────────────────────────────────────
 Backend: Ensure Python Dependencies
─────────────────────────────────────────────────
ℹ️  Installing runtime requirements (pip) from requirements.txt
ℹ️  Installing dev requirements (pip)
✅ Backend dependencies ensured

╔══════════════════════════════════════════════════════════════╗
║  Phase 1: Smoke Test - Conftest Config                        ║
╚══════════════════════════════════════════════════════════════╝

ℹ️  Checking D:\SMS\student-management-system\backend\tests\conftest.py for secure test settings...
✅ conftest.py: AUTH_ENABLED=False verified

╔══════════════════════════════════════════════════════════════╗
║  Phase 0: Pre-commit Hook Validation                          ║
╚══════════════════════════════════════════════════════════════╝

ℹ️  Running pre-commit hooks on staged files...
✅ Pre-commit hooks passed (files auto-fixed).
ℹ️  Some files were auto-formatted. Review changes with: git diff

╔══════════════════════════════════════════════════════════════╗
║  Phase 1: Code Quality & Linting                              ║
╚══════════════════════════════════════════════════════════════╝


─────────────────────────────────────────────────
 Backend: Ruff Linting
─────────────────────────────────────────────────
ℹ️  Running ruff check...
❌ Backend linting failed
F811 Redefinition of unused `Base` from line 52    --> tests\conftest.py:152:1     | 150 | from backend import models as models_mod 151 | 152 | Base = models_mod.Base     | ^^^^ `Base` redefined here     |    ::: tests\conftest.py:52:28     |  51 | # Import ORM Base for schema creation  52 | from backend.models import Base     |                            ---- previous definition of `Base` here  53 |  54 | # ============================================================================     | help: Remove definition: `Base`  Found 1 error.

─────────────────────────────────────────────────
 Backend: MyPy Type Checking
─────────────────────────────────────────────────
ℹ️  Running mypy...
✅ Backend type checking passed

─────────────────────────────────────────────────
 Frontend: ESLint
─────────────────────────────────────────────────
ℹ️  Running ESLint...
✅ Frontend linting passed

─────────────────────────────────────────────────
 Repository: Markdown Lint
─────────────────────────────────────────────────
ℹ️  Running markdownlint with auto-fix...
✅ Markdown linting passed

─────────────────────────────────────────────────
 Frontend: TypeScript Type Checking
─────────────────────────────────────────────────
ℹ️  Skipping TypeScript type checking in quick mode (temporary)
✅ TypeScript type checking passed

─────────────────────────────────────────────────
 Translation Integrity Check
─────────────────────────────────────────────────
ℹ️  Checking translation key parity...
✅ Translation integrity verified

╔══════════════════════════════════════════════════════════════╗
║  Phase 2: Test Suite Execution                                ║
╚══════════════════════════════════════════════════════════════╝


─────────────────────────────────────────────────
 Backend: pytest
─────────────────────────────────────────────────
ℹ️  Using in-memory SQLite for local tests (DATABASE_URL not set)
ℹ️  Using strict auth mode for local tests (AUTH_MODE not set)
ℹ️  Using batch test runner (prevents system freeze)...

╔════════════════════════════════════════╗
║   Batch Test Runner (SMS v1.17.2)     ║
╚════════════════════════════════════════╝
ℹ Scanning for test files...
✓ Found 88 test files
ℹ Split into 18 batches (5 files per batch)

┌─────────────────────────────────────────┐
│ Batch 1 of 18 (Files: 5)
└─────────────────────────────────────────┘
  • test_admin_backup_encryption.py
  • test_admin_bootstrap.py
  • test_analytics_router.py
  • test_analytics_service.py
  • test_attendance_router.py
ℹ Running tests...
....................................................................     [100%]
============================== warnings summary ===============================
schemas\search.py:24
  D:\SMS\student-management-system\backend\schemas\search.py:24: PydanticDeprecatedSince20: Support for class-based `config` is deprecated, use ConfigDict instead. Deprecated in Pydantic V2.0 to be removed in V3.0. See Pydantic V2 Migration Guide at https://errors.pydantic.dev/2.12/migration/
    class StudentSearchResultSchema(BaseModel):

schemas\search.py:40
  D:\SMS\student-management-system\backend\schemas\search.py:40: PydanticDeprecatedSince20: Support for class-based `config` is deprecated, use ConfigDict instead. Deprecated in Pydantic V2.0 to be removed in V3.0. See Pydantic V2 Migration Guide at https://errors.pydantic.dev/2.12/migration/
    class CourseSearchResultSchema(BaseModel):

schemas\search.py:55
  D:\SMS\student-management-system\backend\schemas\search.py:55: PydanticDeprecatedSince20: Support for class-based `config` is deprecated, use ConfigDict instead. Deprecated in Pydantic V2.0 to be removed in V3.0. See Pydantic V2 Migration Guide at https://errors.pydantic.dev/2.12/migration/
    class GradeSearchResultSchema(BaseModel):

schemas\search.py:159
  D:\SMS\student-management-system\backend\schemas\search.py:159: PydanticDeprecatedSince20: Support for class-based `config` is deprecated, use ConfigDict instead. Deprecated in Pydantic V2.0 to be removed in V3.0. See Pydantic V2 Migration Guide at https://errors.pydantic.dev/2.12/migration/
    class SavedSearchResponseSchema(BaseModel):

schemas\search.py:177
  D:\SMS\student-management-system\backend\schemas\search.py:177: PydanticDeprecatedSince20: Support for class-based `config` is deprecated, use ConfigDict instead. Deprecated in Pydantic V2.0 to be removed in V3.0. See Pydantic V2 Migration Guide at https://errors.pydantic.dev/2.12/migration/
    class SavedSearchListResponseSchema(BaseModel):

-- Docs: https://docs.pytest.org/en/stable/how-to/capture-warnings.html
✓ Batch 1 completed successfully in 9s
  Waiting 2 seconds before next batch...

┌─────────────────────────────────────────┐
│ Batch 2 of 18 (Files: 5)
└─────────────────────────────────────────┘
  • test_audit_router.py
  • test_audit.py
  • test_auth_flow.py
  • test_auth_refresh.py
  • test_auth_router.py
ℹ Running tests...
.........................................                                [100%]
============================== warnings summary ===============================
schemas\search.py:24
  D:\SMS\student-management-system\backend\schemas\search.py:24: PydanticDeprecatedSince20: Support for class-based `config` is deprecated, use ConfigDict instead. Deprecated in Pydantic V2.0 to be removed in V3.0. See Pydantic V2 Migration Guide at https://errors.pydantic.dev/2.12/migration/
    class StudentSearchResultSchema(BaseModel):

schemas\search.py:40
  D:\SMS\student-management-system\backend\schemas\search.py:40: PydanticDeprecatedSince20: Support for class-based `config` is deprecated, use ConfigDict instead. Deprecated in Pydantic V2.0 to be removed in V3.0. See Pydantic V2 Migration Guide at https://errors.pydantic.dev/2.12/migration/
    class CourseSearchResultSchema(BaseModel):

schemas\search.py:55
  D:\SMS\student-management-system\backend\schemas\search.py:55: PydanticDeprecatedSince20: Support for class-based `config` is deprecated, use ConfigDict instead. Deprecated in Pydantic V2.0 to be removed in V3.0. See Pydantic V2 Migration Guide at https://errors.pydantic.dev/2.12/migration/
    class GradeSearchResultSchema(BaseModel):

schemas\search.py:159
  D:\SMS\student-management-system\backend\schemas\search.py:159: PydanticDeprecatedSince20: Support for class-based `config` is deprecated, use ConfigDict instead. Deprecated in Pydantic V2.0 to be removed in V3.0. See Pydantic V2 Migration Guide at https://errors.pydantic.dev/2.12/migration/
    class SavedSearchResponseSchema(BaseModel):

schemas\search.py:177
  D:\SMS\student-management-system\backend\schemas\search.py:177: PydanticDeprecatedSince20: Support for class-based `config` is deprecated, use ConfigDict instead. Deprecated in Pydantic V2.0 to be removed in V3.0. See Pydantic V2 Migration Guide at https://errors.pydantic.dev/2.12/migration/
    class SavedSearchListResponseSchema(BaseModel):

-- Docs: https://docs.pytest.org/en/stable/how-to/capture-warnings.html
✓ Batch 2 completed successfully in 6.8s
  Waiting 2 seconds before next batch...

┌─────────────────────────────────────────┐
│ Batch 3 of 18 (Files: 5)
└─────────────────────────────────────────┘
  • test_auto_import_courses.py
  • test_backup_encryption.py
  • test_change_password.py
  • test_config_module.py
  • test_config_settings.py
ℹ Running tests...
...................................................                      [100%]
============================== warnings summary ===============================
schemas\search.py:24
  D:\SMS\student-management-system\backend\schemas\search.py:24: PydanticDeprecatedSince20: Support for class-based `config` is deprecated, use ConfigDict instead. Deprecated in Pydantic V2.0 to be removed in V3.0. See Pydantic V2 Migration Guide at https://errors.pydantic.dev/2.12/migration/
    class StudentSearchResultSchema(BaseModel):

schemas\search.py:40
  D:\SMS\student-management-system\backend\schemas\search.py:40: PydanticDeprecatedSince20: Support for class-based `config` is deprecated, use ConfigDict instead. Deprecated in Pydantic V2.0 to be removed in V3.0. See Pydantic V2 Migration Guide at https://errors.pydantic.dev/2.12/migration/
    class CourseSearchResultSchema(BaseModel):

schemas\search.py:55
  D:\SMS\student-management-system\backend\schemas\search.py:55: PydanticDeprecatedSince20: Support for class-based `config` is deprecated, use ConfigDict instead. Deprecated in Pydantic V2.0 to be removed in V3.0. See Pydantic V2 Migration Guide at https://errors.pydantic.dev/2.12/migration/
    class GradeSearchResultSchema(BaseModel):

schemas\search.py:159
  D:\SMS\student-management-system\backend\schemas\search.py:159: PydanticDeprecatedSince20: Support for class-based `config` is deprecated, use ConfigDict instead. Deprecated in Pydantic V2.0 to be removed in V3.0. See Pydantic V2 Migration Guide at https://errors.pydantic.dev/2.12/migration/
    class SavedSearchResponseSchema(BaseModel):

schemas\search.py:177
  D:\SMS\student-management-system\backend\schemas\search.py:177: PydanticDeprecatedSince20: Support for class-based `config` is deprecated, use ConfigDict instead. Deprecated in Pydantic V2.0 to be removed in V3.0. See Pydantic V2 Migration Guide at https://errors.pydantic.dev/2.12/migration/
    class SavedSearchListResponseSchema(BaseModel):

-- Docs: https://docs.pytest.org/en/stable/how-to/capture-warnings.html
✓ Batch 3 completed successfully in 4.9s
  Waiting 2 seconds before next batch...

┌─────────────────────────────────────────┐
│ Batch 4 of 18 (Files: 5)
└─────────────────────────────────────────┘
  • test_control_endpoints.py
  • test_control_environment.py
  • test_control_jwt_integration.py
  • test_control_maintenance.py
  • test_control_path_traversal.py
ℹ Running tests...
...........................                                              [100%]
============================== warnings summary ===============================
schemas\search.py:24
  D:\SMS\student-management-system\backend\schemas\search.py:24: PydanticDeprecatedSince20: Support for class-based `config` is deprecated, use ConfigDict instead. Deprecated in Pydantic V2.0 to be removed in V3.0. See Pydantic V2 Migration Guide at https://errors.pydantic.dev/2.12/migration/
    class StudentSearchResultSchema(BaseModel):

schemas\search.py:40
  D:\SMS\student-management-system\backend\schemas\search.py:40: PydanticDeprecatedSince20: Support for class-based `config` is deprecated, use ConfigDict instead. Deprecated in Pydantic V2.0 to be removed in V3.0. See Pydantic V2 Migration Guide at https://errors.pydantic.dev/2.12/migration/
    class CourseSearchResultSchema(BaseModel):

schemas\search.py:55
  D:\SMS\student-management-system\backend\schemas\search.py:55: PydanticDeprecatedSince20: Support for class-based `config` is deprecated, use ConfigDict instead. Deprecated in Pydantic V2.0 to be removed in V3.0. See Pydantic V2 Migration Guide at https://errors.pydantic.dev/2.12/migration/
    class GradeSearchResultSchema(BaseModel):

schemas\search.py:159
  D:\SMS\student-management-system\backend\schemas\search.py:159: PydanticDeprecatedSince20: Support for class-based `config` is deprecated, use ConfigDict instead. Deprecated in Pydantic V2.0 to be removed in V3.0. See Pydantic V2 Migration Guide at https://errors.pydantic.dev/2.12/migration/
    class SavedSearchResponseSchema(BaseModel):

schemas\search.py:177
  D:\SMS\student-management-system\backend\schemas\search.py:177: PydanticDeprecatedSince20: Support for class-based `config` is deprecated, use ConfigDict instead. Deprecated in Pydantic V2.0 to be removed in V3.0. See Pydantic V2 Migration Guide at https://errors.pydantic.dev/2.12/migration/
    class SavedSearchListResponseSchema(BaseModel):

-- Docs: https://docs.pytest.org/en/stable/how-to/capture-warnings.html
✓ Batch 4 completed successfully in 15.6s
  Waiting 2 seconds before next batch...

┌─────────────────────────────────────────┐
│ Batch 5 of 18 (Files: 5)
└─────────────────────────────────────────┘
  • test_control_start_branches.py
  • test_course_rule_normalization.py
  • test_courses_router.py
  • test_csrf_flow.py
  • test_csv_import.py
ℹ Running tests...
...............................                                          [100%]
============================== warnings summary ===============================
schemas\search.py:24
  D:\SMS\student-management-system\backend\schemas\search.py:24: PydanticDeprecatedSince20: Support for class-based `config` is deprecated, use ConfigDict instead. Deprecated in Pydantic V2.0 to be removed in V3.0. See Pydantic V2 Migration Guide at https://errors.pydantic.dev/2.12/migration/
    class StudentSearchResultSchema(BaseModel):

schemas\search.py:40
  D:\SMS\student-management-system\backend\schemas\search.py:40: PydanticDeprecatedSince20: Support for class-based `config` is deprecated, use ConfigDict instead. Deprecated in Pydantic V2.0 to be removed in V3.0. See Pydantic V2 Migration Guide at https://errors.pydantic.dev/2.12/migration/
    class CourseSearchResultSchema(BaseModel):

schemas\search.py:55
  D:\SMS\student-management-system\backend\schemas\search.py:55: PydanticDeprecatedSince20: Support for class-based `config` is deprecated, use ConfigDict instead. Deprecated in Pydantic V2.0 to be removed in V3.0. See Pydantic V2 Migration Guide at https://errors.pydantic.dev/2.12/migration/
    class GradeSearchResultSchema(BaseModel):

schemas\search.py:159
  D:\SMS\student-management-system\backend\schemas\search.py:159: PydanticDeprecatedSince20: Support for class-based `config` is deprecated, use ConfigDict instead. Deprecated in Pydantic V2.0 to be removed in V3.0. See Pydantic V2 Migration Guide at https://errors.pydantic.dev/2.12/migration/
    class SavedSearchResponseSchema(BaseModel):

schemas\search.py:177
  D:\SMS\student-management-system\backend\schemas\search.py:177: PydanticDeprecatedSince20: Support for class-based `config` is deprecated, use ConfigDict instead. Deprecated in Pydantic V2.0 to be removed in V3.0. See Pydantic V2 Migration Guide at https://errors.pydantic.dev/2.12/migration/
    class SavedSearchListResponseSchema(BaseModel):

-- Docs: https://docs.pytest.org/en/stable/how-to/capture-warnings.html
✓ Batch 5 completed successfully in 5.6s
  Waiting 2 seconds before next batch...

┌─────────────────────────────────────────┐
│ Batch 6 of 18 (Files: 5)
└─────────────────────────────────────────┘
  • test_daily_performance_router.py
  • test_database_upload.py
  • test_db_utils.py
  • test_edge_cases.py
  • test_enrollments_router.py
ℹ Running tests...
................................................                         [100%]
============================== warnings summary ===============================
tests/test_daily_performance_router.py::test_create_daily_performance_success
  D:\SMS\student-management-system\backend\schemas\search.py:24: PydanticDeprecatedSince20: Support for class-based `config` is deprecated, use ConfigDict instead. Deprecated in Pydantic V2.0 to be removed in V3.0. See Pydantic V2 Migration Guide at https://errors.pydantic.dev/2.12/migration/
    class StudentSearchResultSchema(BaseModel):

tests/test_daily_performance_router.py::test_create_daily_performance_success
  D:\SMS\student-management-system\backend\schemas\search.py:40: PydanticDeprecatedSince20: Support for class-based `config` is deprecated, use ConfigDict instead. Deprecated in Pydantic V2.0 to be removed in V3.0. See Pydantic V2 Migration Guide at https://errors.pydantic.dev/2.12/migration/
    class CourseSearchResultSchema(BaseModel):

tests/test_daily_performance_router.py::test_create_daily_performance_success
  D:\SMS\student-management-system\backend\schemas\search.py:55: PydanticDeprecatedSince20: Support for class-based `config` is deprecated, use ConfigDict instead. Deprecated in Pydantic V2.0 to be removed in V3.0. See Pydantic V2 Migration Guide at https://errors.pydantic.dev/2.12/migration/
    class GradeSearchResultSchema(BaseModel):

tests/test_daily_performance_router.py::test_create_daily_performance_success
  D:\SMS\student-management-system\backend\schemas\search.py:159: PydanticDeprecatedSince20: Support for class-based `config` is deprecated, use ConfigDict instead. Deprecated in Pydantic V2.0 to be removed in V3.0. See Pydantic V2 Migration Guide at https://errors.pydantic.dev/2.12/migration/
    class SavedSearchResponseSchema(BaseModel):

tests/test_daily_performance_router.py::test_create_daily_performance_success
  D:\SMS\student-management-system\backend\schemas\search.py:177: PydanticDeprecatedSince20: Support for class-based `config` is deprecated, use ConfigDict instead. Deprecated in Pydantic V2.0 to be removed in V3.0. See Pydantic V2 Migration Guide at https://errors.pydantic.dev/2.12/migration/
    class SavedSearchListResponseSchema(BaseModel):

-- Docs: https://docs.pytest.org/en/stable/how-to/capture-warnings.html
✓ Batch 6 completed successfully in 5.7s
  Waiting 2 seconds before next batch...

┌─────────────────────────────────────────┐
│ Batch 7 of 18 (Files: 5)
└─────────────────────────────────────────┘
  • test_environment_detection.py
  • test_environment_module.py
  • test_exception_handlers.py
  • test_export_analytics.py
  • test_grade_calculation_fix.py
ℹ Running tests...
...................                                                      [100%]
============================== warnings summary ===============================
tests/test_exception_handlers.py::test_http_exception_handler_returns_rfc7807
  D:\SMS\student-management-system\backend\schemas\search.py:24: PydanticDeprecatedSince20: Support for class-based `config` is deprecated, use ConfigDict instead. Deprecated in Pydantic V2.0 to be removed in V3.0. See Pydantic V2 Migration Guide at https://errors.pydantic.dev/2.12/migration/
    class StudentSearchResultSchema(BaseModel):

tests/test_exception_handlers.py::test_http_exception_handler_returns_rfc7807
  D:\SMS\student-management-system\backend\schemas\search.py:40: PydanticDeprecatedSince20: Support for class-based `config` is deprecated, use ConfigDict instead. Deprecated in Pydantic V2.0 to be removed in V3.0. See Pydantic V2 Migration Guide at https://errors.pydantic.dev/2.12/migration/
    class CourseSearchResultSchema(BaseModel):

tests/test_exception_handlers.py::test_http_exception_handler_returns_rfc7807
  D:\SMS\student-management-system\backend\schemas\search.py:55: PydanticDeprecatedSince20: Support for class-based `config` is deprecated, use ConfigDict instead. Deprecated in Pydantic V2.0 to be removed in V3.0. See Pydantic V2 Migration Guide at https://errors.pydantic.dev/2.12/migration/
    class GradeSearchResultSchema(BaseModel):

tests/test_exception_handlers.py::test_http_exception_handler_returns_rfc7807
  D:\SMS\student-management-system\backend\schemas\search.py:159: PydanticDeprecatedSince20: Support for class-based `config` is deprecated, use ConfigDict instead. Deprecated in Pydantic V2.0 to be removed in V3.0. See Pydantic V2 Migration Guide at https://errors.pydantic.dev/2.12/migration/
    class SavedSearchResponseSchema(BaseModel):

tests/test_exception_handlers.py::test_http_exception_handler_returns_rfc7807
  D:\SMS\student-management-system\backend\schemas\search.py:177: PydanticDeprecatedSince20: Support for class-based `config` is deprecated, use ConfigDict instead. Deprecated in Pydantic V2.0 to be removed in V3.0. See Pydantic V2 Migration Guide at https://errors.pydantic.dev/2.12/migration/
    class SavedSearchListResponseSchema(BaseModel):

-- Docs: https://docs.pytest.org/en/stable/how-to/capture-warnings.html
✓ Batch 7 completed successfully in 6s
  Waiting 2 seconds before next batch...

┌─────────────────────────────────────────┐
│ Batch 8 of 18 (Files: 5)
└─────────────────────────────────────────┘
  • test_grade_calculation_integration.py
  • test_grade_calculation.py
  • test_grades_router.py
  • test_gzip_middleware.py
  • test_health_checks.py
ℹ Running tests...
...............................                                          [100%]
============================== warnings summary ===============================
schemas\search.py:24
  D:\SMS\student-management-system\backend\schemas\search.py:24: PydanticDeprecatedSince20: Support for class-based `config` is deprecated, use ConfigDict instead. Deprecated in Pydantic V2.0 to be removed in V3.0. See Pydantic V2 Migration Guide at https://errors.pydantic.dev/2.12/migration/
    class StudentSearchResultSchema(BaseModel):

schemas\search.py:40
  D:\SMS\student-management-system\backend\schemas\search.py:40: PydanticDeprecatedSince20: Support for class-based `config` is deprecated, use ConfigDict instead. Deprecated in Pydantic V2.0 to be removed in V3.0. See Pydantic V2 Migration Guide at https://errors.pydantic.dev/2.12/migration/
    class CourseSearchResultSchema(BaseModel):

schemas\search.py:55
  D:\SMS\student-management-system\backend\schemas\search.py:55: PydanticDeprecatedSince20: Support for class-based `config` is deprecated, use ConfigDict instead. Deprecated in Pydantic V2.0 to be removed in V3.0. See Pydantic V2 Migration Guide at https://errors.pydantic.dev/2.12/migration/
    class GradeSearchResultSchema(BaseModel):

schemas\search.py:159
  D:\SMS\student-management-system\backend\schemas\search.py:159: PydanticDeprecatedSince20: Support for class-based `config` is deprecated, use ConfigDict instead. Deprecated in Pydantic V2.0 to be removed in V3.0. See Pydantic V2 Migration Guide at https://errors.pydantic.dev/2.12/migration/
    class SavedSearchResponseSchema(BaseModel):

schemas\search.py:177
  D:\SMS\student-management-system\backend\schemas\search.py:177: PydanticDeprecatedSince20: Support for class-based `config` is deprecated, use ConfigDict instead. Deprecated in Pydantic V2.0 to be removed in V3.0. See Pydantic V2 Migration Guide at https://errors.pydantic.dev/2.12/migration/
    class SavedSearchListResponseSchema(BaseModel):

-- Docs: https://docs.pytest.org/en/stable/how-to/capture-warnings.html
✓ Batch 8 completed successfully in 5.4s
  Waiting 2 seconds before next batch...

┌─────────────────────────────────────────┐
│ Batch 9 of 18 (Files: 5)
└─────────────────────────────────────────┘
  • test_health.py
  • test_import_export.py
  • test_import_resolver_cov.py
  • test_import_resolver.py
  • test_imports_integration.py
ℹ Running tests...
..............................                                           [100%]
============================== warnings summary ===============================
schemas\search.py:24
  D:\SMS\student-management-system\backend\schemas\search.py:24: PydanticDeprecatedSince20: Support for class-based `config` is deprecated, use ConfigDict instead. Deprecated in Pydantic V2.0 to be removed in V3.0. See Pydantic V2 Migration Guide at https://errors.pydantic.dev/2.12/migration/
    class StudentSearchResultSchema(BaseModel):

schemas\search.py:40
  D:\SMS\student-management-system\backend\schemas\search.py:40: PydanticDeprecatedSince20: Support for class-based `config` is deprecated, use ConfigDict instead. Deprecated in Pydantic V2.0 to be removed in V3.0. See Pydantic V2 Migration Guide at https://errors.pydantic.dev/2.12/migration/
    class CourseSearchResultSchema(BaseModel):

schemas\search.py:55
  D:\SMS\student-management-system\backend\schemas\search.py:55: PydanticDeprecatedSince20: Support for class-based `config` is deprecated, use ConfigDict instead. Deprecated in Pydantic V2.0 to be removed in V3.0. See Pydantic V2 Migration Guide at https://errors.pydantic.dev/2.12/migration/
    class GradeSearchResultSchema(BaseModel):

schemas\search.py:159
  D:\SMS\student-management-system\backend\schemas\search.py:159: PydanticDeprecatedSince20: Support for class-based `config` is deprecated, use ConfigDict instead. Deprecated in Pydantic V2.0 to be removed in V3.0. See Pydantic V2 Migration Guide at https://errors.pydantic.dev/2.12/migration/
    class SavedSearchResponseSchema(BaseModel):

schemas\search.py:177
  D:\SMS\student-management-system\backend\schemas\search.py:177: PydanticDeprecatedSince20: Support for class-based `config` is deprecated, use ConfigDict instead. Deprecated in Pydantic V2.0 to be removed in V3.0. See Pydantic V2 Migration Guide at https://errors.pydantic.dev/2.12/migration/
    class SavedSearchListResponseSchema(BaseModel):

-- Docs: https://docs.pytest.org/en/stable/how-to/capture-warnings.html
✓ Batch 9 completed successfully in 9.2s
  Waiting 2 seconds before next batch...

┌─────────────────────────────────────────┐
│ Batch 10 of 18 (Files: 5)
└─────────────────────────────────────────┘
  • test_imports_soft_delete.py
  • test_imports_upload.py
  • test_integration_smoke.py
  • test_jwt_smoke.py
  • test_list_routes.py
ℹ Running tests...
.....s..                                                                 [100%]
============================== warnings summary ===============================
tests/test_imports_soft_delete.py::test_import_students_reactivates_soft_deleted_record
  D:\SMS\student-management-system\backend\schemas\search.py:24: PydanticDeprecatedSince20: Support for class-based `config` is deprecated, use ConfigDict instead. Deprecated in Pydantic V2.0 to be removed in V3.0. See Pydantic V2 Migration Guide at https://errors.pydantic.dev/2.12/migration/
    class StudentSearchResultSchema(BaseModel):

tests/test_imports_soft_delete.py::test_import_students_reactivates_soft_deleted_record
  D:\SMS\student-management-system\backend\schemas\search.py:40: PydanticDeprecatedSince20: Support for class-based `config` is deprecated, use ConfigDict instead. Deprecated in Pydantic V2.0 to be removed in V3.0. See Pydantic V2 Migration Guide at https://errors.pydantic.dev/2.12/migration/
    class CourseSearchResultSchema(BaseModel):

tests/test_imports_soft_delete.py::test_import_students_reactivates_soft_deleted_record
  D:\SMS\student-management-system\backend\schemas\search.py:55: PydanticDeprecatedSince20: Support for class-based `config` is deprecated, use ConfigDict instead. Deprecated in Pydantic V2.0 to be removed in V3.0. See Pydantic V2 Migration Guide at https://errors.pydantic.dev/2.12/migration/
    class GradeSearchResultSchema(BaseModel):

tests/test_imports_soft_delete.py::test_import_students_reactivates_soft_deleted_record
  D:\SMS\student-management-system\backend\schemas\search.py:159: PydanticDeprecatedSince20: Support for class-based `config` is deprecated, use ConfigDict instead. Deprecated in Pydantic V2.0 to be removed in V3.0. See Pydantic V2 Migration Guide at https://errors.pydantic.dev/2.12/migration/
    class SavedSearchResponseSchema(BaseModel):

tests/test_imports_soft_delete.py::test_import_students_reactivates_soft_deleted_record
  D:\SMS\student-management-system\backend\schemas\search.py:177: PydanticDeprecatedSince20: Support for class-based `config` is deprecated, use ConfigDict instead. Deprecated in Pydantic V2.0 to be removed in V3.0. See Pydantic V2 Migration Guide at https://errors.pydantic.dev/2.12/migration/
    class SavedSearchListResponseSchema(BaseModel):

-- Docs: https://docs.pytest.org/en/stable/how-to/capture-warnings.html
=========================== short test summary info ===========================
SKIPPED [1] tests\test_integration_smoke.py:8: Integration tests disabled (set RUN_INTEGRATION=1)
✓ Batch 10 completed successfully in 4.7s
  Waiting 2 seconds before next batch...

┌─────────────────────────────────────────┐
│ Batch 11 of 18 (Files: 5)
└─────────────────────────────────────────┘
  • test_logging_config_cov.py
  • test_logging_config.py
  • test_metrics_simple.py
  • test_metrics.py
  • test_models_relationships.py
ℹ Running tests...
..................                                                       [100%]
============================== warnings summary ===============================
schemas\search.py:24
  D:\SMS\student-management-system\backend\schemas\search.py:24: PydanticDeprecatedSince20: Support for class-based `config` is deprecated, use ConfigDict instead. Deprecated in Pydantic V2.0 to be removed in V3.0. See Pydantic V2 Migration Guide at https://errors.pydantic.dev/2.12/migration/
    class StudentSearchResultSchema(BaseModel):

schemas\search.py:40
  D:\SMS\student-management-system\backend\schemas\search.py:40: PydanticDeprecatedSince20: Support for class-based `config` is deprecated, use ConfigDict instead. Deprecated in Pydantic V2.0 to be removed in V3.0. See Pydantic V2 Migration Guide at https://errors.pydantic.dev/2.12/migration/
    class CourseSearchResultSchema(BaseModel):

schemas\search.py:55
  D:\SMS\student-management-system\backend\schemas\search.py:55: PydanticDeprecatedSince20: Support for class-based `config` is deprecated, use ConfigDict instead. Deprecated in Pydantic V2.0 to be removed in V3.0. See Pydantic V2 Migration Guide at https://errors.pydantic.dev/2.12/migration/
    class GradeSearchResultSchema(BaseModel):

schemas\search.py:159
  D:\SMS\student-management-system\backend\schemas\search.py:159: PydanticDeprecatedSince20: Support for class-based `config` is deprecated, use ConfigDict instead. Deprecated in Pydantic V2.0 to be removed in V3.0. See Pydantic V2 Migration Guide at https://errors.pydantic.dev/2.12/migration/
    class SavedSearchResponseSchema(BaseModel):

schemas\search.py:177
  D:\SMS\student-management-system\backend\schemas\search.py:177: PydanticDeprecatedSince20: Support for class-based `config` is deprecated, use ConfigDict instead. Deprecated in Pydantic V2.0 to be removed in V3.0. See Pydantic V2 Migration Guide at https://errors.pydantic.dev/2.12/migration/
    class SavedSearchListResponseSchema(BaseModel):

-- Docs: https://docs.pytest.org/en/stable/how-to/capture-warnings.html
✓ Batch 11 completed successfully in 4.7s
  Waiting 2 seconds before next batch...

┌─────────────────────────────────────────┐
│ Batch 12 of 18 (Files: 5)
└─────────────────────────────────────────┘
  • test_notifications_router.py
  • test_password_rehash.py
  • test_performance_monitor.py
  • test_permissions_api.py
  • test_rate_limit_enforcement.py
ℹ Running tests...
..........................................................               [100%]
============================== warnings summary ===============================
tests/test_notifications_router.py::test_websocket_missing_token
  D:\SMS\student-management-system\backend\schemas\search.py:24: PydanticDeprecatedSince20: Support for class-based `config` is deprecated, use ConfigDict instead. Deprecated in Pydantic V2.0 to be removed in V3.0. See Pydantic V2 Migration Guide at https://errors.pydantic.dev/2.12/migration/
    class StudentSearchResultSchema(BaseModel):

tests/test_notifications_router.py::test_websocket_missing_token
  D:\SMS\student-management-system\backend\schemas\search.py:40: PydanticDeprecatedSince20: Support for class-based `config` is deprecated, use ConfigDict instead. Deprecated in Pydantic V2.0 to be removed in V3.0. See Pydantic V2 Migration Guide at https://errors.pydantic.dev/2.12/migration/
    class CourseSearchResultSchema(BaseModel):

tests/test_notifications_router.py::test_websocket_missing_token
  D:\SMS\student-management-system\backend\schemas\search.py:55: PydanticDeprecatedSince20: Support for class-based `config` is deprecated, use ConfigDict instead. Deprecated in Pydantic V2.0 to be removed in V3.0. See Pydantic V2 Migration Guide at https://errors.pydantic.dev/2.12/migration/
    class GradeSearchResultSchema(BaseModel):

tests/test_notifications_router.py::test_websocket_missing_token
  D:\SMS\student-management-system\backend\schemas\search.py:159: PydanticDeprecatedSince20: Support for class-based `config` is deprecated, use ConfigDict instead. Deprecated in Pydantic V2.0 to be removed in V3.0. See Pydantic V2 Migration Guide at https://errors.pydantic.dev/2.12/migration/
    class SavedSearchResponseSchema(BaseModel):

tests/test_notifications_router.py::test_websocket_missing_token
  D:\SMS\student-management-system\backend\schemas\search.py:177: PydanticDeprecatedSince20: Support for class-based `config` is deprecated, use ConfigDict instead. Deprecated in Pydantic V2.0 to be removed in V3.0. See Pydantic V2 Migration Guide at https://errors.pydantic.dev/2.12/migration/
    class SavedSearchListResponseSchema(BaseModel):

-- Docs: https://docs.pytest.org/en/stable/how-to/capture-warnings.html
✓ Batch 12 completed successfully in 5.9s
  Waiting 2 seconds before next batch...

┌─────────────────────────────────────────┐
│ Batch 13 of 18 (Files: 5)
└─────────────────────────────────────────┘
  • test_rate_limiting.py
  • test_rbac_enforcement.py
  • test_rbac_router.py
  • test_rbac_templates.py
  • test_rbac.py
ℹ Running tests...
............sssssssssssssssssssssssssssssssssssssssssssss..........      [100%]
============================== warnings summary ===============================
tests/test_rbac_enforcement.py::test_rbac_blocks_anonymous_on_write
  D:\SMS\student-management-system\backend\schemas\search.py:24: PydanticDeprecatedSince20: Support for class-based `config` is deprecated, use ConfigDict instead. Deprecated in Pydantic V2.0 to be removed in V3.0. See Pydantic V2 Migration Guide at https://errors.pydantic.dev/2.12/migration/
    class StudentSearchResultSchema(BaseModel):

tests/test_rbac_enforcement.py::test_rbac_blocks_anonymous_on_write
  D:\SMS\student-management-system\backend\schemas\search.py:40: PydanticDeprecatedSince20: Support for class-based `config` is deprecated, use ConfigDict instead. Deprecated in Pydantic V2.0 to be removed in V3.0. See Pydantic V2 Migration Guide at https://errors.pydantic.dev/2.12/migration/
    class CourseSearchResultSchema(BaseModel):

tests/test_rbac_enforcement.py::test_rbac_blocks_anonymous_on_write
  D:\SMS\student-management-system\backend\schemas\search.py:55: PydanticDeprecatedSince20: Support for class-based `config` is deprecated, use ConfigDict instead. Deprecated in Pydantic V2.0 to be removed in V3.0. See Pydantic V2 Migration Guide at https://errors.pydantic.dev/2.12/migration/
    class GradeSearchResultSchema(BaseModel):

tests/test_rbac_enforcement.py::test_rbac_blocks_anonymous_on_write
  D:\SMS\student-management-system\backend\schemas\search.py:159: PydanticDeprecatedSince20: Support for class-based `config` is deprecated, use ConfigDict instead. Deprecated in Pydantic V2.0 to be removed in V3.0. See Pydantic V2 Migration Guide at https://errors.pydantic.dev/2.12/migration/
    class SavedSearchResponseSchema(BaseModel):

tests/test_rbac_enforcement.py::test_rbac_blocks_anonymous_on_write
  D:\SMS\student-management-system\backend\schemas\search.py:177: PydanticDeprecatedSince20: Support for class-based `config` is deprecated, use ConfigDict instead. Deprecated in Pydantic V2.0 to be removed in V3.0. See Pydantic V2 Migration Guide at https://errors.pydantic.dev/2.12/migration/
    class SavedSearchListResponseSchema(BaseModel):

-- Docs: https://docs.pytest.org/en/stable/how-to/capture-warnings.html
=========================== short test summary info ===========================
SKIPPED [1] tests\test_rbac_templates.py:13: TODO: Implement in Phase 2 RBAC execution (Week 1-2)
SKIPPED [1] tests\test_rbac_templates.py:19: TODO: Implement in Phase 2 RBAC execution (Week 1-2)
SKIPPED [1] tests\test_rbac_templates.py:25: TODO: Implement in Phase 2 RBAC execution (Week 1-2)
SKIPPED [1] tests\test_rbac_templates.py:31: TODO: Implement in Phase 2 RBAC execution (Week 1-2)
SKIPPED [1] tests\test_rbac_templates.py:37: TODO: Implement in Phase 2 RBAC execution (Week 1-2)
SKIPPED [1] tests\test_rbac_templates.py:43: TODO: Implement in Phase 2 RBAC execution (Week 1-2)
SKIPPED [1] tests\test_rbac_templates.py:49: TODO: Implement in Phase 2 RBAC execution (Week 1-2)
SKIPPED [1] tests\test_rbac_templates.py:55: TODO: Implement in Phase 2 RBAC execution (Week 1-2)
SKIPPED [1] tests\test_rbac_templates.py:61: TODO: Implement in Phase 2 RBAC execution (Week 1-2)
SKIPPED [1] tests\test_rbac_templates.py:67: TODO: Implement in Phase 2 RBAC execution (Week 1-2)
SKIPPED [1] tests\test_rbac_templates.py:73: TODO: Implement in Phase 2 RBAC execution (Week 1-2)
SKIPPED [1] tests\test_rbac_templates.py:79: TODO: Implement in Phase 2 RBAC execution (Week 1-2)
SKIPPED [1] tests\test_rbac_templates.py:85: TODO: Implement in Phase 2 RBAC execution (Week 1-2)
SKIPPED [1] tests\test_rbac_templates.py:91: TODO: Implement in Phase 2 RBAC execution (Week 1-2)
SKIPPED [1] tests\test_rbac_templates.py:97: TODO: Implement in Phase 2 RBAC execution (Week 1-2)
SKIPPED [1] tests\test_rbac_templates.py:103: TODO: Implement in Phase 2 RBAC execution (Week 1-2)
SKIPPED [1] tests\test_rbac_templates.py:109: TODO: Implement in Phase 2 RBAC execution (Week 1-2)
SKIPPED [1] tests\test_rbac_templates.py:115: TODO: Implement in Phase 2 RBAC execution (Week 1-2)
SKIPPED [1] tests\test_rbac_templates.py:121: TODO: Implement in Phase 2 RBAC execution (Week 1-2)
SKIPPED [1] tests\test_rbac_templates.py:127: TODO: Implement in Phase 2 RBAC execution (Week 1-2)
SKIPPED [1] tests\test_rbac_templates.py:133: TODO: Implement in Phase 2 RBAC execution (Week 1-2)
SKIPPED [1] tests\test_rbac_templates.py:139: TODO: Implement in Phase 2 RBAC execution (Week 1-2)
SKIPPED [1] tests\test_rbac_templates.py:145: TODO: Implement in Phase 2 RBAC execution (Week 1-2)
SKIPPED [1] tests\test_rbac_templates.py:151: TODO: Implement in Phase 2 RBAC execution (Week 1-2)
SKIPPED [1] tests\test_rbac_templates.py:157: TODO: Implement in Phase 2 RBAC execution (Week 1-2)
SKIPPED [1] tests\test_rbac_templates.py:163: TODO: Implement in Phase 2 RBAC execution (Week 1-2)
SKIPPED [1] tests\test_rbac_templates.py:169: TODO: Implement in Phase 2 RBAC execution (Week 1-2)
SKIPPED [1] tests\test_rbac_templates.py:175: TODO: Implement in Phase 2 RBAC execution (Week 1-2)
SKIPPED [1] tests\test_rbac_templates.py:181: TODO: Implement in Phase 2 RBAC execution (Week 1-2)
SKIPPED [1] tests\test_rbac_templates.py:187: TODO: Implement in Phase 2 RBAC execution (Week 1-2)
SKIPPED [1] tests\test_rbac_templates.py:193: TODO: Implement in Phase 2 RBAC execution (Week 1-2)
SKIPPED [1] tests\test_rbac_templates.py:199: TODO: Implement in Phase 2 RBAC execution (Week 1-2)
SKIPPED [1] tests\test_rbac_templates.py:205: TODO: Implement in Phase 2 RBAC execution (Week 1-2)
SKIPPED [1] tests\test_rbac_templates.py:211: TODO: Implement in Phase 2 RBAC execution (Week 1-2)
SKIPPED [1] tests\test_rbac_templates.py:217: TODO: Implement in Phase 2 RBAC execution (Week 1-2)
SKIPPED [1] tests\test_rbac_templates.py:223: TODO: Implement in Phase 2 RBAC execution (Week 1-2)
SKIPPED [1] tests\test_rbac_templates.py:229: TODO: Implement in Phase 2 RBAC execution (Week 1-2)
SKIPPED [1] tests\test_rbac_templates.py:235: TODO: Implement in Phase 2 RBAC execution (Week 1-2)
SKIPPED [1] tests\test_rbac_templates.py:241: TODO: Implement in Phase 2 RBAC execution (Week 1-2)
SKIPPED [1] tests\test_rbac_templates.py:247: TODO: Implement in Phase 2 RBAC execution (Week 1-2)
SKIPPED [1] tests\test_rbac_templates.py:253: TODO: Implement in Phase 2 RBAC execution (Week 1-2)
SKIPPED [1] tests\test_rbac_templates.py:259: TODO: Implement in Phase 2 RBAC execution (Week 1-2)
SKIPPED [1] tests\test_rbac_templates.py:265: TODO: Implement in Phase 2 RBAC execution (Week 1-2)
SKIPPED [1] tests\test_rbac_templates.py:271: TODO: Implement in Phase 2 RBAC execution (Week 1-2)
SKIPPED [1] tests\test_rbac_templates.py:277: TODO: Implement in Phase 2 RBAC execution (Week 1-2)
✓ Batch 13 completed successfully in 6.1s
  Waiting 2 seconds before next batch...

┌─────────────────────────────────────────┐
│ Batch 14 of 18 (Files: 5)
└─────────────────────────────────────────┘
  • test_register_role_enforcement.py
  • test_reports_router.py
  • test_request_id_middleware.py
  • test_request_id.py
  • test_response_cache_middleware.py
ℹ Running tests...
...........................                                              [100%]
============================== warnings summary ===============================
tests/test_register_role_enforcement.py::test_public_registration_cannot_set_admin
  D:\SMS\student-management-system\backend\schemas\search.py:24: PydanticDeprecatedSince20: Support for class-based `config` is deprecated, use ConfigDict instead. Deprecated in Pydantic V2.0 to be removed in V3.0. See Pydantic V2 Migration Guide at https://errors.pydantic.dev/2.12/migration/
    class StudentSearchResultSchema(BaseModel):

tests/test_register_role_enforcement.py::test_public_registration_cannot_set_admin
  D:\SMS\student-management-system\backend\schemas\search.py:40: PydanticDeprecatedSince20: Support for class-based `config` is deprecated, use ConfigDict instead. Deprecated in Pydantic V2.0 to be removed in V3.0. See Pydantic V2 Migration Guide at https://errors.pydantic.dev/2.12/migration/
    class CourseSearchResultSchema(BaseModel):

tests/test_register_role_enforcement.py::test_public_registration_cannot_set_admin
  D:\SMS\student-management-system\backend\schemas\search.py:55: PydanticDeprecatedSince20: Support for class-based `config` is deprecated, use ConfigDict instead. Deprecated in Pydantic V2.0 to be removed in V3.0. See Pydantic V2 Migration Guide at https://errors.pydantic.dev/2.12/migration/
    class GradeSearchResultSchema(BaseModel):

tests/test_register_role_enforcement.py::test_public_registration_cannot_set_admin
  D:\SMS\student-management-system\backend\schemas\search.py:159: PydanticDeprecatedSince20: Support for class-based `config` is deprecated, use ConfigDict instead. Deprecated in Pydantic V2.0 to be removed in V3.0. See Pydantic V2 Migration Guide at https://errors.pydantic.dev/2.12/migration/
    class SavedSearchResponseSchema(BaseModel):

tests/test_register_role_enforcement.py::test_public_registration_cannot_set_admin
  D:\SMS\student-management-system\backend\schemas\search.py:177: PydanticDeprecatedSince20: Support for class-based `config` is deprecated, use ConfigDict instead. Deprecated in Pydantic V2.0 to be removed in V3.0. See Pydantic V2 Migration Guide at https://errors.pydantic.dev/2.12/migration/
    class SavedSearchListResponseSchema(BaseModel):

-- Docs: https://docs.pytest.org/en/stable/how-to/capture-warnings.html
✓ Batch 14 completed successfully in 9.6s
  Waiting 2 seconds before next batch...

┌─────────────────────────────────────────┐
│ Batch 15 of 18 (Files: 5)
└─────────────────────────────────────────┘
  • test_response_schemas.py
  • test_routers_imports.py
  • test_run_migrations_repo_root.py
  • test_run_migrations_unit.py
  • test_run_migrations.py
ℹ Running tests...
.....................................                                    [100%]
============================== warnings summary ===============================
schemas\search.py:24
  D:\SMS\student-management-system\backend\schemas\search.py:24: PydanticDeprecatedSince20: Support for class-based `config` is deprecated, use ConfigDict instead. Deprecated in Pydantic V2.0 to be removed in V3.0. See Pydantic V2 Migration Guide at https://errors.pydantic.dev/2.12/migration/
    class StudentSearchResultSchema(BaseModel):

schemas\search.py:40
  D:\SMS\student-management-system\backend\schemas\search.py:40: PydanticDeprecatedSince20: Support for class-based `config` is deprecated, use ConfigDict instead. Deprecated in Pydantic V2.0 to be removed in V3.0. See Pydantic V2 Migration Guide at https://errors.pydantic.dev/2.12/migration/
    class CourseSearchResultSchema(BaseModel):

schemas\search.py:55
  D:\SMS\student-management-system\backend\schemas\search.py:55: PydanticDeprecatedSince20: Support for class-based `config` is deprecated, use ConfigDict instead. Deprecated in Pydantic V2.0 to be removed in V3.0. See Pydantic V2 Migration Guide at https://errors.pydantic.dev/2.12/migration/
    class GradeSearchResultSchema(BaseModel):

schemas\search.py:159
  D:\SMS\student-management-system\backend\schemas\search.py:159: PydanticDeprecatedSince20: Support for class-based `config` is deprecated, use ConfigDict instead. Deprecated in Pydantic V2.0 to be removed in V3.0. See Pydantic V2 Migration Guide at https://errors.pydantic.dev/2.12/migration/
    class SavedSearchResponseSchema(BaseModel):

schemas\search.py:177
  D:\SMS\student-management-system\backend\schemas\search.py:177: PydanticDeprecatedSince20: Support for class-based `config` is deprecated, use ConfigDict instead. Deprecated in Pydantic V2.0 to be removed in V3.0. See Pydantic V2 Migration Guide at https://errors.pydantic.dev/2.12/migration/
    class SavedSearchListResponseSchema(BaseModel):

-- Docs: https://docs.pytest.org/en/stable/how-to/capture-warnings.html
✓ Batch 15 completed successfully in 20.2s
  Waiting 2 seconds before next batch...

┌─────────────────────────────────────────┐
│ Batch 16 of 18 (Files: 5)
└─────────────────────────────────────────┘
  • test_saved_search_integration.py
  • test_schemas_students.py
  • test_search_api_endpoints.py
  • test_search_integration.py
  • test_search_service.py
ℹ Running tests...
........................................................................ [ 51%]
.....................................................................    [100%]
============================== warnings summary ===============================
schemas\search.py:24
  D:\SMS\student-management-system\backend\schemas\search.py:24: PydanticDeprecatedSince20: Support for class-based `config` is deprecated, use ConfigDict instead. Deprecated in Pydantic V2.0 to be removed in V3.0. See Pydantic V2 Migration Guide at https://errors.pydantic.dev/2.12/migration/
    class StudentSearchResultSchema(BaseModel):

schemas\search.py:40
  D:\SMS\student-management-system\backend\schemas\search.py:40: PydanticDeprecatedSince20: Support for class-based `config` is deprecated, use ConfigDict instead. Deprecated in Pydantic V2.0 to be removed in V3.0. See Pydantic V2 Migration Guide at https://errors.pydantic.dev/2.12/migration/
    class CourseSearchResultSchema(BaseModel):

schemas\search.py:55
  D:\SMS\student-management-system\backend\schemas\search.py:55: PydanticDeprecatedSince20: Support for class-based `config` is deprecated, use ConfigDict instead. Deprecated in Pydantic V2.0 to be removed in V3.0. See Pydantic V2 Migration Guide at https://errors.pydantic.dev/2.12/migration/
    class GradeSearchResultSchema(BaseModel):

schemas\search.py:159
  D:\SMS\student-management-system\backend\schemas\search.py:159: PydanticDeprecatedSince20: Support for class-based `config` is deprecated, use ConfigDict instead. Deprecated in Pydantic V2.0 to be removed in V3.0. See Pydantic V2 Migration Guide at https://errors.pydantic.dev/2.12/migration/
    class SavedSearchResponseSchema(BaseModel):

schemas\search.py:177
  D:\SMS\student-management-system\backend\schemas\search.py:177: PydanticDeprecatedSince20: Support for class-based `config` is deprecated, use ConfigDict instead. Deprecated in Pydantic V2.0 to be removed in V3.0. See Pydantic V2 Migration Guide at https://errors.pydantic.dev/2.12/migration/
    class SavedSearchListResponseSchema(BaseModel):

tests/test_saved_search_integration.py::TestSavedSearchCRUD::test_update_saved_search
  D:\SMS\student-management-system\backend\services\saved_search_service.py:189: PydanticDeprecatedSince20: The `dict` method is deprecated; use `model_dump` instead. Deprecated in Pydantic V2.0 to be removed in V3.0. See Pydantic V2 Migration Guide at https://errors.pydantic.dev/2.12/migration/
    update_dict = update_data.dict(exclude_unset=True)

tests/test_search_api_endpoints.py::TestErrorHandling::test_invalid_json
  C:\Users\Vasilis\AppData\Local\Programs\Python\Python313\Lib\site-packages\httpx\_models.py:408: DeprecationWarning: Use 'content=<...>' to upload raw bytes/text content.
    headers, stream = encode_request(

-- Docs: https://docs.pytest.org/en/stable/how-to/capture-warnings.html
✓ Batch 16 completed successfully in 6.6s
  Waiting 2 seconds before next batch...

┌─────────────────────────────────────────┐
│ Batch 17 of 18 (Files: 5)
└─────────────────────────────────────────┘
  • test_services_analytics.py
  • test_sessions_router.py
  • test_soft_delete_filtering.py
  • test_students_import.py
  • test_students_router.py
ℹ Running tests...
...................................                                      [100%]
============================== warnings summary ===============================
schemas\search.py:24
  D:\SMS\student-management-system\backend\schemas\search.py:24: PydanticDeprecatedSince20: Support for class-based `config` is deprecated, use ConfigDict instead. Deprecated in Pydantic V2.0 to be removed in V3.0. See Pydantic V2 Migration Guide at https://errors.pydantic.dev/2.12/migration/
    class StudentSearchResultSchema(BaseModel):

schemas\search.py:40
  D:\SMS\student-management-system\backend\schemas\search.py:40: PydanticDeprecatedSince20: Support for class-based `config` is deprecated, use ConfigDict instead. Deprecated in Pydantic V2.0 to be removed in V3.0. See Pydantic V2 Migration Guide at https://errors.pydantic.dev/2.12/migration/
    class CourseSearchResultSchema(BaseModel):

schemas\search.py:55
  D:\SMS\student-management-system\backend\schemas\search.py:55: PydanticDeprecatedSince20: Support for class-based `config` is deprecated, use ConfigDict instead. Deprecated in Pydantic V2.0 to be removed in V3.0. See Pydantic V2 Migration Guide at https://errors.pydantic.dev/2.12/migration/
    class GradeSearchResultSchema(BaseModel):

schemas\search.py:159
  D:\SMS\student-management-system\backend\schemas\search.py:159: PydanticDeprecatedSince20: Support for class-based `config` is deprecated, use ConfigDict instead. Deprecated in Pydantic V2.0 to be removed in V3.0. See Pydantic V2 Migration Guide at https://errors.pydantic.dev/2.12/migration/
    class SavedSearchResponseSchema(BaseModel):

schemas\search.py:177
  D:\SMS\student-management-system\backend\schemas\search.py:177: PydanticDeprecatedSince20: Support for class-based `config` is deprecated, use ConfigDict instead. Deprecated in Pydantic V2.0 to be removed in V3.0. See Pydantic V2 Migration Guide at https://errors.pydantic.dev/2.12/migration/
    class SavedSearchListResponseSchema(BaseModel):

-- Docs: https://docs.pytest.org/en/stable/how-to/capture-warnings.html
✓ Batch 17 completed successfully in 5.2s
  Waiting 2 seconds before next batch...

┌─────────────────────────────────────────┐
│ Batch 18 of 18 (Files: 3)
└─────────────────────────────────────────┘
  • test_timing_middleware.py
  • test_version_consistency.py
  • test_websocket.py
ℹ Running tests...
.......sss...................                                            [100%]
============================== warnings summary ===============================
schemas\search.py:24
  D:\SMS\student-management-system\backend\schemas\search.py:24: PydanticDeprecatedSince20: Support for class-based `config` is deprecated, use ConfigDict instead. Deprecated in Pydantic V2.0 to be removed in V3.0. See Pydantic V2 Migration Guide at https://errors.pydantic.dev/2.12/migration/
    class StudentSearchResultSchema(BaseModel):

schemas\search.py:40
  D:\SMS\student-management-system\backend\schemas\search.py:40: PydanticDeprecatedSince20: Support for class-based `config` is deprecated, use ConfigDict instead. Deprecated in Pydantic V2.0 to be removed in V3.0. See Pydantic V2 Migration Guide at https://errors.pydantic.dev/2.12/migration/
    class CourseSearchResultSchema(BaseModel):

schemas\search.py:55
  D:\SMS\student-management-system\backend\schemas\search.py:55: PydanticDeprecatedSince20: Support for class-based `config` is deprecated, use ConfigDict instead. Deprecated in Pydantic V2.0 to be removed in V3.0. See Pydantic V2 Migration Guide at https://errors.pydantic.dev/2.12/migration/
    class GradeSearchResultSchema(BaseModel):

schemas\search.py:159
  D:\SMS\student-management-system\backend\schemas\search.py:159: PydanticDeprecatedSince20: Support for class-based `config` is deprecated, use ConfigDict instead. Deprecated in Pydantic V2.0 to be removed in V3.0. See Pydantic V2 Migration Guide at https://errors.pydantic.dev/2.12/migration/
    class SavedSearchResponseSchema(BaseModel):

schemas\search.py:177
  D:\SMS\student-management-system\backend\schemas\search.py:177: PydanticDeprecatedSince20: Support for class-based `config` is deprecated, use ConfigDict instead. Deprecated in Pydantic V2.0 to be removed in V3.0. See Pydantic V2 Migration Guide at https://errors.pydantic.dev/2.12/migration/
    class SavedSearchListResponseSchema(BaseModel):

-- Docs: https://docs.pytest.org/en/stable/how-to/capture-warnings.html
=========================== short test summary info ===========================
SKIPPED [1] tests\test_version_consistency.py:134: DOCUMENTATION_INDEX.md not found
SKIPPED [1] tests\test_version_consistency.py:163: SMS_INSTALLER_WIZARD.ps1 not found
SKIPPED [1] tests\test_version_consistency.py:178: SMS_UNINSTALLER_WIZARD.ps1 not found
✓ Batch 18 completed successfully in 2.4s

╔════════════════════════════════════════╗
║          TEST EXECUTION SUMMARY        ║
╚════════════════════════════════════════╝

Batches:
  Total:   18
✓   Completed: 18

Tests:
  Total:   0

Duration: 167.8s

✓ All tests passed! 🎉
✅ Backend tests passed

─────────────────────────────────────────────────
 Frontend: Vitest
─────────────────────────────────────────────────
ℹ️  Running fast frontend tests only...
✅ Frontend tests passed

╔══════════════════════════════════════════════════════════════╗
║  Phase 4: Git Remote Synchronization                          ║
╚══════════════════════════════════════════════════════════════╝

ℹ️  Updating remote references...
✅ Git remote is synchronized (or local is ahead)

╔══════════════════════════════════════════════════════════════╗
║  Phase 4: Automated Cleanup                                   ║
╚══════════════════════════════════════════════════════════════╝


─────────────────────────────────────────────────
 Python Cache Cleanup
─────────────────────────────────────────────────
✅ Removed 15 Python cache items

─────────────────────────────────────────────────
 Node.js Cache Cleanup
─────────────────────────────────────────────────
ℹ️  Node cache already clean

─────────────────────────────────────────────────
 Build Artifacts Cleanup
─────────────────────────────────────────────────
✅ Removed dist

─────────────────────────────────────────────────
 Temporary Files Cleanup
─────────────────────────────────────────────────
✅ Removed 15 temporary files

─────────────────────────────────────────────────
 Legacy Artifacts Cleanup
─────────────────────────────────────────────────
ℹ️  Total space freed: 6.49 MB

╔══════════════════════════════════════════════════════════════╗
║  Phase 5: Documentation and Git Status                        ║
╚══════════════════════════════════════════════════════════════╝


─────────────────────────────────────────────────
 Key Documentation Check
─────────────────────────────────────────────────
✅ README.md exists
✅ CHANGELOG.md exists
✅ docs/DOCUMENTATION_INDEX.md exists
✅ DOCUMENTATION_INDEX.md found in docs/ (acceptable)

─────────────────────────────────────────────────
 Git Status
─────────────────────────────────────────────────
ℹ️  Uncommitted changes detected:
 M CHANGELOG.md  M COMMIT_READY.ps1  D FRONTEND_401_FIX_ANALYSIS.md  D RELEASE_EXECUTION_SUMMARY_v1.18.0.md  D RELEASE_v1.18.0_COMPLETE.md  M backend/data/imports/1_courses.csv  M backend/data/imports/1_grades.csv  M backend/data/imports/1_students.csv MM backend/tests/conftest.py  M docs/development/FRONTEND_HOOKS_REFERENCE.md  M docs/misc/CI_CD_SECOND_ROUND_FIXES_JAN20.md  M docs/misc/SECURITY.md  M docs/plans/PHASE4_READINESS_COMPLETE.md  M docs/plans/UNIFIED_WORK_PLAN.md  M docs/releases/DEPLOYMENT_CHECKLIST_v1.17.3.md  M docs/releases/DEPLOYMENT_CHECKLIST_v1.18.0.md  M docs/releases/GITHUB_RELEASE_v1.17.3.md  M docs/releases/PERFORMANCE_BENCHMARK_RESULTS_v1.17.3.md  M docs/releases/PERFORMANCE_BENCHMARK_RESULTS_v1.18.0.md  M docs/releases/RELEASE_MANIFEST_v1.17.3.md  M docs/releases/RELEASE_NOTES_v1.17.3.md  M docs/releases/RELEASE_NOTES_v1.18.0.md  M frontend/tests/e2e/advanced_search.spec.ts ?? commit_ready_20260124-095159.log ?? data/imports/

─────────────────────────────────────────────────
 Root Documentation Whitelist
─────────────────────────────────────────────────
✅ Root documentation whitelist satisfied

╔══════════════════════════════════════════════════════════════╗
║  Execution Summary                                            ║
╚══════════════════════════════════════════════════════════════╝

Mode: quick
Duration: 347.5s

Code Quality:
  ✅ Docs & Version Sync
  ✅ Version Consistency
  ✅ Version Format
  ❌ Backend Ruff
  ✅ Backend MyPy
  ✅ Frontend ESLint
  ✅ Markdown Lint
  ✅ TypeScript
  ✅ Translation Integrity

Tests:
  ✅ Backend Dependencies
  ✅ Conftest Config
  ✅ Backend pytest
  ✅ Frontend Vitest

Health Checks:
  ✅ Git Remote

Cleanup:
  ✅ Python Cache (15 items)
  ✅ Node Cache (Already clean)
  ✅ Build Artifacts
  ✅ Temp Files (15 files removed)

= * 60
[FAIL] SOME CHECKS FAILED - REVIEW AND FIX
= * 60
**********************
PowerShell transcript end
End time: 20260124095746
**********************
