**********************
PowerShell transcript start
Start time: 20260207210536
Username: REC\Vasilis
RunAs User: REC\Vasilis
Configuration Name: 
Machine: REC (Microsoft Windows NT 10.0.26300.0)
Host Application: C:\Program Files\PowerShell\7\pwsh.dll -NoProfile -ExecutionPolicy Bypass -File D:\SMS\student-management-system\COMMIT_READY.ps1 -Quick
Process ID: 15172
PSVersion: 7.5.4
PSEdition: Core
GitCommitId: 7.5.4
OS: Microsoft Windows 10.0.26300
Platform: Win32NT
PSCompatibleVersions: 1.0, 2.0, 3.0, 4.0, 5.0, 5.1, 6.0, 7.0
PSRemotingProtocolVersion: 2.3
SerializationVersion: 1.1.0.1
WSManStackVersion: 3.0
**********************
--------------------------------------------------------------
 COMMIT READY - Pre-Commit Verification
 Student Management System v1.17.7
--------------------------------------------------------------

Mode: quick
Started: 2026-02-07 21:05:36
Log file: D:\SMS\student-management-system\commit_ready_20260207-210536.log


╔══════════════════════════════════════════════════════════════╗
║  Phase A: Version Propagation & Docs Update                   ║
╚══════════════════════════════════════════════════════════════╝

ℹ️  Version sync to package.json skipped (use -SyncVersion or -AutoFix to enable)
ℹ️  Docs update skipped (use -UpdateDocs or -AutoFix to enable)

╔══════════════════════════════════════════════════════════════╗
║  Phase 0: Version Consistency                                 ║
╚══════════════════════════════════════════════════════════════╝

ℹ️  Running comprehensive version verification...

 + ======================================================================
SMS Version Verification Tool
======================================================================
ℹ️  Using version from VERSION file: 1.17.7
ℹ️  Target version: 1.17.7
ℹ️  Mode: CHECK ONLY

 + ======================================================================
Checking Version References
======================================================================
✅ VERSION file: 1.17.7 (correct)
✅ Backend main.py docstring: 1.17.7 (correct)
✅ Frontend package.json: 1.17.7 (correct)
✅ User guide version: 1.17.7 (correct)
✅ Developer guide version: 1.17.7 (correct)
✅ Documentation index version: 1.17.7 (correct)
✅ COMMIT_READY.ps1 version: 1.17.7 (correct)
✅ INSTALLER_BUILDER.ps1 version: 1.17.7 (correct)

 + ======================================================================
Verification Summary
======================================================================
Total checks:       8
Consistent:         8
Inconsistent:       0
Updated:            0
Failed:             0

✅ Version verification completed successfully!
✅ All version references consistent across codebase

╔══════════════════════════════════════════════════════════════╗
║  Phase 0.5: Version Format Enforcement                        ║
╚══════════════════════════════════════════════════════════════╝

✅ Version format valid: 1.17.7

─────────────────────────────────────────────────
 Backend: Ensure Python Dependencies
─────────────────────────────────────────────────
ℹ️  Installing runtime requirements (pip) from requirements.txt
