**********************
PowerShell transcript start
Start time: 20260127174723
Username: REC\Vasilis
RunAs User: REC\Vasilis
Configuration Name: 
Machine: REC (Microsoft Windows NT 10.0.26220.0)
Host Application: C:\Program Files\PowerShell\7\pwsh.dll -noexit -command try { . "c:\Users\Vasilis\AppData\Local\Programs\Microsoft VS Code\resources\app\out\vs\workbench\contrib\terminal\common\scripts\shellIntegration.ps1" } catch {}
Process ID: 81588
PSVersion: 7.5.4
PSEdition: Core
GitCommitId: 7.5.4
OS: Microsoft Windows 10.0.26220
Platform: Win32NT
PSCompatibleVersions: 1.0, 2.0, 3.0, 4.0, 5.0, 5.1, 6.0, 7.0
PSRemotingProtocolVersion: 2.3
SerializationVersion: 1.1.0.1
WSManStackVersion: 3.0
**********************
--------------------------------------------------------------
 COMMIT READY - Pre-Commit Verification
 Student Management System v1.17.5
--------------------------------------------------------------

Mode: quick
Started: 2026-01-27 17:47:24
Log file: D:\SMS\student-management-system\commit_ready_20260127-174723.log


╔══════════════════════════════════════════════════════════════╗
║  Phase A: Version Propagation & Docs Update                   ║
╚══════════════════════════════════════════════════════════════╝

ℹ️  Version sync to package.json skipped (use -SyncVersion or -AutoFix to enable)
ℹ️  Docs update skipped (use -UpdateDocs or -AutoFix to enable)

╔══════════════════════════════════════════════════════════════╗
║  Phase 0: Version Consistency                                 ║
╚══════════════════════════════════════════════════════════════╝

ℹ️  Running comprehensive version verification...

 + ======================================================================
SMS Version Verification Tool
======================================================================
ℹ️  Using version from VERSION file: 1.17.5
ℹ️  Target version: 1.17.5
ℹ️  Mode: CHECK ONLY

 + ======================================================================
Checking Version References
======================================================================
✅ VERSION file: 1.17.5 (correct)
✅ Backend main.py docstring: 1.17.5 (correct)
✅ Frontend package.json: 1.17.5 (correct)
✅ User guide version: 1.17.5 (correct)
✅ Developer guide version: 1.17.5 (correct)
✅ Documentation index version: 1.17.5 (correct)
✅ COMMIT_READY.ps1 version: 1.17.5 (correct)
✅ INSTALLER_BUILDER.ps1 version: 1.17.5 (correct)

 + ======================================================================
Verification Summary
======================================================================
Total checks:       8
Consistent:         8
Inconsistent:       0
Updated:            0
Failed:             0

✅ Version verification completed successfully!
✅ All version references consistent across codebase

╔══════════════════════════════════════════════════════════════╗
║  Phase 0.5: Version Format Enforcement                        ║
╚══════════════════════════════════════════════════════════════╝

✅ Version format valid: 1.17.5

─────────────────────────────────────────────────
 Backend: Ensure Python Dependencies
─────────────────────────────────────────────────
ℹ️  Installing runtime requirements (pip) from requirements.txt
ℹ️  Installing dev requirements (pip)
✅ Backend dependencies ensured

╔══════════════════════════════════════════════════════════════╗
║  Phase 1: Smoke Test - Conftest Config                        ║
╚══════════════════════════════════════════════════════════════╝

ℹ️  Checking D:\SMS\student-management-system\backend\tests\conftest.py for secure test settings...
✅ conftest.py: AUTH_ENABLED=False verified

╔══════════════════════════════════════════════════════════════╗
║  Phase 0: Pre-commit Hook Validation                          ║
╚══════════════════════════════════════════════════════════════╝

ℹ️  Running pre-commit hooks on staged files...
PS>TerminatingError(): "The pipeline has been stopped."
>> TerminatingError(): "The pipeline has been stopped."
>> TerminatingError(): "The pipeline has been stopped."
**********************
PowerShell transcript end
End time: 20260127174740
**********************
