[2026-01-17 17:14:06,272] REC/INFO/locust.main: Starting Locust 2.42.6
[2026-01-17 17:14:06,272] REC/INFO/locust.main: Run time limit set to 30 seconds
Type     Name                                                                          # reqs      # fails |    Avg     Min     Max    Med |   req/s  failures/s
--------|----------------------------------------------------------------------------|-------|-------------|-------|-------|-------|-------|--------|-----------
--------|----------------------------------------------------------------------------|-------|-------------|-------|-------|-------|-------|--------|-----------
         Aggregated                                                                         0     0(0.00%) |      0       0       0      0 |    0.00        0.00

[2026-01-17 17:14:06,273] REC/INFO/locust.runners: Ramping to 1 users at a rate of 1.00 per second
[2026-01-17 17:14:06,273] REC/INFO/locust.runners: All users spawned: {"AuthUser": 0, "HeavyUser": 0, "LightUser": 1, "MediumUser": 0, "SmokeUser": 0} (1 total users)
[2026-01-17 17:14:06,273] REC/INFO/locustfile: Skipping authentication for load testing (assuming AUTH_MODE=disabled)
Type     Name                                                                          # reqs      # fails |    Avg     Min     Max    Med |   req/s  failures/s
--------|----------------------------------------------------------------------------|-------|-------------|-------|-------|-------|-------|--------|-----------
--------|----------------------------------------------------------------------------|-------|-------------|-------|-------|-------|-------|--------|-----------
         Aggregated                                                                         0     0(0.00%) |      0       0       0      0 |    0.00        0.00

Type     Name                                                                          # reqs      # fails |    Avg     Min     Max    Med |   req/s  failures/s
--------|----------------------------------------------------------------------------|-------|-------------|-------|-------|-------|-------|--------|-----------
--------|----------------------------------------------------------------------------|-------|-------------|-------|-------|-------|-------|--------|-----------
         Aggregated                                                                         0     0(0.00%) |      0       0       0      0 |    0.00        0.00

Type     Name                                                                          # reqs      # fails |    Avg     Min     Max    Med |   req/s  failures/s
--------|----------------------------------------------------------------------------|-------|-------------|-------|-------|-------|-------|--------|-----------
GET      /api/v1/students?skip=0&limit=1000                                                 1   1(100.00%) |   4073    4073    4073   4073 |    0.00        0.00
--------|----------------------------------------------------------------------------|-------|-------------|-------|-------|-------|-------|--------|-----------
         Aggregated                                                                         1   1(100.00%) |   4073    4073    4073   4073 |    0.00        0.00

Type     Name                                                                          # reqs      # fails |    Avg     Min     Max    Med |   req/s  failures/s
--------|----------------------------------------------------------------------------|-------|-------------|-------|-------|-------|-------|--------|-----------
GET      /api/v1/students?skip=0&limit=1000                                                 1   1(100.00%) |   4073    4073    4073   4073 |    0.00        0.00
--------|----------------------------------------------------------------------------|-------|-------------|-------|-------|-------|-------|--------|-----------
         Aggregated                                                                         1   1(100.00%) |   4073    4073    4073   4073 |    0.00        0.00

Type     Name                                                                          # reqs      # fails |    Avg     Min     Max    Med |   req/s  failures/s
--------|----------------------------------------------------------------------------|-------|-------------|-------|-------|-------|-------|--------|-----------
GET      /api/v1/students?skip=0&limit=1000                                                 1   1(100.00%) |   4073    4073    4073   4073 |    0.00        0.00
--------|----------------------------------------------------------------------------|-------|-------------|-------|-------|-------|-------|--------|-----------
         Aggregated                                                                         1   1(100.00%) |   4073    4073    4073   4073 |    0.00        0.00

Type     Name                                                                          # reqs      # fails |    Avg     Min     Max    Med |   req/s  failures/s
--------|----------------------------------------------------------------------------|-------|-------------|-------|-------|-------|-------|--------|-----------
GET      /api/v1/students?skip=0&limit=1000                                                 1   1(100.00%) |   4073    4073    4073   4073 |    0.12        0.12
GET      /api/v1/students?skip=933&limit=20                                                 1   1(100.00%) |   4067    4067    4067   4067 |    0.00        0.00
--------|----------------------------------------------------------------------------|-------|-------------|-------|-------|-------|-------|--------|-----------
         Aggregated                                                                         2   2(100.00%) |   4070    4067    4073   4073 |    0.12        0.12

Type     Name                                                                          # reqs      # fails |    Avg     Min     Max    Med |   req/s  failures/s
--------|----------------------------------------------------------------------------|-------|-------------|-------|-------|-------|-------|--------|-----------
GET      /api/v1/students?skip=0&limit=1000                                                 1   1(100.00%) |   4073    4073    4073   4073 |    0.12        0.12
GET      /api/v1/students?skip=933&limit=20                                                 1   1(100.00%) |   4067    4067    4067   4067 |    0.00        0.00
--------|----------------------------------------------------------------------------|-------|-------------|-------|-------|-------|-------|--------|-----------
         Aggregated                                                                         2   2(100.00%) |   4070    4067    4073   4073 |    0.12        0.12

Type     Name                                                                          # reqs      # fails |    Avg     Min     Max    Med |   req/s  failures/s
--------|----------------------------------------------------------------------------|-------|-------------|-------|-------|-------|-------|--------|-----------
GET      /api/v1/students?skip=0&limit=1000                                                 1   1(100.00%) |   4073    4073    4073   4073 |    0.12        0.12
GET      /api/v1/students?skip=933&limit=20                                                 1   1(100.00%) |   4067    4067    4067   4067 |    0.00        0.00
--------|----------------------------------------------------------------------------|-------|-------------|-------|-------|-------|-------|--------|-----------
         Aggregated                                                                         2   2(100.00%) |   4070    4067    4073   4073 |    0.12        0.12
