885 INFO: PyInstaller: 6.20.0, contrib hooks: 2026.5
885 INFO: Python: 3.13.3
917 INFO: Platform: Windows-11-10.0.26300-SP0
917 INFO: Python environment: d:\SMS\student-management-system\.venv
1422 WARNING: collect_data_files - skipping data collection for module 'bottle' as it is not a package.
2832 INFO: PostgreSQL connection pooling configured: pool_size=20, max_overflow=10, pool_pre_ping=True, pool_recycle=3600s
4007 INFO: Database engine initialized: postgresql+psycopg://sms_user:TestAdmin2026%21@77.83.249.220:55433/student_management?sslmode=prefer
4007 INFO: Run 'alembic upgrade head' to apply migrations
17491 INFO: Module search paths (PYTHONPATH):
['D:\\SMS\\student-management-system',
 'C:\\Users\\Vasilis\\AppData\\Local\\Programs\\Python\\Python313\\python313.zip',
 'C:\\Users\\Vasilis\\AppData\\Local\\Programs\\Python\\Python313\\DLLs',
 'C:\\Users\\Vasilis\\AppData\\Local\\Programs\\Python\\Python313\\Lib',
 'C:\\Users\\Vasilis\\AppData\\Local\\Programs\\Python\\Python313',
 'd:\\SMS\\student-management-system\\.venv',
 'd:\\SMS\\student-management-system\\.venv\\Lib\\site-packages',
 'd:\\SMS\\student-management-system\\.venv\\Lib\\site-packages\\win32',
 'd:\\SMS\\student-management-system\\.venv\\Lib\\site-packages\\win32\\lib',
 'd:\\SMS\\student-management-system\\.venv\\Lib\\site-packages\\Pythonwin',
 'D:\\SMS\\student-management-system']
18204 INFO: Appending 'datas' from .spec
18238 INFO: checking Analysis
18238 INFO: Building Analysis because Analysis-00.toc is non existent
18238 INFO: Looking for Python shared library...
18238 INFO: Using Python shared library: C:\Users\Vasilis\AppData\Local\Programs\Python\Python313\python313.dll
18238 INFO: Running Analysis Analysis-00.toc
18238 INFO: Target bytecode optimization level: 0
18239 INFO: Initializing module dependency graph...
18239 INFO: Initializing module graph hook caches...
18439 INFO: Analyzing modules for base_library.zip ...
19629 INFO: Processing standard module hook 'hook-encodings.py' from 'd:\\SMS\\student-management-system\\.venv\\Lib\\site-packages\\PyInstaller\\hooks'
20216 INFO: Processing standard module hook 'hook-heapq.py' from 'd:\\SMS\\student-management-system\\.venv\\Lib\\site-packages\\PyInstaller\\hooks'
21314 INFO: Processing standard module hook 'hook-pickle.py' from 'd:\\SMS\\student-management-system\\.venv\\Lib\\site-packages\\PyInstaller\\hooks'
22818 INFO: Caching module dependency graph...
22868 INFO: Analyzing D:\SMS\student-management-system\backend\lite_simple_entrypoint.py
22927 INFO: Processing standard module hook 'hook-_ctypes.py' from 'd:\\SMS\\student-management-system\\.venv\\Lib\\site-packages\\PyInstaller\\hooks'
23091 INFO: Processing standard module hook 'hook-passlib.py' from 'd:\\SMS\\student-management-system\\.venv\\Lib\\site-packages\\_pyinstaller_hooks_contrib\\stdhooks'
23299 INFO: Processing standard module hook 'hook-platform.py' from 'd:\\SMS\\student-management-system\\.venv\\Lib\\site-packages\\PyInstaller\\hooks'
23384 INFO: Processing standard module hook 'hook-sqlalchemy.py' from 'd:\\SMS\\student-management-system\\.venv\\Lib\\site-packages\\PyInstaller\\hooks'
24115 INFO: Processing standard module hook 'hook-sysconfig.py' from 'd:\\SMS\\student-management-system\\.venv\\Lib\\site-packages\\PyInstaller\\hooks'
24122 INFO: Processing pre-safe-import-module hook 'hook-importlib_metadata.py' from 'd:\\SMS\\student-management-system\\.venv\\Lib\\site-packages\\PyInstaller\\hooks\\pre_safe_import_module'
24152 INFO: SetuptoolsInfo: initializing cached setuptools info...
25765 INFO: Processing standard module hook 'hook-importlib_metadata.py' from 'd:\\SMS\\student-management-system\\.venv\\Lib\\site-packages\\PyInstaller\\hooks'
25885 INFO: Processing pre-safe-import-module hook 'hook-zipp.py' from 'd:\\SMS\\student-management-system\\.venv\\Lib\\site-packages\\PyInstaller\\hooks\\pre_safe_import_module'
26042 INFO: Processing pre-safe-import-module hook 'hook-typing_extensions.py' from 'd:\\SMS\\student-management-system\\.venv\\Lib\\site-packages\\PyInstaller\\hooks\\pre_safe_import_module'
26318 INFO: Processing standard module hook 'hook-multiprocessing.util.py' from 'd:\\SMS\\student-management-system\\.venv\\Lib\\site-packages\\PyInstaller\\hooks'
26462 INFO: Processing standard module hook 'hook-xml.py' from 'd:\\SMS\\student-management-system\\.venv\\Lib\\site-packages\\PyInstaller\\hooks'
31594 INFO: Processing standard module hook 'hook-certifi.py' from 'd:\\SMS\\student-management-system\\.venv\\Lib\\site-packages\\_pyinstaller_hooks_contrib\\stdhooks'
32584 INFO: Processing standard module hook 'hook-anyio.py' from 'd:\\SMS\\student-management-system\\.venv\\Lib\\site-packages\\_pyinstaller_hooks_contrib\\stdhooks'
34263 INFO: Processing standard module hook 'hook-difflib.py' from 'd:\\SMS\\student-management-system\\.venv\\Lib\\site-packages\\PyInstaller\\hooks'
34388 INFO: Processing standard module hook 'hook-pygments.py' from 'd:\\SMS\\student-management-system\\.venv\\Lib\\site-packages\\PyInstaller\\hooks'
35622 INFO: Processing standard module hook 'hook-rich.py' from 'd:\\SMS\\student-management-system\\.venv\\Lib\\site-packages\\_pyinstaller_hooks_contrib\\stdhooks'
38565 INFO: Processing pre-safe-import-module hook 'hook-tomli.py' from 'd:\\SMS\\student-management-system\\.venv\\Lib\\site-packages\\PyInstaller\\hooks\\pre_safe_import_module'
39298 INFO: Processing standard module hook 'hook-mako.codegen.py' from 'd:\\SMS\\student-management-system\\.venv\\Lib\\site-packages\\_pyinstaller_hooks_contrib\\stdhooks'
40169 INFO: Processing standard module hook 'hook-zoneinfo.py' from 'd:\\SMS\\student-management-system\\.venv\\Lib\\site-packages\\_pyinstaller_hooks_contrib\\stdhooks'
41617 INFO: Processing pre-safe-import-module hook 'hook-backports.py' from 'd:\\SMS\\student-management-system\\.venv\\Lib\\site-packages\\PyInstaller\\hooks\\pre_safe_import_module'
41633 INFO: Setuptools: 'backports' appears to be a full setuptools-vendored copy - creating alias to 'setuptools._vendor.backports'!
41660 INFO: Processing standard module hook 'hook-setuptools.py' from 'd:\\SMS\\student-management-system\\.venv\\Lib\\site-packages\\PyInstaller\\hooks'
41713 INFO: Processing pre-safe-import-module hook 'hook-distutils.py' from 'd:\\SMS\\student-management-system\\.venv\\Lib\\site-packages\\PyInstaller\\hooks\\pre_safe_import_module'
41792 INFO: Processing pre-safe-import-module hook 'hook-jaraco.py' from 'd:\\SMS\\student-management-system\\.venv\\Lib\\site-packages\\PyInstaller\\hooks\\pre_safe_import_module'
41793 INFO: Setuptools: 'jaraco' appears to be a full setuptools-vendored copy - creating alias to 'setuptools._vendor.jaraco'!
41813 INFO: Processing pre-safe-import-module hook 'hook-more_itertools.py' from 'd:\\SMS\\student-management-system\\.venv\\Lib\\site-packages\\PyInstaller\\hooks\\pre_safe_import_module'
41814 INFO: Setuptools: 'more_itertools' appears to be a setuptools-vendored copy - creating alias to 'setuptools._vendor.more_itertools'!
42142 INFO: Processing pre-safe-import-module hook 'hook-packaging.py' from 'd:\\SMS\\student-management-system\\.venv\\Lib\\site-packages\\PyInstaller\\hooks\\pre_safe_import_module'
42488 INFO: Processing standard module hook 'hook-setuptools._vendor.jaraco.text.py' from 'd:\\SMS\\student-management-system\\.venv\\Lib\\site-packages\\PyInstaller\\hooks'
42489 INFO: Processing pre-safe-import-module hook 'hook-importlib_resources.py' from 'd:\\SMS\\student-management-system\\.venv\\Lib\\site-packages\\PyInstaller\\hooks\\pre_safe_import_module'
44119 INFO: Processing pre-safe-import-module hook 'hook-wheel.py' from 'd:\\SMS\\student-management-system\\.venv\\Lib\\site-packages\\PyInstaller\\hooks\\pre_safe_import_module'
44406 INFO: Processing standard module hook 'hook-psycopg_binary.py' from 'd:\\SMS\\student-management-system\\.venv\\Lib\\site-packages\\_pyinstaller_hooks_contrib\\stdhooks'
45055 INFO: Processing standard module hook 'hook-numpy.py' from 'd:\\SMS\\student-management-system\\.venv\\Lib\\site-packages\\PyInstaller\\hooks'
46646 INFO: Processing standard module hook 'hook-psutil.py' from 'd:\\SMS\\student-management-system\\.venv\\Lib\\site-packages\\_pyinstaller_hooks_contrib\\stdhooks'
48441 INFO: Processing standard module hook 'hook-charset_normalizer.py' from 'd:\\SMS\\student-management-system\\.venv\\Lib\\site-packages\\_pyinstaller_hooks_contrib\\stdhooks'
49250 INFO: Processing standard module hook 'hook-psycopg2.py' from 'd:\\SMS\\student-management-system\\.venv\\Lib\\site-packages\\_pyinstaller_hooks_contrib\\stdhooks'
49490 INFO: Processing standard module hook 'hook-pydantic.py' from 'd:\\SMS\\student-management-system\\.venv\\Lib\\site-packages\\_pyinstaller_hooks_contrib\\stdhooks'
51491 INFO: Processing standard module hook 'hook-dns.rdata.py' from 'd:\\SMS\\student-management-system\\.venv\\Lib\\site-packages\\_pyinstaller_hooks_contrib\\stdhooks'
55919 INFO: Processing standard module hook 'hook-limits.py' from 'd:\\SMS\\student-management-system\\.venv\\Lib\\site-packages\\_pyinstaller_hooks_contrib\\stdhooks'
56534 INFO: Processing standard module hook 'hook-cryptography.py' from 'd:\\SMS\\student-management-system\\.venv\\Lib\\site-packages\\_pyinstaller_hooks_contrib\\stdhooks'
57744 INFO: hook-cryptography: cryptography does not seem to be using dynamically linked OpenSSL.
58783 INFO: Processing standard module hook 'hook-urllib3.py' from 'd:\\SMS\\student-management-system\\.venv\\Lib\\site-packages\\_pyinstaller_hooks_contrib\\stdhooks'
60389 INFO: Processing standard module hook 'hook-bcrypt.py' from 'd:\\SMS\\student-management-system\\.venv\\Lib\\site-packages\\_pyinstaller_hooks_contrib\\stdhooks'
61455 INFO: Processing standard module hook 'hook-openpyxl.py' from 'd:\\SMS\\student-management-system\\.venv\\Lib\\site-packages\\_pyinstaller_hooks_contrib\\stdhooks'
61721 INFO: Processing standard module hook 'hook-xml.etree.cElementTree.py' from 'd:\\SMS\\student-management-system\\.venv\\Lib\\site-packages\\PyInstaller\\hooks'
61858 INFO: Processing standard module hook 'hook-xml.dom.domreg.py' from 'd:\\SMS\\student-management-system\\.venv\\Lib\\site-packages\\PyInstaller\\hooks'
62745 INFO: Processing standard module hook 'hook-PIL.py' from 'd:\\SMS\\student-management-system\\.venv\\Lib\\site-packages\\PyInstaller\\hooks'
62872 INFO: Processing standard module hook 'hook-PIL.Image.py' from 'd:\\SMS\\student-management-system\\.venv\\Lib\\site-packages\\PyInstaller\\hooks'
63439 INFO: Processing standard module hook 'hook-PIL.ImageFilter.py' from 'd:\\SMS\\student-management-system\\.venv\\Lib\\site-packages\\PyInstaller\\hooks'
64598 INFO: Processing standard module hook 'hook-reportlab.lib.utils.py' from 'd:\\SMS\\student-management-system\\.venv\\Lib\\site-packages\\_pyinstaller_hooks_contrib\\stdhooks'
65185 INFO: Processing standard module hook 'hook-reportlab.pdfbase._fontdata.py' from 'd:\\SMS\\student-management-system\\.venv\\Lib\\site-packages\\_pyinstaller_hooks_contrib\\stdhooks'
69279 INFO: Processing standard module hook 'hook-pandas.py' from 'd:\\SMS\\student-management-system\\.venv\\Lib\\site-packages\\PyInstaller\\hooks'
77109 INFO: Processing standard module hook 'hook-pandas.io.formats.style.py' from 'd:\\SMS\\student-management-system\\.venv\\Lib\\site-packages\\PyInstaller\\hooks'
79887 INFO: Processing standard module hook 'hook-pandas.plotting.py' from 'd:\\SMS\\student-management-system\\.venv\\Lib\\site-packages\\PyInstaller\\hooks'
80654 INFO: Processing standard module hook 'hook-dateutil.py' from 'd:\\SMS\\student-management-system\\.venv\\Lib\\site-packages\\_pyinstaller_hooks_contrib\\stdhooks'
80875 INFO: Processing pre-safe-import-module hook 'hook-six.moves.py' from 'd:\\SMS\\student-management-system\\.venv\\Lib\\site-packages\\PyInstaller\\hooks\\pre_safe_import_module'
83178 INFO: Processing standard module hook 'hook-sqlite3.py' from 'd:\\SMS\\student-management-system\\.venv\\Lib\\site-packages\\PyInstaller\\hooks'
83459 INFO: Processing standard module hook 'hook-pandas.io.clipboard.py' from 'd:\\SMS\\student-management-system\\.venv\\Lib\\site-packages\\PyInstaller\\hooks'
84020 INFO: Processing standard module hook 'hook-pytest.py' from 'd:\\SMS\\student-management-system\\.venv\\Lib\\site-packages\\_pyinstaller_hooks_contrib\\stdhooks'
84698 INFO: Processing standard module hook 'hook-py.py' from 'd:\\SMS\\student-management-system\\.venv\\Lib\\site-packages\\_pyinstaller_hooks_contrib\\stdhooks'
86067 INFO: Processing standard module hook 'hook-apscheduler.py' from 'd:\\SMS\\student-management-system\\.venv\\Lib\\site-packages\\_pyinstaller_hooks_contrib\\stdhooks'
87535 INFO: Processing standard module hook 'hook-opentelemetry.py' from 'd:\\SMS\\student-management-system\\.venv\\Lib\\site-packages\\_pyinstaller_hooks_contrib\\stdhooks'
89189 INFO: Processing standard module hook 'hook-uvicorn.py' from 'd:\\SMS\\student-management-system\\.venv\\Lib\\site-packages\\_pyinstaller_hooks_contrib\\stdhooks'
89929 INFO: Processing standard module hook 'hook-websockets.py' from 'd:\\SMS\\student-management-system\\.venv\\Lib\\site-packages\\_pyinstaller_hooks_contrib\\stdhooks'
92525 INFO: Analyzing hidden import 'backend.health_checks'
92539 INFO: Analyzing hidden import 'passlib.handlers.pbkdf2'
92610 INFO: Analyzing hidden import 'bottle'
92816 INFO: Processing standard module hook 'hook-jinja2.py' from 'd:\\SMS\\student-management-system\\.venv\\Lib\\site-packages\\_pyinstaller_hooks_contrib\\stdhooks'
93393 INFO: Analyzing hidden import 'proxy_tools'
93410 INFO: Analyzing hidden import 'backend.routers.routers_auth'
93442 INFO: Analyzing hidden import 'backend.routers.routers_admin'
93444 INFO: Analyzing hidden import 'backend.routers.routers_enrollments'
93449 INFO: Analyzing hidden import 'backend.routers.routers_imports'
93508 INFO: Analyzing hidden import 'backend.routers.routers_exports'
93652 INFO: Analyzing hidden import 'backend.admin_bootstrap'
93653 INFO: Analyzing hidden import 'backend.admin_routes'
93708 INFO: Analyzing hidden import 'backend.check_login_health'
93711 INFO: Analyzing hidden import 'backend.db.cli'
93731 INFO: Analyzing hidden import 'backend.dependencies'
93744 INFO: Analyzing hidden import 'backend.entrypoint'
93748 INFO: Analyzing hidden import 'backend.lite_simple_entrypoint'
93754 INFO: Analyzing hidden import 'backend.main'
93799 INFO: Analyzing hidden import 'backend.middleware.request_id'
93801 INFO: Analyzing hidden import 'backend.middleware.response_cache'
93806 INFO: Analyzing hidden import 'backend.migrate_job'
93807 INFO: Analyzing hidden import 'backend.models_soft_delete'
93809 INFO: Analyzing hidden import 'backend.routers.control'
94003 INFO: Analyzing hidden import 'backend.routers.routers_adminops'
94012 INFO: Analyzing hidden import 'backend.routers.routers_analytics'
94038 INFO: Analyzing hidden import 'backend.routers.routers_audit'
94043 INFO: Analyzing hidden import 'backend.routers.routers_control'
94044 INFO: Analyzing hidden import 'backend.routers.routers_custom_reports'
94086 INFO: Analyzing hidden import 'backend.routers.routers_diagnostics'
94090 INFO: Analyzing hidden import 'backend.routers.routers_feedback'
94105 INFO: Analyzing hidden import 'backend.routers.routers_help'
94112 INFO: Analyzing hidden import 'backend.routers.routers_highlights'
94118 INFO: Analyzing hidden import 'backend.routers.routers_jobs'
94123 INFO: Analyzing hidden import 'backend.routers.routers_metrics'
94134 INFO: Analyzing hidden import 'backend.routers.routers_notifications'
94149 INFO: Analyzing hidden import 'backend.routers.routers_performance'
94156 INFO: Analyzing hidden import 'backend.routers.routers_permissions'
94169 INFO: Analyzing hidden import 'backend.routers.routers_reports'
94192 INFO: Analyzing hidden import 'backend.routers.routers_search'
94241 INFO: Analyzing hidden import 'backend.routers.routers_sessions'
94279 INFO: Analyzing hidden import 'backend.routers.routers_websocket'
94281 INFO: Analyzing hidden import 'backend.schemas.search_schemas'
94287 INFO: Analyzing hidden import 'backend.scripts.assign_admin_role'
94288 INFO: Analyzing hidden import 'backend.scripts.seed_permissions'
94297 INFO: Analyzing hidden import 'backend.seed_database'
94311 INFO: Analyzing hidden import 'backend.seed_e2e_data'
94319 INFO: Analyzing hidden import 'backend.services.base_service'
94324 INFO: Analyzing hidden import 'backend.services.cache_invalidation_hooks'
94328 INFO: Analyzing hidden import 'backend.tests'
94329 INFO: Analyzing hidden import 'backend.tests.conftest'
94476 INFO: Analyzing hidden import 'backend.tests.test_admin_backup_encryption'
94482 INFO: Analyzing hidden import 'backend.tests.test_admin_bootstrap'
94488 INFO: Analyzing hidden import 'backend.tests.test_analytics_export_service'
96541 INFO: Analyzing hidden import 'backend.tests.test_analytics_router'
96551 INFO: Analyzing hidden import 'backend.tests.test_analytics_service'
96625 INFO: Analyzing hidden import 'backend.tests.test_attendance_router'
96640 INFO: Analyzing hidden import 'backend.tests.test_audit'
96651 INFO: Analyzing hidden import 'backend.tests.test_audit_router'
96653 INFO: Analyzing hidden import 'backend.tests.test_auth_flow'
96657 INFO: Analyzing hidden import 'backend.tests.test_auth_refresh'
96661 INFO: Analyzing hidden import 'backend.tests.test_auth_router'
96666 INFO: Analyzing hidden import 'backend.tests.test_auto_import_courses'
96669 INFO: Analyzing hidden import 'backend.tests.test_backup_encryption'
96676 INFO: Analyzing hidden import 'backend.tests.test_change_password'
96677 INFO: Analyzing hidden import 'backend.tests.test_config_module'
96680 INFO: Analyzing hidden import 'backend.tests.test_config_settings'
96684 INFO: Analyzing hidden import 'backend.tests.test_control_database_credentials'
96689 INFO: Analyzing hidden import 'backend.tests.test_control_endpoints'
96709 INFO: Analyzing hidden import 'backend.tests.test_control_environment'
96711 INFO: Analyzing hidden import 'backend.tests.test_control_jwt_integration'
96713 INFO: Analyzing hidden import 'backend.tests.test_control_maintenance'
96726 INFO: Analyzing hidden import 'backend.tests.test_control_path_traversal'
96728 INFO: Analyzing hidden import 'backend.tests.test_control_start_branches'
96732 INFO: Analyzing hidden import 'backend.tests.test_course_rule_normalization'
96734 INFO: Analyzing hidden import 'backend.tests.test_courses_router'
96741 INFO: Analyzing hidden import 'backend.tests.test_csrf_flow'
96746 INFO: Analyzing hidden import 'backend.tests.test_csv_import'
96750 INFO: Analyzing hidden import 'backend.tests.test_custom_report_generation_service'
96768 INFO: Analyzing hidden import 'backend.tests.test_custom_reports_router'
96775 INFO: Analyzing hidden import 'backend.tests.test_custom_reports_service'
96782 INFO: Analyzing hidden import 'backend.tests.test_daily_performance_router'
96789 INFO: Analyzing hidden import 'backend.tests.test_database_manager_security'
96791 INFO: Analyzing hidden import 'backend.tests.test_database_upload'
96794 INFO: Analyzing hidden import 'backend.tests.test_db_utils'
96797 INFO: Analyzing hidden import 'backend.tests.test_edge_cases'
96803 INFO: Analyzing hidden import 'backend.tests.test_enrollments_router'
96813 INFO: Analyzing hidden import 'backend.tests.test_environment_detection'
96816 INFO: Analyzing hidden import 'backend.tests.test_environment_module'
96818 INFO: Analyzing hidden import 'backend.tests.test_error_handlers_additional'
96820 INFO: Analyzing hidden import 'backend.tests.test_error_messages'
96821 INFO: Analyzing hidden import 'backend.tests.test_exception_handlers'
96825 INFO: Analyzing hidden import 'backend.tests.test_export_analytics'
96827 INFO: Analyzing hidden import 'backend.tests.test_facet_service'
96838 INFO: Analyzing hidden import 'backend.tests.test_grade_calculation'
96841 INFO: Analyzing hidden import 'backend.tests.test_grade_calculation_fix'
96845 INFO: Analyzing hidden import 'backend.tests.test_grade_calculation_integration'
96847 INFO: Analyzing hidden import 'backend.tests.test_grades_router'
96867 INFO: Analyzing hidden import 'backend.tests.test_gzip_middleware'
96868 INFO: Analyzing hidden import 'backend.tests.test_health'
96869 INFO: Analyzing hidden import 'backend.tests.test_health_checks'
96872 INFO: Analyzing hidden import 'backend.tests.test_import_export'
96875 INFO: Analyzing hidden import 'backend.tests.test_import_resolver'
96876 INFO: Analyzing hidden import 'backend.tests.test_import_resolver_cov'
96877 INFO: Analyzing hidden import 'backend.tests.test_imports_integration'
96884 INFO: Analyzing hidden import 'backend.tests.test_imports_soft_delete'
96887 INFO: Analyzing hidden import 'backend.tests.test_imports_upload'
96890 INFO: Analyzing hidden import 'backend.tests.test_integration_smoke'
96891 INFO: Analyzing hidden import 'backend.tests.test_jwt_smoke'
96892 INFO: Analyzing hidden import 'backend.tests.test_list_routes'
96893 INFO: Analyzing hidden import 'backend.tests.test_logging_config'
96896 INFO: Analyzing hidden import 'backend.tests.test_logging_config_cov'
96897 INFO: Analyzing hidden import 'backend.tests.test_metrics'
96903 INFO: Analyzing hidden import 'backend.tests.test_metrics_endpoint'
96904 INFO: Analyzing hidden import 'backend.tests.test_metrics_simple'
96905 INFO: Analyzing hidden import 'backend.tests.test_models_relationships'
96907 INFO: Analyzing hidden import 'backend.tests.test_notifications_router'
96927 INFO: Analyzing hidden import 'backend.tests.test_password_rehash'
96930 INFO: Analyzing hidden import 'backend.tests.test_path_traversal_security'
96944 INFO: Analyzing hidden import 'backend.tests.test_performance_monitor'
96950 INFO: Analyzing hidden import 'backend.tests.test_permissions_api'
96957 INFO: Analyzing hidden import 'backend.tests.test_predictive_analytics_service'
96961 INFO: Analyzing hidden import 'backend.tests.test_rate_limit_enforcement'
96964 INFO: Analyzing hidden import 'backend.tests.test_rate_limiting'
96968 INFO: Analyzing hidden import 'backend.tests.test_rbac'
96974 INFO: Analyzing hidden import 'backend.tests.test_rbac_enforcement'
96979 INFO: Analyzing hidden import 'backend.tests.test_rbac_router'
96991 INFO: Analyzing hidden import 'backend.tests.test_rbac_templates'
97020 INFO: Analyzing hidden import 'backend.tests.test_register_role_enforcement'
97024 INFO: Analyzing hidden import 'backend.tests.test_report_scheduler'
97027 INFO: Analyzing hidden import 'backend.tests.test_reports_router'
97033 INFO: Analyzing hidden import 'backend.tests.test_request_id'
97035 INFO: Analyzing hidden import 'backend.tests.test_request_id_middleware'
97039 INFO: Analyzing hidden import 'backend.tests.test_response_cache_middleware'
97042 INFO: Analyzing hidden import 'backend.tests.test_response_schemas'
97050 INFO: Analyzing hidden import 'backend.tests.test_response_standardization_middleware'
97053 INFO: Analyzing hidden import 'backend.tests.test_routers_analytics'
97058 INFO: Analyzing hidden import 'backend.tests.test_routers_imports'
97062 INFO: Analyzing hidden import 'backend.tests.test_run_migrations'
97066 INFO: Analyzing hidden import 'backend.tests.test_run_migrations_repo_root'
97068 INFO: Analyzing hidden import 'backend.tests.test_run_migrations_unit'
97070 INFO: Analyzing hidden import 'backend.tests.test_saved_search_integration'
97082 INFO: Analyzing hidden import 'backend.tests.test_schemas_students'
97084 INFO: Analyzing hidden import 'backend.tests.test_search_api_endpoints'
97100 INFO: Analyzing hidden import 'backend.tests.test_search_integration'
97114 INFO: Analyzing hidden import 'backend.tests.test_search_service'
97127 INFO: Analyzing hidden import 'backend.tests.test_services_analytics'
97131 INFO: Analyzing hidden import 'backend.tests.test_sessions_router'
97139 INFO: Analyzing hidden import 'backend.tests.test_soft_delete_filtering'
97144 INFO: Analyzing hidden import 'backend.tests.test_students_import'
97146 INFO: Analyzing hidden import 'backend.tests.test_students_router'
97154 INFO: Analyzing hidden import 'backend.tests.test_timing_middleware'
97156 INFO: Analyzing hidden import 'backend.tests.test_version_consistency'
97162 INFO: Analyzing hidden import 'backend.tests.test_websocket'
97170 INFO: Analyzing hidden import 'backend.tests.utils'
97171 INFO: Analyzing hidden import 'backend.validate_e2e_data'
97177 INFO: Analyzing hidden import 'passlib.apache'
98077 INFO: Analyzing hidden import 'passlib.apps'
98093 INFO: Analyzing hidden import 'passlib.crypto._blowfish._gen_files'
98107 INFO: Analyzing hidden import 'passlib.crypto.scrypt._gen_files'
98111 INFO: Analyzing hidden import 'passlib.ext'
98112 INFO: Analyzing hidden import 'passlib.ext.django'
98113 INFO: Analyzing hidden import 'passlib.ext.django.models'
98161 INFO: Analyzing hidden import 'passlib.hosts'
98171 INFO: Analyzing hidden import 'passlib.pwd'
98194 INFO: Analyzing hidden import 'passlib.tests'
98195 INFO: Analyzing hidden import 'passlib.tests.__main__'
98197 INFO: Analyzing hidden import 'passlib.tests._test_bad_register'
98197 INFO: Analyzing hidden import 'passlib.tests.backports'
98217 INFO: Analyzing hidden import 'passlib.tests.test_apache'
d:\SMS\student-management-system\.venv\Lib\site-packages\passlib\tests\test_apache.py:210: SyntaxWarning: invalid escape sequence '\('
  with self.assertWarningList("update\(\) is deprecated"):
d:\SMS\student-management-system\.venv\Lib\site-packages\passlib\tests\test_apache.py:280: SyntaxWarning: invalid escape sequence '\('
  with self.assertWarningList(["verify\(\) is deprecated"]*2):
d:\SMS\student-management-system\.venv\Lib\site-packages\passlib\tests\test_apache.py:370: SyntaxWarning: invalid escape sequence '\('
  with self.assertWarningList("find\(\) is deprecated"):
d:\SMS\student-management-system\.venv\Lib\site-packages\passlib\tests\test_apache.py:606: SyntaxWarning: invalid escape sequence '\('
  with self.assertWarningList("update\(\) is deprecated"):
d:\SMS\student-management-system\.venv\Lib\site-packages\passlib\tests\test_apache.py:640: SyntaxWarning: invalid escape sequence '\('
  with self.assertWarningList(["verify\(\) is deprecated"]*2):
d:\SMS\student-management-system\.venv\Lib\site-packages\passlib\tests\test_apache.py:728: SyntaxWarning: invalid escape sequence '\('
  with self.assertWarningList("find\(\) is deprecated"):
98373 INFO: Analyzing hidden import 'passlib.tests.test_apps'
98376 INFO: Analyzing hidden import 'passlib.tests.test_context'
98457 INFO: Analyzing hidden import 'passlib.tests.test_context_deprecated'
d:\SMS\student-management-system\.venv\Lib\site-packages\passlib\tests\test_context_deprecated.py:554: SyntaxWarning: invalid escape sequence '\.'
  warnings.filterwarnings("ignore", ".*(CryptPolicy|context\.policy).*(has|have) been deprecated.*")
d:\SMS\student-management-system\.venv\Lib\site-packages\passlib\tests\test_context_deprecated.py:707: SyntaxWarning: invalid escape sequence '\.'
  warnings.filterwarnings("ignore", ".*(CryptPolicy|context\.policy).*(has|have) been deprecated.*")
98479 INFO: Analyzing hidden import 'passlib.tests.test_crypto_builtin_md4'
98483 INFO: Analyzing hidden import 'passlib.tests.test_crypto_des'
98508 INFO: Analyzing hidden import 'passlib.tests.test_crypto_digest'
98544 INFO: Analyzing hidden import 'passlib.tests.test_crypto_scrypt'
98567 INFO: Analyzing hidden import 'passlib.tests.test_ext_django'
d:\SMS\student-management-system\.venv\Lib\site-packages\passlib\tests\test_ext_django.py:916: SyntaxWarning: invalid escape sequence '\.'
  with self.assertWarningList("another library has patched.*User\.set_password"):
d:\SMS\student-management-system\.venv\Lib\site-packages\passlib\tests\test_handlers.py:1523: SyntaxWarning: invalid escape sequence '\d'
  ("freebsd(9|1\d)|linux", True),
d:\SMS\student-management-system\.venv\Lib\site-packages\passlib\tests\test_handlers.py:1761: SyntaxWarning: invalid escape sequence '\('
  warnings.filterwarnings("ignore", "passing settings to .*.hash\(\) is deprecated")
98627 INFO: Analyzing hidden import 'passlib.tests.test_ext_django_source'
98633 INFO: Analyzing hidden import 'passlib.tests.test_handlers_argon2'
98642 INFO: Analyzing hidden import 'passlib.tests.test_handlers_bcrypt'
98668 INFO: Analyzing hidden import 'passlib.tests.test_handlers_cisco'
98687 INFO: Analyzing hidden import 'passlib.tests.test_handlers_django'
98711 INFO: Analyzing hidden import 'passlib.tests.test_handlers_pbkdf2'
98730 INFO: Analyzing hidden import 'passlib.tests.test_handlers_scrypt'
98732 INFO: Analyzing hidden import 'passlib.tests.test_hosts'
98753 INFO: Analyzing hidden import 'passlib.tests.test_pwd'
98758 INFO: Analyzing hidden import 'passlib.tests.test_registry'
98768 INFO: Analyzing hidden import 'passlib.tests.test_totp'
98853 INFO: Analyzing hidden import 'passlib.tests.test_utils'
d:\SMS\student-management-system\.venv\Lib\site-packages\passlib\tests\test_utils.py:144: SyntaxWarning: invalid escape sequence '\('
  warnings.filterwarnings("ignore", "The function.*generate_password\(\) is deprecated")
98893 INFO: Analyzing hidden import 'passlib.tests.test_utils_md4'
98922 INFO: Analyzing hidden import 'passlib.tests.test_utils_pbkdf2'
98944 INFO: Analyzing hidden import 'passlib.tests.test_win32'
98969 INFO: Analyzing hidden import 'passlib.tests.tox_support'
98983 INFO: Analyzing hidden import 'passlib.utils.compat._ordered_dict'
99001 INFO: Analyzing hidden import 'passlib.utils.des'
99011 INFO: Processing module hooks (post-graph stage)...
99377 WARNING: Hidden import "charset_normalizer.md__mypyc" not found!
100601 INFO: Processing standard module hook 'hook-grpc.py' from 'd:\\SMS\\student-management-system\\.venv\\Lib\\site-packages\\_pyinstaller_hooks_contrib\\stdhooks'
101307 WARNING: Hidden import "mx.DateTime" not found!
101792 INFO: Processing standard module hook 'hook-orjson.py' from 'd:\\SMS\\student-management-system\\.venv\\Lib\\site-packages\\_pyinstaller_hooks_contrib\\stdhooks'
105710 INFO: Processing standard module hook 'hook-PIL.SpiderImagePlugin.py' from 'd:\\SMS\\student-management-system\\.venv\\Lib\\site-packages\\PyInstaller\\hooks'
109485 INFO: Processing standard module hook 'hook-sqlalchemy.py' from 'd:\\SMS\\student-management-system\\.venv\\Lib\\site-packages\\PyInstaller\\hooks'
109844 WARNING: Hidden import "pysqlite2" not found!
109845 WARNING: Hidden import "MySQLdb" not found!
110014 INFO: Processing standard module hook 'hook-tzdata.py' from 'd:\\SMS\\student-management-system\\.venv\\Lib\\site-packages\\_pyinstaller_hooks_contrib\\stdhooks'
110740 INFO: Performing binary vs. data reclassification (853 entries)
112639 INFO: Looking for ctypes DLLs
112903 INFO: Analyzing run-time hooks ...
112920 INFO: Including run-time hook 'pyi_rth_inspect.py' from 'd:\\SMS\\student-management-system\\.venv\\Lib\\site-packages\\PyInstaller\\hooks\\rthooks'
112936 INFO: Including run-time hook 'pyi_rth_cryptography_openssl.py' from 'd:\\SMS\\student-management-system\\.venv\\Lib\\site-packages\\_pyinstaller_hooks_contrib\\rthooks'
112948 INFO: Including run-time hook 'pyi_rth_pkgutil.py' from 'd:\\SMS\\student-management-system\\.venv\\Lib\\site-packages\\PyInstaller\\hooks\\rthooks'
112958 INFO: Including run-time hook 'pyi_rth_multiprocessing.py' from 'd:\\SMS\\student-management-system\\.venv\\Lib\\site-packages\\PyInstaller\\hooks\\rthooks'
112969 INFO: Including run-time hook 'pyi_rth_setuptools.py' from 'd:\\SMS\\student-management-system\\.venv\\Lib\\site-packages\\PyInstaller\\hooks\\rthooks'
112977 INFO: Including run-time hook 'pyi_rth_pythoncom.py' from 'd:\\SMS\\student-management-system\\.venv\\Lib\\site-packages\\_pyinstaller_hooks_contrib\\rthooks'
112978 INFO: Including run-time hook 'pyi_rth_pywintypes.py' from 'd:\\SMS\\student-management-system\\.venv\\Lib\\site-packages\\_pyinstaller_hooks_contrib\\rthooks'
113037 INFO: Creating base_library.zip...
113065 INFO: Looking for dynamic libraries
121945 INFO: Extra DLL search directories (AddDllDirectory): ['d:\\SMS\\student-management-system\\.venv\\Lib\\site-packages\\numpy.libs', 'd:\\SMS\\student-management-system\\.venv\\Lib\\site-packages\\pandas.libs', 'd:\\SMS\\student-management-system\\.venv\\Lib\\site-packages\\psycopg_binary.libs', 'd:\\SMS\\student-management-system\\.venv\\Lib\\site-packages\\psycopg2_binary.libs']
121945 INFO: Extra DLL search directories (PATH): []
125210 INFO: Warnings written to D:\SMS\student-management-system\build\lite_simple_entrypoint\warn-lite_simple_entrypoint.txt
125507 INFO: Graph cross-reference written to D:\SMS\student-management-system\build\lite_simple_entrypoint\xref-lite_simple_entrypoint.html
125815 INFO: checking PYZ
125815 INFO: Building PYZ because PYZ-00.toc is non existent
125815 INFO: Building PYZ (ZlibArchive) D:\SMS\student-management-system\build\lite_simple_entrypoint\PYZ-00.pyz
129098 INFO: Building PYZ (ZlibArchive) D:\SMS\student-management-system\build\lite_simple_entrypoint\PYZ-00.pyz completed successfully.
129189 INFO: checking PKG
129189 INFO: Building PKG because PKG-00.toc is non existent
129189 INFO: Building PKG (CArchive) SMS_Native_Lite_Simple.pkg
142730 INFO: Building PKG (CArchive) SMS_Native_Lite_Simple.pkg completed successfully.
142742 INFO: Bootloader d:\SMS\student-management-system\.venv\Lib\site-packages\PyInstaller\bootloader\Windows-64bit-intel\run.exe
142742 INFO: checking EXE
142743 INFO: Building EXE because EXE-00.toc is non existent
142743 INFO: Building EXE from EXE-00.toc
142753 INFO: Copying bootloader EXE to D:\SMS\student-management-system\dist\SMS_Native_Lite_Simple.exe
142772 INFO: Copying icon to EXE
142789 INFO: Copying 0 resources to EXE
142789 INFO: Embedding manifest in EXE
142792 INFO: Appending PKG archive to EXE
143017 INFO: Fixing EXE headers
144473 INFO: Building EXE from EXE-00.toc completed successfully.
144486 INFO: Build complete! The results are available in: D:\SMS\student-management-system\dist
