sanitize	UNKNOWN STEP	﻿2026-03-25T09:48:24.1156407Z Current runner version: '2.332.0'
sanitize	UNKNOWN STEP	2026-03-25T09:48:24.1181251Z ##[group]Runner Image Provisioner
sanitize	UNKNOWN STEP	2026-03-25T09:48:24.1182103Z Hosted Compute Agent
sanitize	UNKNOWN STEP	2026-03-25T09:48:24.1182705Z Version: 20260213.493
sanitize	UNKNOWN STEP	2026-03-25T09:48:24.1183283Z Commit: 5c115507f6dd24b8de37d8bbe0bb4509d0cc0fa3
sanitize	UNKNOWN STEP	2026-03-25T09:48:24.1184036Z Build Date: 2026-02-13T00:28:41Z
sanitize	UNKNOWN STEP	2026-03-25T09:48:24.1184711Z Worker ID: {3f966dfe-5e24-4b40-bd81-c464ea444c94}
sanitize	UNKNOWN STEP	2026-03-25T09:48:24.1185448Z Azure Region: centralus
sanitize	UNKNOWN STEP	2026-03-25T09:48:24.1185957Z ##[endgroup]
sanitize	UNKNOWN STEP	2026-03-25T09:48:24.1187438Z ##[group]Operating System
sanitize	UNKNOWN STEP	2026-03-25T09:48:24.1188091Z Ubuntu
sanitize	UNKNOWN STEP	2026-03-25T09:48:24.1188743Z 24.04.3
sanitize	UNKNOWN STEP	2026-03-25T09:48:24.1189459Z LTS
sanitize	UNKNOWN STEP	2026-03-25T09:48:24.1190161Z ##[endgroup]
sanitize	UNKNOWN STEP	2026-03-25T09:48:24.1190842Z ##[group]Runner Image
sanitize	UNKNOWN STEP	2026-03-25T09:48:24.1191856Z Image: ubuntu-24.04
sanitize	UNKNOWN STEP	2026-03-25T09:48:24.1192853Z Version: 20260309.50.1
sanitize	UNKNOWN STEP	2026-03-25T09:48:24.1195041Z Included Software: https://github.com/actions/runner-images/blob/ubuntu24/20260309.50/images/ubuntu/Ubuntu2404-Readme.md
sanitize	UNKNOWN STEP	2026-03-25T09:48:24.1197808Z Image Release: https://github.com/actions/runner-images/releases/tag/ubuntu24%2F20260309.50
sanitize	UNKNOWN STEP	2026-03-25T09:48:24.1199704Z ##[endgroup]
sanitize	UNKNOWN STEP	2026-03-25T09:48:24.1201563Z ##[group]GITHUB_TOKEN Permissions
sanitize	UNKNOWN STEP	2026-03-25T09:48:24.1204408Z Contents: write
sanitize	UNKNOWN STEP	2026-03-25T09:48:24.1205408Z Metadata: read
sanitize	UNKNOWN STEP	2026-03-25T09:48:24.1206372Z ##[endgroup]
sanitize	UNKNOWN STEP	2026-03-25T09:48:24.1209403Z Secret source: Actions
sanitize	UNKNOWN STEP	2026-03-25T09:48:24.1210530Z Prepare workflow directory
sanitize	UNKNOWN STEP	2026-03-25T09:48:24.1534643Z Prepare all required actions
sanitize	UNKNOWN STEP	2026-03-25T09:48:24.1637028Z Complete job name: sanitize
sanitize	UNKNOWN STEP	2026-03-25T09:48:24.2410590Z ##[group]Run set -euo pipefail
sanitize	UNKNOWN STEP	2026-03-25T09:48:24.2411426Z [36;1mset -euo pipefail[0m
sanitize	UNKNOWN STEP	2026-03-25T09:48:24.2412075Z [36;1m[0m
sanitize	UNKNOWN STEP	2026-03-25T09:48:24.2412567Z [36;1mTAG="${INPUT_TAG:-}"[0m
sanitize	UNKNOWN STEP	2026-03-25T09:48:24.2413201Z [36;1mif [ -z "$TAG" ] && [ -n "${EVENT_TAG:-}" ]; then[0m
sanitize	UNKNOWN STEP	2026-03-25T09:48:24.2414080Z [36;1m  TAG="$EVENT_TAG"[0m
sanitize	UNKNOWN STEP	2026-03-25T09:48:24.2414648Z [36;1mfi[0m
sanitize	UNKNOWN STEP	2026-03-25T09:48:24.2415113Z [36;1m[0m
sanitize	UNKNOWN STEP	2026-03-25T09:48:24.2416003Z [36;1m# For legacy tag-pinned CI runs that mutate release assets, infer tag from workflow_run branch.[0m
sanitize	UNKNOWN STEP	2026-03-25T09:48:24.2417120Z [36;1mif [ -z "$TAG" ] && [ -n "${WORKFLOW_BRANCH:-}" ]; then[0m
sanitize	UNKNOWN STEP	2026-03-25T09:48:24.2417972Z [36;1m  if [[ "${WORKFLOW_BRANCH}" =~ ^v1\.[0-9]+\.[0-9]+$ ]]; then[0m
sanitize	UNKNOWN STEP	2026-03-25T09:48:24.2419126Z [36;1m    # Only react to release-triggered CI runs that completed successfully.[0m
sanitize	UNKNOWN STEP	2026-03-25T09:48:24.2420337Z [36;1m    if [ "${WORKFLOW_EVENT:-}" = "release" ] && [ "${WORKFLOW_CONCLUSION:-}" = "success" ]; then[0m
sanitize	UNKNOWN STEP	2026-03-25T09:48:24.2421322Z [36;1m      TAG="${WORKFLOW_BRANCH}"[0m
sanitize	UNKNOWN STEP	2026-03-25T09:48:24.2421929Z [36;1m    fi[0m
sanitize	UNKNOWN STEP	2026-03-25T09:48:24.2422441Z [36;1m  fi[0m
sanitize	UNKNOWN STEP	2026-03-25T09:48:24.2422987Z [36;1mfi[0m
sanitize	UNKNOWN STEP	2026-03-25T09:48:24.2423499Z [36;1m[0m
sanitize	UNKNOWN STEP	2026-03-25T09:48:24.2424007Z [36;1mif [ -z "$TAG" ]; then[0m
sanitize	UNKNOWN STEP	2026-03-25T09:48:24.2424862Z [36;1m  TAG=$(gh release view --repo "$REPO" --json tagName --jq '.tagName')[0m
sanitize	UNKNOWN STEP	2026-03-25T09:48:24.2425682Z [36;1mfi[0m
sanitize	UNKNOWN STEP	2026-03-25T09:48:24.2426149Z [36;1m[0m
sanitize	UNKNOWN STEP	2026-03-25T09:48:24.2426713Z [36;1mif [ -z "$TAG" ]; then[0m
sanitize	UNKNOWN STEP	2026-03-25T09:48:24.2427360Z [36;1m  echo "No release tag resolved; skipping."[0m
sanitize	UNKNOWN STEP	2026-03-25T09:48:24.2428139Z [36;1m  echo "skip=true" >> "$GITHUB_OUTPUT"[0m
sanitize	UNKNOWN STEP	2026-03-25T09:48:24.2429091Z [36;1m  exit 0[0m
sanitize	UNKNOWN STEP	2026-03-25T09:48:24.2429609Z [36;1mfi[0m
sanitize	UNKNOWN STEP	2026-03-25T09:48:24.2430039Z [36;1m[0m
sanitize	UNKNOWN STEP	2026-03-25T09:48:24.2430594Z [36;1mif ! [[ "$TAG" =~ ^v1\.[0-9]+\.[0-9]+$ ]]; then[0m
sanitize	UNKNOWN STEP	2026-03-25T09:48:24.2431490Z [36;1m  echo "Tag '$TAG' is not in supported v1.x.x format. Skipping sanitization."[0m
sanitize	UNKNOWN STEP	2026-03-25T09:48:24.2432336Z [36;1m  echo "skip=true" >> "$GITHUB_OUTPUT"[0m
sanitize	UNKNOWN STEP	2026-03-25T09:48:24.2432995Z [36;1m  exit 0[0m
sanitize	UNKNOWN STEP	2026-03-25T09:48:24.2433455Z [36;1mfi[0m
sanitize	UNKNOWN STEP	2026-03-25T09:48:24.2433913Z [36;1m[0m
sanitize	UNKNOWN STEP	2026-03-25T09:48:24.2434382Z [36;1mVERSION="${TAG#v}"[0m
sanitize	UNKNOWN STEP	2026-03-25T09:48:24.2435031Z [36;1mecho "tag=$TAG" >> "$GITHUB_OUTPUT"[0m
sanitize	UNKNOWN STEP	2026-03-25T09:48:24.2435765Z [36;1mecho "version=$VERSION" >> "$GITHUB_OUTPUT"[0m
sanitize	UNKNOWN STEP	2026-03-25T09:48:24.2436711Z [36;1mecho "skip=false" >> "$GITHUB_OUTPUT"[0m
sanitize	UNKNOWN STEP	2026-03-25T09:48:24.3239060Z shell: /usr/bin/bash -e {0}
sanitize	UNKNOWN STEP	2026-03-25T09:48:24.3240692Z env:
sanitize	UNKNOWN STEP	2026-03-25T09:48:24.3241801Z   GH_TOKEN: ***
sanitize	UNKNOWN STEP	2026-03-25T09:48:24.3242782Z   REPO: bs1gr/AUT_MIEEK_SMS
sanitize	UNKNOWN STEP	2026-03-25T09:48:24.3243600Z   INPUT_TAG: 
sanitize	UNKNOWN STEP	2026-03-25T09:48:24.3244362Z   EVENT_TAG: 
sanitize	UNKNOWN STEP	2026-03-25T09:48:24.3245346Z   WORKFLOW_EVENT: push
sanitize	UNKNOWN STEP	2026-03-25T09:48:24.3246238Z   WORKFLOW_CONCLUSION: success
sanitize	UNKNOWN STEP	2026-03-25T09:48:24.3247122Z   WORKFLOW_BRANCH: main
sanitize	UNKNOWN STEP	2026-03-25T09:48:24.3248060Z ##[endgroup]
sanitize	UNKNOWN STEP	2026-03-25T09:48:24.7197038Z ##[group]Run set -euo pipefail
sanitize	UNKNOWN STEP	2026-03-25T09:48:24.7197679Z [36;1mset -euo pipefail[0m
sanitize	UNKNOWN STEP	2026-03-25T09:48:24.7198161Z [36;1m[0m
sanitize	UNKNOWN STEP	2026-03-25T09:48:24.7198863Z [36;1mALLOWED_EXE="SMS_Installer_${VERSION}.exe"[0m
sanitize	UNKNOWN STEP	2026-03-25T09:48:24.7199461Z [36;1m[0m
sanitize	UNKNOWN STEP	2026-03-25T09:48:24.7199941Z [36;1mecho "Sanitizing release '$TAG' in $REPO"[0m
sanitize	UNKNOWN STEP	2026-03-25T09:48:24.7200572Z [36;1mecho "Allowed asset: $ALLOWED_EXE"[0m
sanitize	UNKNOWN STEP	2026-03-25T09:48:24.7201148Z [36;1m[0m
sanitize	UNKNOWN STEP	2026-03-25T09:48:24.7201898Z [36;1mmapfile -t ASSETS < <(gh release view "$TAG" --repo "$REPO" --json assets --jq '.assets[].name')[0m
sanitize	UNKNOWN STEP	2026-03-25T09:48:24.7202756Z [36;1m[0m
sanitize	UNKNOWN STEP	2026-03-25T09:48:24.7203191Z [36;1mif [ "${#ASSETS[@]}" -eq 0 ]; then[0m
sanitize	UNKNOWN STEP	2026-03-25T09:48:24.7203834Z [36;1m  echo "No assets found on release '$TAG'."[0m
sanitize	UNKNOWN STEP	2026-03-25T09:48:24.7204434Z [36;1mfi[0m
sanitize	UNKNOWN STEP	2026-03-25T09:48:24.7204831Z [36;1m[0m
sanitize	UNKNOWN STEP	2026-03-25T09:48:24.7205232Z [36;1mREMOVED=0[0m
sanitize	UNKNOWN STEP	2026-03-25T09:48:24.7205715Z [36;1mfor ASSET in "${ASSETS[@]}"; do[0m
sanitize	UNKNOWN STEP	2026-03-25T09:48:24.7206342Z [36;1m  if [ "$ASSET" != "$ALLOWED_EXE" ]; then[0m
sanitize	UNKNOWN STEP	2026-03-25T09:48:24.7207025Z [36;1m    echo "Deleting non-allowlisted asset: $ASSET"[0m
sanitize	UNKNOWN STEP	2026-03-25T09:48:24.7207834Z [36;1m    gh release delete-asset "$TAG" "$ASSET" --repo "$REPO" --yes[0m
sanitize	UNKNOWN STEP	2026-03-25T09:48:24.7208672Z [36;1m    REMOVED=$((REMOVED + 1))[0m
sanitize	UNKNOWN STEP	2026-03-25T09:48:24.7209194Z [36;1m  fi[0m
sanitize	UNKNOWN STEP	2026-03-25T09:48:24.7209605Z [36;1mdone[0m
sanitize	UNKNOWN STEP	2026-03-25T09:48:24.7210008Z [36;1m[0m
sanitize	UNKNOWN STEP	2026-03-25T09:48:24.7210515Z [36;1mecho "Removed $REMOVED non-allowlisted asset(s)."[0m
sanitize	UNKNOWN STEP	2026-03-25T09:48:24.7260198Z shell: /usr/bin/bash -e {0}
sanitize	UNKNOWN STEP	2026-03-25T09:48:24.7260709Z env:
sanitize	UNKNOWN STEP	2026-03-25T09:48:24.7261338Z   GH_TOKEN: ***
sanitize	UNKNOWN STEP	2026-03-25T09:48:24.7261780Z   REPO: bs1gr/AUT_MIEEK_SMS
sanitize	UNKNOWN STEP	2026-03-25T09:48:24.7262269Z   TAG: v1.18.15
sanitize	UNKNOWN STEP	2026-03-25T09:48:24.7262698Z   VERSION: 1.18.15
sanitize	UNKNOWN STEP	2026-03-25T09:48:24.7263135Z ##[endgroup]
sanitize	UNKNOWN STEP	2026-03-25T09:48:24.7355784Z Sanitizing release 'v1.18.15' in bs1gr/AUT_MIEEK_SMS
sanitize	UNKNOWN STEP	2026-03-25T09:48:24.7356590Z Allowed asset: SMS_Installer_1.18.15.exe
sanitize	UNKNOWN STEP	2026-03-25T09:48:25.0009768Z Removed 0 non-allowlisted asset(s).
sanitize	UNKNOWN STEP	2026-03-25T09:48:25.0081484Z ##[group]Run set -euo pipefail
sanitize	UNKNOWN STEP	2026-03-25T09:48:25.0082665Z [36;1mset -euo pipefail[0m
sanitize	UNKNOWN STEP	2026-03-25T09:48:25.0083650Z [36;1m[0m
sanitize	UNKNOWN STEP	2026-03-25T09:48:25.0084618Z [36;1mALLOWED_EXE="SMS_Installer_${VERSION}.exe"[0m
sanitize	UNKNOWN STEP	2026-03-25T09:48:25.0085910Z [36;1m[0m
sanitize	UNKNOWN STEP	2026-03-25T09:48:25.0087648Z [36;1mmapfile -t FINAL_ASSETS < <(gh release view "$TAG" --repo "$REPO" --json assets --jq '.assets[].name')[0m
sanitize	UNKNOWN STEP	2026-03-25T09:48:25.0090070Z [36;1m[0m
sanitize	UNKNOWN STEP	2026-03-25T09:48:25.0090964Z [36;1mprintf 'Final assets on %s:\n' "$TAG"[0m
sanitize	UNKNOWN STEP	2026-03-25T09:48:25.0092289Z [36;1mfor A in "${FINAL_ASSETS[@]}"; do[0m
sanitize	UNKNOWN STEP	2026-03-25T09:48:25.0093472Z [36;1m  echo " - $A"[0m
sanitize	UNKNOWN STEP	2026-03-25T09:48:25.0094397Z [36;1mdone[0m
sanitize	UNKNOWN STEP	2026-03-25T09:48:25.0095191Z [36;1m[0m
sanitize	UNKNOWN STEP	2026-03-25T09:48:25.0096019Z [36;1mfor A in "${FINAL_ASSETS[@]}"; do[0m
sanitize	UNKNOWN STEP	2026-03-25T09:48:25.0097244Z [36;1m  if [ "$A" != "$ALLOWED_EXE" ]; then[0m
sanitize	UNKNOWN STEP	2026-03-25T09:48:25.0098663Z [36;1m    echo "❌ Unexpected asset remains: $A"[0m
sanitize	UNKNOWN STEP	2026-03-25T09:48:25.0099925Z [36;1m    exit 1[0m
sanitize	UNKNOWN STEP	2026-03-25T09:48:25.0100733Z [36;1m  fi[0m
sanitize	UNKNOWN STEP	2026-03-25T09:48:25.0101468Z [36;1mdone[0m
sanitize	UNKNOWN STEP	2026-03-25T09:48:25.0102191Z [36;1m[0m
sanitize	UNKNOWN STEP	2026-03-25T09:48:25.0102885Z [36;1mHAS_EXE=false[0m
sanitize	UNKNOWN STEP	2026-03-25T09:48:25.0103803Z [36;1mfor A in "${FINAL_ASSETS[@]}"; do[0m
sanitize	UNKNOWN STEP	2026-03-25T09:48:25.0105026Z [36;1m  [ "$A" = "$ALLOWED_EXE" ] && HAS_EXE=true[0m
sanitize	UNKNOWN STEP	2026-03-25T09:48:25.0106394Z [36;1mdone[0m
sanitize	UNKNOWN STEP	2026-03-25T09:48:25.0107109Z [36;1m[0m
sanitize	UNKNOWN STEP	2026-03-25T09:48:25.0107846Z [36;1mif [ "$HAS_EXE" != true ]; then[0m
sanitize	UNKNOWN STEP	2026-03-25T09:48:25.0109474Z [36;1m  echo "❌ Required installer asset is missing after sanitization."[0m
sanitize	UNKNOWN STEP	2026-03-25T09:48:25.0111048Z [36;1m  exit 1[0m
sanitize	UNKNOWN STEP	2026-03-25T09:48:25.0111787Z [36;1mfi[0m
sanitize	UNKNOWN STEP	2026-03-25T09:48:25.0112474Z [36;1m[0m
sanitize	UNKNOWN STEP	2026-03-25T09:48:25.0113550Z [36;1mecho "✅ Release '$TAG' assets are clean and installer-only."[0m
sanitize	UNKNOWN STEP	2026-03-25T09:48:25.0164111Z shell: /usr/bin/bash -e {0}
sanitize	UNKNOWN STEP	2026-03-25T09:48:25.0165029Z env:
sanitize	UNKNOWN STEP	2026-03-25T09:48:25.0166108Z   GH_TOKEN: ***
sanitize	UNKNOWN STEP	2026-03-25T09:48:25.0166897Z   REPO: bs1gr/AUT_MIEEK_SMS
sanitize	UNKNOWN STEP	2026-03-25T09:48:25.0167796Z   TAG: v1.18.15
sanitize	UNKNOWN STEP	2026-03-25T09:48:25.0168699Z   VERSION: 1.18.15
sanitize	UNKNOWN STEP	2026-03-25T09:48:25.0169469Z ##[endgroup]
sanitize	UNKNOWN STEP	2026-03-25T09:48:25.2768522Z Final assets on v1.18.15:
sanitize	UNKNOWN STEP	2026-03-25T09:48:25.2770053Z  - SMS_Installer_1.18.15.exe
sanitize	UNKNOWN STEP	2026-03-25T09:48:25.2864647Z ✅ Release 'v1.18.15' assets are clean and installer-only.
sanitize	UNKNOWN STEP	2026-03-25T09:48:25.2938085Z Cleaning up orphan processes
