==== SMART_SETUP started 11/02/2025 23:05:37 ====
[2025-11-02 23:05:37] [INFO] Detecting tooling...
[2025-11-02 23:05:37] [INFO] Python: True, Node: True, Docker: True
[2025-11-02 23:05:37] [INFO] Installing backend dependencies (pip)...
[2025-11-02 23:05:40] [INFO] Installing frontend dependencies (npm ci)...
[2025-11-02 23:06:17] [INFO] Running Alembic migrations...
[2025-11-02 23:06:18] [INFO] Selected mode: docker
[2025-11-02 23:06:18] [INFO] Updated .env with VERSION=1.3.5
[2025-11-02 23:06:18] [INFO] Starting Docker Compose (detached, build)...
[2025-11-02 23:06:18] [INFO] #1 [internal] load local bake definitions
[2025-11-02 23:06:18] [INFO] #1 reading from stdin 1.31kB done
[2025-11-02 23:06:18] [INFO] #1 DONE 0.0s
[2025-11-02 23:06:19] [INFO] 
[2025-11-02 23:06:19] [INFO] #2 [backend internal] load build definition from Dockerfile.backend
[2025-11-02 23:06:19] [INFO] #2 transferring dockerfile: 1.89kB done
[2025-11-02 23:06:19] [INFO] #2 DONE 0.0s
[2025-11-02 23:06:19] [INFO] 
[2025-11-02 23:06:19] [INFO] #3 [frontend internal] load build definition from Dockerfile.frontend
[2025-11-02 23:06:19] [INFO] #3 transferring dockerfile: 1.33kB done
[2025-11-02 23:06:19] [INFO] #3 DONE 0.0s
[2025-11-02 23:06:19] [INFO] 
[2025-11-02 23:06:19] [INFO] #4 [frontend internal] load metadata for docker.io/library/node:22-alpine
[2025-11-02 23:06:19] [INFO] #4 ...
[2025-11-02 23:06:19] [INFO] 
[2025-11-02 23:06:19] [INFO] #5 [auth] library/python:pull token for registry-1.docker.io
[2025-11-02 23:06:19] [INFO] #5 DONE 0.0s
[2025-11-02 23:06:19] [INFO] 
[2025-11-02 23:06:19] [INFO] #6 [auth] library/nginx:pull token for registry-1.docker.io
[2025-11-02 23:06:19] [INFO] #6 DONE 0.0s
[2025-11-02 23:06:19] [INFO] 
[2025-11-02 23:06:19] [INFO] #7 [auth] library/node:pull token for registry-1.docker.io
[2025-11-02 23:06:19] [INFO] #7 DONE 0.0s
[2025-11-02 23:06:19] [INFO] 
[2025-11-02 23:06:19] [INFO] #8 [backend internal] load metadata for docker.io/library/python:3.11-slim
[2025-11-02 23:06:20] [INFO] #8 ...
[2025-11-02 23:06:20] [INFO] 
[2025-11-02 23:06:20] [INFO] #9 [frontend internal] load metadata for docker.io/library/nginx:alpine
[2025-11-02 23:06:20] [INFO] #9 DONE 1.4s
[2025-11-02 23:06:20] [INFO] 
[2025-11-02 23:06:20] [INFO] #8 [backend internal] load metadata for docker.io/library/python:3.11-slim
[2025-11-02 23:06:20] [INFO] #8 DONE 1.4s
[2025-11-02 23:06:20] [INFO] 
[2025-11-02 23:06:20] [INFO] #10 [backend internal] load .dockerignore
[2025-11-02 23:06:20] [INFO] #10 transferring context: 414B done
[2025-11-02 23:06:20] [INFO] #10 DONE 0.0s
[2025-11-02 23:06:20] [INFO] 
[2025-11-02 23:06:20] [INFO] #11 [backend 1/7] FROM docker.io/library/python:3.11-slim@sha256:8eb5fc663972b871c528fef04be4eaa9ab8ab4539a5316c4b8c133771214a617
[2025-11-02 23:06:20] [INFO] #11 resolve docker.io/library/python:3.11-slim@sha256:8eb5fc663972b871c528fef04be4eaa9ab8ab4539a5316c4b8c133771214a617 0.0s done
[2025-11-02 23:06:20] [INFO] #11 DONE 0.0s
[2025-11-02 23:06:20] [INFO] 
[2025-11-02 23:06:20] [INFO] #4 [frontend internal] load metadata for docker.io/library/node:22-alpine
[2025-11-02 23:06:20] [INFO] #4 DONE 1.5s
[2025-11-02 23:06:20] [INFO] 
[2025-11-02 23:06:20] [INFO] #12 [backend internal] load build context
[2025-11-02 23:06:20] [INFO] #12 ...
[2025-11-02 23:06:20] [INFO] 
[2025-11-02 23:06:20] [INFO] #10 [frontend internal] load .dockerignore
[2025-11-02 23:06:20] [INFO] #10 transferring context: 414B done
[2025-11-02 23:06:20] [INFO] #10 DONE 0.0s
[2025-11-02 23:06:20] [INFO] 
[2025-11-02 23:06:20] [INFO] #13 [frontend stage-1 1/3] FROM docker.io/library/nginx:alpine@sha256:b3c656d55d7ad751196f21b7fd2e8d4da9cb430e32f646adcf92441b72f82b14
[2025-11-02 23:06:20] [INFO] #13 resolve docker.io/library/nginx:alpine@sha256:b3c656d55d7ad751196f21b7fd2e8d4da9cb430e32f646adcf92441b72f82b14 0.1s done
[2025-11-02 23:06:20] [INFO] #13 DONE 0.1s
[2025-11-02 23:06:20] [INFO] 
[2025-11-02 23:06:20] [INFO] #14 [frontend build 1/6] FROM docker.io/library/node:22-alpine@sha256:b2358485e3e33bc3a33114d2b1bdb18cdbe4df01bd2b257198eb51beb1f026c5
[2025-11-02 23:06:20] [INFO] #14 resolve docker.io/library/node:22-alpine@sha256:b2358485e3e33bc3a33114d2b1bdb18cdbe4df01bd2b257198eb51beb1f026c5 0.1s done
[2025-11-02 23:06:20] [INFO] #14 DONE 0.1s
[2025-11-02 23:06:20] [INFO] 
[2025-11-02 23:06:20] [INFO] #12 [backend internal] load build context
[2025-11-02 23:06:20] [INFO] #12 transferring context: 822.43kB 0.2s done
[2025-11-02 23:06:20] [INFO] #12 DONE 0.2s
[2025-11-02 23:06:20] [INFO] 
[2025-11-02 23:06:20] [INFO] #15 [backend 2/7] RUN apt-get update -y && apt-get install -y --no-install-recommends     build-essential curl ca-certificates     && rm -rf /var/lib/apt/lists/*
[2025-11-02 23:06:20] [INFO] #15 CACHED
[2025-11-02 23:06:20] [INFO] 
[2025-11-02 23:06:20] [INFO] #16 [backend 3/7] WORKDIR /app
[2025-11-02 23:06:20] [INFO] #16 CACHED
[2025-11-02 23:06:20] [INFO] 
[2025-11-02 23:06:20] [INFO] #17 [backend 4/7] COPY backend/requirements.txt /app/backend/requirements.txt
[2025-11-02 23:06:20] [INFO] #17 DONE 0.0s
[2025-11-02 23:06:20] [INFO] 
[2025-11-02 23:06:20] [INFO] #18 [frontend internal] load build context
[2025-11-02 23:06:20] [INFO] #18 transferring context: 740.27kB 0.4s done
[2025-11-02 23:06:20] [INFO] #18 DONE 0.5s
[2025-11-02 23:06:20] [INFO] 
[2025-11-02 23:06:20] [INFO] #19 [frontend build 2/6] WORKDIR /app/frontend
[2025-11-02 23:06:20] [INFO] #19 CACHED
[2025-11-02 23:06:20] [INFO] 
[2025-11-02 23:06:20] [INFO] #20 [frontend build 3/6] COPY frontend/package*.json ./
[2025-11-02 23:06:20] [INFO] #20 CACHED
[2025-11-02 23:06:20] [INFO] 
[2025-11-02 23:06:20] [INFO] #21 [frontend build 4/6] RUN if [ -f package-lock.json ]; then npm ci; else npm install; fi
[2025-11-02 23:06:20] [INFO] #21 CACHED
[2025-11-02 23:06:20] [INFO] 
[2025-11-02 23:06:20] [INFO] #22 [frontend build 5/6] COPY frontend/ .
[2025-11-02 23:06:20] [INFO] #22 DONE 0.1s
[2025-11-02 23:06:20] [INFO] 
[2025-11-02 23:06:20] [INFO] #23 [backend 5/7] RUN python -m pip install --upgrade pip &&      pip install --no-cache-dir -r /app/backend/requirements.txt
[2025-11-02 23:06:22] [INFO] #23 1.568 Requirement already satisfied: pip in /usr/local/lib/python3.11/site-packages (24.0)
[2025-11-02 23:06:22] [INFO] #23 1.882 Collecting pip
[2025-11-02 23:06:22] [INFO] #23 2.105   Downloading pip-25.3-py3-none-any.whl.metadata (4.7 kB)
[2025-11-02 23:06:22] [INFO] #23 2.178 Downloading pip-25.3-py3-none-any.whl (1.8 MB)
[2025-11-02 23:06:23] [INFO] #23 2.574    έΦΒέΦΒέΦΒέΦΒέΦΒέΦΒέΦΒέΦΒέΦΒέΦΒέΦΒέΦΒέΦΒέΦΒέΦΒέΦΒέΦΒέΦΒέΦΒέΦΒέΦΒέΦΒέΦΒέΦΒέΦΒέΦΒέΦΒέΦΒέΦΒέΦΒέΦΒέΦΒέΦΒέΦΒέΦΒέΦΒέΦΒέΦΒέΦΒέΦΒ 1.8/1.8 MB 4.5 MB/s eta 0:00:00
[2025-11-02 23:06:23] [INFO] #23 2.638 Installing collected packages: pip
[2025-11-02 23:06:23] [INFO] #23 2.638   Attempting uninstall: pip
[2025-11-02 23:06:23] [INFO] #23 2.640     Found existing installation: pip 24.0
[2025-11-02 23:06:23] [INFO] #23 2.697     Uninstalling pip-24.0:
[2025-11-02 23:06:23] [INFO] #23 2.889       Successfully uninstalled pip-24.0
[2025-11-02 23:06:24] [INFO] #23 3.596 Successfully installed pip-25.3
[2025-11-02 23:06:24] [INFO] #23 3.596 WARNING: Running pip as the 'root' user can result in broken permissions and conflicting behaviour with the system package manager. It is recommended to use a virtual environment instead: https://pip.pypa.io/warnings/venv
[2025-11-02 23:06:25] [INFO] #23 ...
[2025-11-02 23:06:25] [INFO] 
[2025-11-02 23:06:25] [INFO] #24 [frontend build 6/6] RUN npm run build
[2025-11-02 23:06:25] [INFO] #24 0.653 
[2025-11-02 23:06:25] [INFO] #24 0.653 > student-management-frontend@1.0.0 build
[2025-11-02 23:06:25] [INFO] #24 0.653 > vite build
[2025-11-02 23:06:25] [INFO] #24 0.653 
[2025-11-02 23:06:25] [INFO] #24 0.915 vite v5.4.21 building for production...
[2025-11-02 23:06:25] [INFO] #24 0.968 transforming...
[2025-11-02 23:06:25] [INFO] #24 4.367 έεΥ 1707 modules transformed.
[2025-11-02 23:06:25] [INFO] #24 4.524 rendering chunks...
[2025-11-02 23:06:25] [INFO] #24 4.537 [plugin:vite:reporter] [plugin vite:reporter] 
[2025-11-02 23:06:25] [INFO] #24 4.537 (!) /app/frontend/src/utils/errorReporting.js is dynamically imported by /app/frontend/src/ErrorBoundary.jsx but also statically imported by /app/frontend/src/main.jsx, dynamic import will not move module into another chunk.
[2025-11-02 23:06:25] [INFO] #24 4.537 
[2025-11-02 23:06:25] [INFO] #24 4.555 computing gzip size...
[2025-11-02 23:06:25] [INFO] #24 4.572 dist/index.html                                 2.35 kB έΦΓ gzip:  0.92 kB
[2025-11-02 23:06:25] [INFO] #24 4.572 dist/assets/index-BrO0KFLl.css                 49.27 kB έΦΓ gzip:  8.07 kB
[2025-11-02 23:06:25] [INFO] #24 4.573 dist/assets/StudentManagementApp-Csnxz_s9.js  243.14 kB έΦΓ gzip: 59.35 kB
[2025-11-02 23:06:25] [INFO] #24 4.573 dist/assets/index-DiZjK8oC.js                 299.19 kB έΦΓ gzip: 99.05 kB
[2025-11-02 23:06:25] [INFO] #24 4.573 έεΥ built in 3.63s
[2025-11-02 23:06:25] [INFO] #24 DONE 4.7s
[2025-11-02 23:06:25] [INFO] 
[2025-11-02 23:06:25] [INFO] #23 [backend 5/7] RUN python -m pip install --upgrade pip &&      pip install --no-cache-dir -r /app/backend/requirements.txt
[2025-11-02 23:06:25] [INFO] #23 4.906 Collecting fastapi==0.120.0 (from -r /app/backend/requirements.txt (line 3))
[2025-11-02 23:06:25] [INFO] #23 5.113   Downloading fastapi-0.120.0-py3-none-any.whl.metadata (28 kB)
[2025-11-02 23:06:25] [INFO] #23 5.226 Collecting uvicorn==0.38.0 (from uvicorn[standard]==0.38.0->-r /app/backend/requirements.txt (line 4))
[2025-11-02 23:06:26] [INFO] #23 5.294   Downloading uvicorn-0.38.0-py3-none-any.whl.metadata (6.8 kB)
[2025-11-02 23:06:26] [INFO] #23 ...
[2025-11-02 23:06:26] [INFO] 
[2025-11-02 23:06:26] [INFO] #13 [frontend stage-1 1/3] FROM docker.io/library/nginx:alpine@sha256:b3c656d55d7ad751196f21b7fd2e8d4da9cb430e32f646adcf92441b72f82b14
[2025-11-02 23:06:26] [INFO] #13 CACHED
[2025-11-02 23:06:26] [INFO] 
[2025-11-02 23:06:26] [INFO] #25 [frontend stage-1 2/3] COPY --from=build /app/frontend/dist /usr/share/nginx/html
[2025-11-02 23:06:26] [INFO] #25 DONE 0.0s
[2025-11-02 23:06:26] [INFO] 
[2025-11-02 23:06:26] [INFO] #26 [frontend stage-1 3/3] COPY docker/nginx.conf /etc/nginx/conf.d/default.conf
[2025-11-02 23:06:26] [INFO] #26 DONE 0.0s
[2025-11-02 23:06:26] [INFO] 
[2025-11-02 23:06:26] [INFO] #27 [frontend] exporting to image
[2025-11-02 23:06:26] [INFO] #27 exporting layers 0.1s done
[2025-11-02 23:06:26] [INFO] #27 exporting manifest sha256:a91d02ead7fb5963be5ecdc736093d309686ccc987a9b0921f333a58295c1f9f 0.0s done
[2025-11-02 23:06:26] [INFO] #27 exporting config sha256:a22d5a5bbbd803efebde38598e7cdd1db2f5b52bf80858dadf8d8563737a08f1 0.0s done
[2025-11-02 23:06:26] [INFO] #27 exporting attestation manifest sha256:0b5f2523210b6b7d830acc5f50ba95ee50fc6311d9d65e12afc22c1cd084e206 0.0s done
[2025-11-02 23:06:26] [INFO] #27 exporting manifest list sha256:32c4a5b493509b62efd4cf325ce83bbc104c2843856243c570e1b67735cdd581 0.0s done
[2025-11-02 23:06:26] [INFO] #27 naming to docker.io/library/sms-frontend:1.3.5 done
[2025-11-02 23:06:26] [INFO] #27 unpacking to docker.io/library/sms-frontend:1.3.5
[2025-11-02 23:06:26] [INFO] #27 unpacking to docker.io/library/sms-frontend:1.3.5 0.0s done
[2025-11-02 23:06:26] [INFO] #27 DONE 0.3s
[2025-11-02 23:06:26] [INFO] 
[2025-11-02 23:06:26] [INFO] #23 [backend 5/7] RUN python -m pip install --upgrade pip &&      pip install --no-cache-dir -r /app/backend/requirements.txt
[2025-11-02 23:06:26] [INFO] #23 5.717 Collecting sqlalchemy==2.0.44 (from -r /app/backend/requirements.txt (line 5))
[2025-11-02 23:06:26] [INFO] #23 5.792   Downloading sqlalchemy-2.0.44-cp311-cp311-manylinux_2_17_x86_64.manylinux2014_x86_64.whl.metadata (9.5 kB)
[2025-11-02 23:06:26] [INFO] #23 5.999 Collecting pydantic==2.12.3 (from -r /app/backend/requirements.txt (line 6))
[2025-11-02 23:06:26] [INFO] #23 ...
[2025-11-02 23:06:26] [INFO] 
[2025-11-02 23:06:26] [INFO] #28 [frontend] resolving provenance for metadata file
[2025-11-02 23:06:26] [INFO] #28 DONE 0.0s
[2025-11-02 23:06:26] [INFO] 
[2025-11-02 23:06:26] [INFO] #23 [backend 5/7] RUN python -m pip install --upgrade pip &&      pip install --no-cache-dir -r /app/backend/requirements.txt
[2025-11-02 23:06:26] [INFO] #23 6.059   Downloading pydantic-2.12.3-py3-none-any.whl.metadata (87 kB)
[2025-11-02 23:06:26] [INFO] #23 6.200 Collecting email-validator==2.3.0 (from -r /app/backend/requirements.txt (line 7))
[2025-11-02 23:06:26] [INFO] #23 6.264   Downloading email_validator-2.3.0-py3-none-any.whl.metadata (26 kB)
[2025-11-02 23:06:26] [INFO] #23 6.339 Collecting python-multipart==0.0.20 (from -r /app/backend/requirements.txt (line 8))
[2025-11-02 23:06:27] [INFO] #23 6.400   Downloading python_multipart-0.0.20-py3-none-any.whl.metadata (1.8 kB)
[2025-11-02 23:06:27] [INFO] #23 6.468 Collecting openpyxl==3.1.5 (from -r /app/backend/requirements.txt (line 9))
[2025-11-02 23:06:27] [INFO] #23 6.531   Downloading openpyxl-3.1.5-py2.py3-none-any.whl.metadata (2.5 kB)
[2025-11-02 23:06:27] [INFO] #23 6.723 Collecting reportlab==4.4.4 (from -r /app/backend/requirements.txt (line 10))
[2025-11-02 23:06:27] [INFO] #23 6.786   Downloading reportlab-4.4.4-py3-none-any.whl.metadata (1.7 kB)
[2025-11-02 23:06:27] [INFO] #23 6.863 Collecting pydantic-settings==2.11.0 (from -r /app/backend/requirements.txt (line 11))
[2025-11-02 23:06:27] [INFO] #23 6.924   Downloading pydantic_settings-2.11.0-py3-none-any.whl.metadata (3.4 kB)
[2025-11-02 23:06:27] [INFO] #23 7.001 Collecting alembic==1.17.0 (from -r /app/backend/requirements.txt (line 12))
[2025-11-02 23:06:27] [INFO] #23 7.093   Downloading alembic-1.17.0-py3-none-any.whl.metadata (7.2 kB)
[2025-11-02 23:06:27] [INFO] #23 7.213 Collecting psutil==7.1.1 (from -r /app/backend/requirements.txt (line 13))
[2025-11-02 23:06:27] [INFO] #23 7.277   Downloading psutil-7.1.1-cp36-abi3-manylinux_2_12_x86_64.manylinux2010_x86_64.manylinux_2_17_x86_64.manylinux2014_x86_64.whl.metadata (23 kB)
[2025-11-02 23:06:27] [INFO] #23 7.371 Collecting pytest==8.3.3 (from -r /app/backend/requirements.txt (line 14))
[2025-11-02 23:06:28] [INFO] #23 7.434   Downloading pytest-8.3.3-py3-none-any.whl.metadata (7.5 kB)
[2025-11-02 23:06:28] [INFO] #23 7.510 Collecting pytest-cov==6.0.0 (from -r /app/backend/requirements.txt (line 15))
[2025-11-02 23:06:28] [INFO] #23 7.580   Downloading pytest_cov-6.0.0-py3-none-any.whl.metadata (27 kB)
[2025-11-02 23:06:28] [INFO] #23 7.675 Collecting httpx==0.27.2 (from -r /app/backend/requirements.txt (line 16))
[2025-11-02 23:06:28] [INFO] #23 7.737   Downloading httpx-0.27.2-py3-none-any.whl.metadata (7.1 kB)
[2025-11-02 23:06:28] [INFO] #23 7.807 Collecting slowapi==0.1.9 (from -r /app/backend/requirements.txt (line 17))
[2025-11-02 23:06:28] [INFO] #23 7.873   Downloading slowapi-0.1.9-py3-none-any.whl.metadata (3.0 kB)
[2025-11-02 23:06:28] [INFO] #23 7.941 Collecting passlib==1.7.4 (from passlib[bcrypt]==1.7.4->-r /app/backend/requirements.txt (line 18))
[2025-11-02 23:06:28] [INFO] #23 8.001   Downloading passlib-1.7.4-py2.py3-none-any.whl.metadata (1.7 kB)
[2025-11-02 23:06:28] [INFO] #23 8.072 Collecting PyJWT==2.9.0 (from -r /app/backend/requirements.txt (line 19))
[2025-11-02 23:06:28] [INFO] #23 8.141   Downloading PyJWT-2.9.0-py3-none-any.whl.metadata (3.0 kB)
[2025-11-02 23:06:28] [INFO] #23 8.227 Collecting sqlalchemy2-stubs (from -r /app/backend/requirements.txt (line 20))
[2025-11-02 23:06:28] [INFO] #23 8.290   Downloading sqlalchemy2_stubs-0.0.2a38-py3-none-any.whl.metadata (3.0 kB)
[2025-11-02 23:06:28] [INFO] #23 8.371 Collecting starlette<0.49.0,>=0.40.0 (from fastapi==0.120.0->-r /app/backend/requirements.txt (line 3))
[2025-11-02 23:06:29] [INFO] #23 8.434   Downloading starlette-0.48.0-py3-none-any.whl.metadata (6.3 kB)
[2025-11-02 23:06:29] [INFO] #23 8.530 Collecting typing-extensions>=4.8.0 (from fastapi==0.120.0->-r /app/backend/requirements.txt (line 3))
[2025-11-02 23:06:29] [INFO] #23 8.590   Downloading typing_extensions-4.15.0-py3-none-any.whl.metadata (3.3 kB)
[2025-11-02 23:06:29] [INFO] #23 8.655 Collecting annotated-doc>=0.0.2 (from fastapi==0.120.0->-r /app/backend/requirements.txt (line 3))
[2025-11-02 23:06:29] [INFO] #23 8.718   Downloading annotated_doc-0.0.3-py3-none-any.whl.metadata (6.6 kB)
[2025-11-02 23:06:29] [INFO] #23 8.786 Collecting annotated-types>=0.6.0 (from pydantic==2.12.3->-r /app/backend/requirements.txt (line 6))
[2025-11-02 23:06:29] [INFO] #23 8.847   Downloading annotated_types-0.7.0-py3-none-any.whl.metadata (15 kB)
[2025-11-02 23:06:30] [INFO] #23 9.622 Collecting pydantic-core==2.41.4 (from pydantic==2.12.3->-r /app/backend/requirements.txt (line 6))
[2025-11-02 23:06:30] [INFO] #23 9.687   Downloading pydantic_core-2.41.4-cp311-cp311-manylinux_2_17_x86_64.manylinux2014_x86_64.whl.metadata (7.3 kB)
[2025-11-02 23:06:30] [INFO] #23 9.753 Collecting typing-inspection>=0.4.2 (from pydantic==2.12.3->-r /app/backend/requirements.txt (line 6))
[2025-11-02 23:06:30] [INFO] #23 9.816   Downloading typing_inspection-0.4.2-py3-none-any.whl.metadata (2.6 kB)
[2025-11-02 23:06:30] [INFO] #23 9.901 Collecting click>=7.0 (from uvicorn==0.38.0->uvicorn[standard]==0.38.0->-r /app/backend/requirements.txt (line 4))
[2025-11-02 23:06:30] [INFO] #23 9.962   Downloading click-8.3.0-py3-none-any.whl.metadata (2.6 kB)
[2025-11-02 23:06:30] [INFO] #23 10.05 Collecting h11>=0.8 (from uvicorn==0.38.0->uvicorn[standard]==0.38.0->-r /app/backend/requirements.txt (line 4))
[2025-11-02 23:06:30] [INFO] #23 10.11   Downloading h11-0.16.0-py3-none-any.whl.metadata (8.3 kB)
[2025-11-02 23:06:30] [INFO] #23 10.29 Collecting greenlet>=1 (from sqlalchemy==2.0.44->-r /app/backend/requirements.txt (line 5))
[2025-11-02 23:06:31] [INFO] #23 10.35   Downloading greenlet-3.2.4-cp311-cp311-manylinux_2_24_x86_64.manylinux_2_28_x86_64.whl.metadata (4.1 kB)
[2025-11-02 23:06:31] [INFO] #23 10.42 Collecting dnspython>=2.0.0 (from email-validator==2.3.0->-r /app/backend/requirements.txt (line 7))
[2025-11-02 23:06:31] [INFO] #23 10.49   Downloading dnspython-2.8.0-py3-none-any.whl.metadata (5.7 kB)
[2025-11-02 23:06:31] [INFO] #23 10.56 Collecting idna>=2.0.0 (from email-validator==2.3.0->-r /app/backend/requirements.txt (line 7))
[2025-11-02 23:06:31] [INFO] #23 10.62   Downloading idna-3.11-py3-none-any.whl.metadata (8.4 kB)
[2025-11-02 23:06:31] [INFO] #23 10.69 Collecting et-xmlfile (from openpyxl==3.1.5->-r /app/backend/requirements.txt (line 9))
[2025-11-02 23:06:31] [INFO] #23 10.75   Downloading et_xmlfile-2.0.0-py3-none-any.whl.metadata (2.7 kB)
[2025-11-02 23:06:31] [INFO] #23 10.98 Collecting pillow>=9.0.0 (from reportlab==4.4.4->-r /app/backend/requirements.txt (line 10))
[2025-11-02 23:06:31] [INFO] #23 11.04   Downloading pillow-12.0.0-cp311-cp311-manylinux_2_27_x86_64.manylinux_2_28_x86_64.whl.metadata (8.8 kB)
[2025-11-02 23:06:31] [INFO] #23 11.23 Collecting charset-normalizer (from reportlab==4.4.4->-r /app/backend/requirements.txt (line 10))
[2025-11-02 23:06:32] [INFO] #23 11.29   Downloading charset_normalizer-3.4.4-cp311-cp311-manylinux2014_x86_64.manylinux_2_17_x86_64.manylinux_2_28_x86_64.whl.metadata (37 kB)
[2025-11-02 23:06:32] [INFO] #23 11.39 Collecting python-dotenv>=0.21.0 (from pydantic-settings==2.11.0->-r /app/backend/requirements.txt (line 11))
[2025-11-02 23:06:32] [INFO] #23 11.46   Downloading python_dotenv-1.2.1-py3-none-any.whl.metadata (25 kB)
[2025-11-02 23:06:32] [INFO] #23 11.54 Collecting Mako (from alembic==1.17.0->-r /app/backend/requirements.txt (line 12))
[2025-11-02 23:06:32] [INFO] #23 11.61   Downloading mako-1.3.10-py3-none-any.whl.metadata (2.9 kB)
[2025-11-02 23:06:32] [INFO] #23 11.67 Collecting iniconfig (from pytest==8.3.3->-r /app/backend/requirements.txt (line 14))
[2025-11-02 23:06:32] [INFO] #23 11.73   Downloading iniconfig-2.3.0-py3-none-any.whl.metadata (2.5 kB)
[2025-11-02 23:06:32] [INFO] #23 11.80 Collecting packaging (from pytest==8.3.3->-r /app/backend/requirements.txt (line 14))
[2025-11-02 23:06:32] [INFO] #23 11.87   Downloading packaging-25.0-py3-none-any.whl.metadata (3.3 kB)
[2025-11-02 23:06:32] [INFO] #23 11.94 Collecting pluggy<2,>=1.5 (from pytest==8.3.3->-r /app/backend/requirements.txt (line 14))
[2025-11-02 23:06:32] [INFO] #23 12.00   Downloading pluggy-1.6.0-py3-none-any.whl.metadata (4.8 kB)
[2025-11-02 23:06:33] [INFO] #23 12.41 Collecting coverage>=7.5 (from coverage[toml]>=7.5->pytest-cov==6.0.0->-r /app/backend/requirements.txt (line 15))
[2025-11-02 23:06:33] [INFO] #23 12.47   Downloading coverage-7.11.0-cp311-cp311-manylinux1_x86_64.manylinux_2_28_x86_64.manylinux_2_5_x86_64.whl.metadata (9.0 kB)
[2025-11-02 23:06:33] [INFO] #23 12.55 Collecting anyio (from httpx==0.27.2->-r /app/backend/requirements.txt (line 16))
[2025-11-02 23:06:33] [INFO] #23 12.61   Downloading anyio-4.11.0-py3-none-any.whl.metadata (4.1 kB)
[2025-11-02 23:06:33] [INFO] #23 12.68 Collecting certifi (from httpx==0.27.2->-r /app/backend/requirements.txt (line 16))
[2025-11-02 23:06:33] [INFO] #23 12.75   Downloading certifi-2025.10.5-py3-none-any.whl.metadata (2.5 kB)
[2025-11-02 23:06:33] [INFO] #23 12.82 Collecting httpcore==1.* (from httpx==0.27.2->-r /app/backend/requirements.txt (line 16))
[2025-11-02 23:06:33] [INFO] #23 12.88   Downloading httpcore-1.0.9-py3-none-any.whl.metadata (21 kB)
[2025-11-02 23:06:33] [INFO] #23 12.95 Collecting sniffio (from httpx==0.27.2->-r /app/backend/requirements.txt (line 16))
[2025-11-02 23:06:33] [INFO] #23 13.01   Downloading sniffio-1.3.1-py3-none-any.whl.metadata (3.9 kB)
[2025-11-02 23:06:33] [INFO] #23 13.09 Collecting limits>=2.3 (from slowapi==0.1.9->-r /app/backend/requirements.txt (line 17))
[2025-11-02 23:06:33] [INFO] #23 13.16   Downloading limits-5.6.0-py3-none-any.whl.metadata (10 kB)
[2025-11-02 23:06:33] [INFO] #23 13.26 Collecting bcrypt>=3.1.0 (from passlib[bcrypt]==1.7.4->-r /app/backend/requirements.txt (line 18))
[2025-11-02 23:06:34] [INFO] #23 13.33   Downloading bcrypt-5.0.0-cp39-abi3-manylinux_2_34_x86_64.whl.metadata (10 kB)
[2025-11-02 23:06:34] [INFO] #23 13.41 Collecting httptools>=0.6.3 (from uvicorn[standard]==0.38.0->-r /app/backend/requirements.txt (line 4))
[2025-11-02 23:06:34] [INFO] #23 13.47   Downloading httptools-0.7.1-cp311-cp311-manylinux1_x86_64.manylinux_2_28_x86_64.manylinux_2_5_x86_64.whl.metadata (3.5 kB)
[2025-11-02 23:06:34] [INFO] #23 13.64 Collecting pyyaml>=5.1 (from uvicorn[standard]==0.38.0->-r /app/backend/requirements.txt (line 4))
[2025-11-02 23:06:34] [INFO] #23 13.70   Downloading pyyaml-6.0.3-cp311-cp311-manylinux2014_x86_64.manylinux_2_17_x86_64.manylinux_2_28_x86_64.whl.metadata (2.4 kB)
[2025-11-02 23:06:34] [INFO] #23 13.79 Collecting uvloop>=0.15.1 (from uvicorn[standard]==0.38.0->-r /app/backend/requirements.txt (line 4))
[2025-11-02 23:06:34] [INFO] #23 13.85   Downloading uvloop-0.22.1-cp311-cp311-manylinux2014_x86_64.manylinux_2_17_x86_64.manylinux_2_28_x86_64.whl.metadata (4.9 kB)
[2025-11-02 23:06:34] [INFO] #23 13.98 Collecting watchfiles>=0.13 (from uvicorn[standard]==0.38.0->-r /app/backend/requirements.txt (line 4))
[2025-11-02 23:06:34] [INFO] #23 14.05   Downloading watchfiles-1.1.1-cp311-cp311-manylinux_2_17_x86_64.manylinux2014_x86_64.whl.metadata (4.9 kB)
[2025-11-02 23:06:34] [INFO] #23 14.19 Collecting websockets>=10.4 (from uvicorn[standard]==0.38.0->-r /app/backend/requirements.txt (line 4))
[2025-11-02 23:06:35] [INFO] #23 14.26   Downloading websockets-15.0.1-cp311-cp311-manylinux_2_5_x86_64.manylinux1_x86_64.manylinux_2_17_x86_64.manylinux2014_x86_64.whl.metadata (6.8 kB)
[2025-11-02 23:06:35] [INFO] #23 14.38 Collecting deprecated>=1.2 (from limits>=2.3->slowapi==0.1.9->-r /app/backend/requirements.txt (line 17))
[2025-11-02 23:06:35] [INFO] #23 14.44   Downloading deprecated-1.3.1-py2.py3-none-any.whl.metadata (5.9 kB)
[2025-11-02 23:06:35] [INFO] #23 14.64 Collecting wrapt<3,>=1.10 (from deprecated>=1.2->limits>=2.3->slowapi==0.1.9->-r /app/backend/requirements.txt (line 17))
[2025-11-02 23:06:35] [INFO] #23 14.70   Downloading wrapt-2.0.0-cp311-cp311-manylinux1_x86_64.manylinux_2_28_x86_64.manylinux_2_5_x86_64.whl.metadata (8.8 kB)
[2025-11-02 23:06:35] [INFO] #23 14.83 Collecting MarkupSafe>=0.9.2 (from Mako->alembic==1.17.0->-r /app/backend/requirements.txt (line 12))
[2025-11-02 23:06:35] [INFO] #23 14.89   Downloading markupsafe-3.0.3-cp311-cp311-manylinux2014_x86_64.manylinux_2_17_x86_64.manylinux_2_28_x86_64.whl.metadata (2.7 kB)
[2025-11-02 23:06:35] [INFO] #23 14.96 Downloading fastapi-0.120.0-py3-none-any.whl (108 kB)
[2025-11-02 23:06:35] [INFO] #23 15.04 Downloading pydantic-2.12.3-py3-none-any.whl (462 kB)
[2025-11-02 23:06:35] [INFO] #23 15.24 Downloading uvicorn-0.38.0-py3-none-any.whl (68 kB)
[2025-11-02 23:06:36] [INFO] #23 15.31 Downloading sqlalchemy-2.0.44-cp311-cp311-manylinux_2_17_x86_64.manylinux2014_x86_64.whl (3.3 MB)
[2025-11-02 23:06:36] [INFO] #23 15.57    έΦΒέΦΒέΦΒέΦΒέΦΒέΦΒέΦΒέΦΒέΦΒέΦΒέΦΒέΦΒέΦΒέΦΒέΦΒέΦΒέΦΒέΦΒέΦΒέΦΒέΦΒέΦΒέΦΒέΦΒέΦΒέΦΒέΦΒέΦΒέΦΒέΦΒέΦΒέΦΒέΦΒέΦΒέΦΒέΦΒέΦΒέΦΒέΦΒέΦΒ 3.3/3.3 MB 12.8 MB/s  0:00:00
[2025-11-02 23:06:36] [INFO] #23 15.63 Downloading email_validator-2.3.0-py3-none-any.whl (35 kB)
[2025-11-02 23:06:36] [INFO] #23 15.70 Downloading python_multipart-0.0.20-py3-none-any.whl (24 kB)
[2025-11-02 23:06:36] [INFO] #23 15.77 Downloading openpyxl-3.1.5-py2.py3-none-any.whl (250 kB)
[2025-11-02 23:06:36] [INFO] #23 15.85 Downloading reportlab-4.4.4-py3-none-any.whl (2.0 MB)
[2025-11-02 23:06:36] [INFO] #23 15.98    έΦΒέΦΒέΦΒέΦΒέΦΒέΦΒέΦΒέΦΒέΦΒέΦΒέΦΒέΦΒέΦΒέΦΒέΦΒέΦΒέΦΒέΦΒέΦΒέΦΒέΦΒέΦΒέΦΒέΦΒέΦΒέΦΒέΦΒέΦΒέΦΒέΦΒέΦΒέΦΒέΦΒέΦΒέΦΒέΦΒέΦΒέΦΒέΦΒέΦΒ 2.0/2.0 MB 15.7 MB/s  0:00:00
[2025-11-02 23:06:36] [INFO] #23 16.04 Downloading pydantic_settings-2.11.0-py3-none-any.whl (48 kB)
[2025-11-02 23:06:36] [INFO] #23 16.11 Downloading alembic-1.17.0-py3-none-any.whl (247 kB)
[2025-11-02 23:06:36] [INFO] #23 16.19 Downloading psutil-7.1.1-cp36-abi3-manylinux_2_12_x86_64.manylinux2010_x86_64.manylinux_2_17_x86_64.manylinux2014_x86_64.whl (290 kB)
[2025-11-02 23:06:36] [INFO] #23 16.27 Downloading pytest-8.3.3-py3-none-any.whl (342 kB)
[2025-11-02 23:06:37] [INFO] #23 16.35 Downloading pytest_cov-6.0.0-py3-none-any.whl (22 kB)
[2025-11-02 23:06:37] [INFO] #23 16.41 Downloading httpx-0.27.2-py3-none-any.whl (76 kB)
[2025-11-02 23:06:37] [INFO] #23 16.48 Downloading slowapi-0.1.9-py3-none-any.whl (14 kB)
[2025-11-02 23:06:37] [INFO] #23 16.55 Downloading passlib-1.7.4-py2.py3-none-any.whl (525 kB)
[2025-11-02 23:06:37] [INFO] #23 16.57    έΦΒέΦΒέΦΒέΦΒέΦΒέΦΒέΦΒέΦΒέΦΒέΦΒέΦΒέΦΒέΦΒέΦΒέΦΒέΦΒέΦΒέΦΒέΦΒέΦΒέΦΒέΦΒέΦΒέΦΒέΦΒέΦΒέΦΒέΦΒέΦΒέΦΒέΦΒέΦΒέΦΒέΦΒέΦΒέΦΒέΦΒέΦΒέΦΒέΦΒ 525.6/525.6 kB 18.9 MB/s  0:00:00
[2025-11-02 23:06:37] [INFO] #23 16.63 Downloading PyJWT-2.9.0-py3-none-any.whl (22 kB)
[2025-11-02 23:06:37] [INFO] #23 16.70 Downloading pydantic_core-2.41.4-cp311-cp311-manylinux_2_17_x86_64.manylinux2014_x86_64.whl (2.1 MB)
[2025-11-02 23:06:37] [INFO] #23 16.82    έΦΒέΦΒέΦΒέΦΒέΦΒέΦΒέΦΒέΦΒέΦΒέΦΒέΦΒέΦΒέΦΒέΦΒέΦΒέΦΒέΦΒέΦΒέΦΒέΦΒέΦΒέΦΒέΦΒέΦΒέΦΒέΦΒέΦΒέΦΒέΦΒέΦΒέΦΒέΦΒέΦΒέΦΒέΦΒέΦΒέΦΒέΦΒέΦΒέΦΒ 2.1/2.1 MB 17.4 MB/s  0:00:00
[2025-11-02 23:06:37] [INFO] #23 16.88 Downloading httpcore-1.0.9-py3-none-any.whl (78 kB)
[2025-11-02 23:06:37] [INFO] #23 16.94 Downloading pluggy-1.6.0-py3-none-any.whl (20 kB)
[2025-11-02 23:06:37] [INFO] #23 17.01 Downloading starlette-0.48.0-py3-none-any.whl (73 kB)
[2025-11-02 23:06:37] [INFO] #23 17.08 Downloading anyio-4.11.0-py3-none-any.whl (109 kB)
[2025-11-02 23:06:37] [INFO] #23 17.16 Downloading sqlalchemy2_stubs-0.0.2a38-py3-none-any.whl (191 kB)
[2025-11-02 23:06:37] [INFO] #23 17.23 Downloading annotated_doc-0.0.3-py3-none-any.whl (5.5 kB)
[2025-11-02 23:06:37] [INFO] #23 17.30 Downloading annotated_types-0.7.0-py3-none-any.whl (13 kB)
[2025-11-02 23:06:37] [INFO] #23 17.36 Downloading bcrypt-5.0.0-cp39-abi3-manylinux_2_34_x86_64.whl (278 kB)
[2025-11-02 23:06:38] [INFO] #23 17.43 Downloading click-8.3.0-py3-none-any.whl (107 kB)
[2025-11-02 23:06:38] [INFO] #23 17.51 Downloading coverage-7.11.0-cp311-cp311-manylinux1_x86_64.manylinux_2_28_x86_64.manylinux_2_5_x86_64.whl (248 kB)
[2025-11-02 23:06:38] [INFO] #23 17.59 Downloading dnspython-2.8.0-py3-none-any.whl (331 kB)
[2025-11-02 23:06:38] [INFO] #23 17.71 Downloading greenlet-3.2.4-cp311-cp311-manylinux_2_24_x86_64.manylinux_2_28_x86_64.whl (587 kB)
[2025-11-02 23:06:38] [INFO] #23 17.74    έΦΒέΦΒέΦΒέΦΒέΦΒέΦΒέΦΒέΦΒέΦΒέΦΒέΦΒέΦΒέΦΒέΦΒέΦΒέΦΒέΦΒέΦΒέΦΒέΦΒέΦΒέΦΒέΦΒέΦΒέΦΒέΦΒέΦΒέΦΒέΦΒέΦΒέΦΒέΦΒέΦΒέΦΒέΦΒέΦΒέΦΒέΦΒέΦΒέΦΒ 587.7/587.7 kB 20.2 MB/s  0:00:00
[2025-11-02 23:06:38] [INFO] #23 17.81 Downloading h11-0.16.0-py3-none-any.whl (37 kB)
[2025-11-02 23:06:38] [INFO] #23 17.87 Downloading httptools-0.7.1-cp311-cp311-manylinux1_x86_64.manylinux_2_28_x86_64.manylinux_2_5_x86_64.whl (456 kB)
[2025-11-02 23:06:38] [INFO] #23 17.96 Downloading idna-3.11-py3-none-any.whl (71 kB)
[2025-11-02 23:06:38] [INFO] #23 18.03 Downloading limits-5.6.0-py3-none-any.whl (60 kB)
[2025-11-02 23:06:38] [INFO] #23 18.09 Downloading deprecated-1.3.1-py2.py3-none-any.whl (11 kB)
[2025-11-02 23:06:38] [INFO] #23 18.15 Downloading wrapt-2.0.0-cp311-cp311-manylinux1_x86_64.manylinux_2_28_x86_64.manylinux_2_5_x86_64.whl (114 kB)
[2025-11-02 23:06:38] [INFO] #23 18.23 Downloading packaging-25.0-py3-none-any.whl (66 kB)
[2025-11-02 23:06:38] [INFO] #23 18.30 Downloading pillow-12.0.0-cp311-cp311-manylinux_2_27_x86_64.manylinux_2_28_x86_64.whl (7.0 MB)
[2025-11-02 23:06:39] [INFO] #23 18.70    έΦΒέΦΒέΦΒέΦΒέΦΒέΦΒέΦΒέΦΒέΦΒέΦΒέΦΒέΦΒέΦΒέΦΒέΦΒέΦΒέΦΒέΦΒέΦΒέΦΒέΦΒέΦΒέΦΒέΦΒέΦΒέΦΒέΦΒέΦΒέΦΒέΦΒέΦΒέΦΒέΦΒέΦΒέΦΒέΦΒέΦΒέΦΒέΦΒέΦΒ 7.0/7.0 MB 17.4 MB/s  0:00:00
[2025-11-02 23:06:39] [INFO] #23 18.77 Downloading python_dotenv-1.2.1-py3-none-any.whl (21 kB)
[2025-11-02 23:06:39] [INFO] #23 18.83 Downloading pyyaml-6.0.3-cp311-cp311-manylinux2014_x86_64.manylinux_2_17_x86_64.manylinux_2_28_x86_64.whl (806 kB)
[2025-11-02 23:06:39] [INFO] #23 18.87    έΦΒέΦΒέΦΒέΦΒέΦΒέΦΒέΦΒέΦΒέΦΒέΦΒέΦΒέΦΒέΦΒέΦΒέΦΒέΦΒέΦΒέΦΒέΦΒέΦΒέΦΒέΦΒέΦΒέΦΒέΦΒέΦΒέΦΒέΦΒέΦΒέΦΒέΦΒέΦΒέΦΒέΦΒέΦΒέΦΒέΦΒέΦΒέΦΒέΦΒ 806.6/806.6 kB 27.1 MB/s  0:00:00
[2025-11-02 23:06:39] [INFO] #23 18.93 Downloading sniffio-1.3.1-py3-none-any.whl (10 kB)
[2025-11-02 23:06:39] [INFO] #23 18.99 Downloading typing_extensions-4.15.0-py3-none-any.whl (44 kB)
[2025-11-02 23:06:39] [INFO] #23 19.06 Downloading typing_inspection-0.4.2-py3-none-any.whl (14 kB)
[2025-11-02 23:06:39] [INFO] #23 19.12 Downloading uvloop-0.22.1-cp311-cp311-manylinux2014_x86_64.manylinux_2_17_x86_64.manylinux_2_28_x86_64.whl (3.8 MB)
[2025-11-02 23:06:40] [INFO] #23 19.35    έΦΒέΦΒέΦΒέΦΒέΦΒέΦΒέΦΒέΦΒέΦΒέΦΒέΦΒέΦΒέΦΒέΦΒέΦΒέΦΒέΦΒέΦΒέΦΒέΦΒέΦΒέΦΒέΦΒέΦΒέΦΒέΦΒέΦΒέΦΒέΦΒέΦΒέΦΒέΦΒέΦΒέΦΒέΦΒέΦΒέΦΒέΦΒέΦΒέΦΒ 3.8/3.8 MB 16.5 MB/s  0:00:00
[2025-11-02 23:06:40] [INFO] #23 19.41 Downloading watchfiles-1.1.1-cp311-cp311-manylinux_2_17_x86_64.manylinux2014_x86_64.whl (456 kB)
[2025-11-02 23:06:40] [INFO] #23 19.50 Downloading websockets-15.0.1-cp311-cp311-manylinux_2_5_x86_64.manylinux1_x86_64.manylinux_2_17_x86_64.manylinux2014_x86_64.whl (182 kB)
[2025-11-02 23:06:40] [INFO] #23 19.57 Downloading certifi-2025.10.5-py3-none-any.whl (163 kB)
[2025-11-02 23:06:40] [INFO] #23 19.64 Downloading charset_normalizer-3.4.4-cp311-cp311-manylinux2014_x86_64.manylinux_2_17_x86_64.manylinux_2_28_x86_64.whl (151 kB)
[2025-11-02 23:06:40] [INFO] #23 19.72 Downloading et_xmlfile-2.0.0-py3-none-any.whl (18 kB)
[2025-11-02 23:06:40] [INFO] #23 19.79 Downloading iniconfig-2.3.0-py3-none-any.whl (7.5 kB)
[2025-11-02 23:06:40] [INFO] #23 19.85 Downloading mako-1.3.10-py3-none-any.whl (78 kB)
[2025-11-02 23:06:40] [INFO] #23 19.92 Downloading markupsafe-3.0.3-cp311-cp311-manylinux2014_x86_64.manylinux_2_17_x86_64.manylinux_2_28_x86_64.whl (22 kB)
[2025-11-02 23:06:40] [INFO] #23 20.03 Installing collected packages: passlib, wrapt, websockets, uvloop, typing-extensions, sniffio, pyyaml, python-multipart, python-dotenv, PyJWT, psutil, pluggy, pillow, packaging, MarkupSafe, iniconfig, idna, httptools, h11, greenlet, et-xmlfile, dnspython, coverage, click, charset-normalizer, certifi, bcrypt, annotated-types, annotated-doc, uvicorn, typing-inspection, sqlalchemy2-stubs, sqlalchemy, reportlab, pytest, pydantic-core, openpyxl, Mako, httpcore, email-validator, deprecated, anyio, watchfiles, starlette, pytest-cov, pydantic, limits, httpx, alembic, slowapi, pydantic-settings, fastapi
[2025-11-02 23:06:44] [INFO] #23 23.82 
[2025-11-02 23:06:44] [INFO] #23 23.83 Successfully installed Mako-1.3.10 MarkupSafe-3.0.3 PyJWT-2.9.0 alembic-1.17.0 annotated-doc-0.0.3 annotated-types-0.7.0 anyio-4.11.0 bcrypt-5.0.0 certifi-2025.10.5 charset-normalizer-3.4.4 click-8.3.0 coverage-7.11.0 deprecated-1.3.1 dnspython-2.8.0 email-validator-2.3.0 et-xmlfile-2.0.0 fastapi-0.120.0 greenlet-3.2.4 h11-0.16.0 httpcore-1.0.9 httptools-0.7.1 httpx-0.27.2 idna-3.11 iniconfig-2.3.0 limits-5.6.0 openpyxl-3.1.5 packaging-25.0 passlib-1.7.4 pillow-12.0.0 pluggy-1.6.0 psutil-7.1.1 pydantic-2.12.3 pydantic-core-2.41.4 pydantic-settings-2.11.0 pytest-8.3.3 pytest-cov-6.0.0 python-dotenv-1.2.1 python-multipart-0.0.20 pyyaml-6.0.3 reportlab-4.4.4 slowapi-0.1.9 sniffio-1.3.1 sqlalchemy-2.0.44 sqlalchemy2-stubs-0.0.2a38 starlette-0.48.0 typing-extensions-4.15.0 typing-inspection-0.4.2 uvicorn-0.38.0 uvloop-0.22.1 watchfiles-1.1.1 websockets-15.0.1 wrapt-2.0.0
[2025-11-02 23:06:44] [INFO] #23 23.83 WARNING: Running pip as the 'root' user can result in broken permissions and conflicting behaviour with the system package manager, possibly rendering your system unusable. It is recommended to use a virtual environment instead: https://pip.pypa.io/warnings/venv. Use the --root-user-action option if you know what you are doing and want to suppress this warning.
[2025-11-02 23:06:45] [INFO] #23 DONE 24.7s
[2025-11-02 23:06:45] [INFO] 
[2025-11-02 23:06:45] [INFO] #29 [backend 6/7] COPY backend /app/backend
[2025-11-02 23:06:46] [INFO] #29 DONE 1.0s
[2025-11-02 23:06:46] [INFO] 
[2025-11-02 23:06:46] [INFO] #30 [backend 7/7] RUN useradd -m appuser &&     chown -R appuser:appuser /app &&     mkdir -p /data &&     chown -R appuser:appuser /data
[2025-11-02 23:06:52] [INFO] #30 DONE 6.6s
[2025-11-02 23:06:53] [INFO] 
[2025-11-02 23:06:53] [INFO] #31 [backend] exporting to image
[2025-11-02 23:06:53] [INFO] #31 exporting layers
[2025-11-02 23:06:57] [INFO] #31 exporting layers 4.6s done
[2025-11-02 23:06:57] [INFO] #31 exporting manifest sha256:c5de116b3baa988b42675d5de9c1dc372d2764e00366444946b16368d3f39f32 0.0s done
[2025-11-02 23:06:57] [INFO] #31 exporting config sha256:abbc5ca5d2a78590e2d709ac32c5cc6eded14bb4e28e208dfe5b25148262b23b 0.0s done
[2025-11-02 23:06:57] [INFO] #31 exporting attestation manifest sha256:c3bc087e5cb7b6efe8fc88877f8bbeb72aa784ffa8c24704ae1a44a5d312c237 0.0s done
[2025-11-02 23:06:57] [INFO] #31 exporting manifest list sha256:a3286207dabf7091c7b639919e1cbeecfa9542ea60ec80a4de096260144458a6 0.0s done
[2025-11-02 23:06:57] [INFO] #31 naming to docker.io/library/sms-backend:1.3.5 done
[2025-11-02 23:06:57] [INFO] #31 unpacking to docker.io/library/sms-backend:1.3.5
[2025-11-02 23:07:00] [INFO] #31 unpacking to docker.io/library/sms-backend:1.3.5 3.1s done
[2025-11-02 23:07:00] [INFO] #31 DONE 7.8s
[2025-11-02 23:07:00] [INFO] 
[2025-11-02 23:07:00] [INFO] #32 [backend] resolving provenance for metadata file
[2025-11-02 23:07:00] [INFO] #32 DONE 0.0s
[2025-11-02 23:07:10] [INFO] Service is up: http://localhost:8080/health
