**********************
PowerShell transcript start
Start time: 20260125002314
Username: REC\Vasilis
RunAs User: REC\Vasilis
Configuration Name: 
Machine: REC (Microsoft Windows NT 10.0.26220.0)
Host Application: C:\Program Files\PowerShell\7\pwsh.dll -NoProfile -ExecutionPolicy Bypass -File D:\SMS\student-management-system\COMMIT_READY.ps1 -Quick
Process ID: 33468
PSVersion: 7.5.4
PSEdition: Core
GitCommitId: 7.5.4
OS: Microsoft Windows 10.0.26220
Platform: Win32NT
PSCompatibleVersions: 1.0, 2.0, 3.0, 4.0, 5.0, 5.1, 6.0, 7.0
PSRemotingProtocolVersion: 2.3
SerializationVersion: 1.1.0.1
WSManStackVersion: 3.0
**********************
--------------------------------------------------------------
 COMMIT READY - Pre-Commit Verification
 Student Management System v1.17.4
--------------------------------------------------------------

Mode: quick
Started: 2026-01-25 00:23:14
Log file: D:\SMS\student-management-system\commit_ready_20260125-002314.log


╔══════════════════════════════════════════════════════════════╗
║  Phase A: Version Propagation & Docs Update                   ║
╚══════════════════════════════════════════════════════════════╝

ℹ️  Version sync to package.json skipped (use -SyncVersion or -AutoFix to enable)
ℹ️  Docs update skipped (use -UpdateDocs or -AutoFix to enable)

╔══════════════════════════════════════════════════════════════╗
║  Phase 0: Version Consistency                                 ║
╚══════════════════════════════════════════════════════════════╝

ℹ️  Running comprehensive version verification...

 + ======================================================================
SMS Version Verification Tool
======================================================================
ℹ️  Using version from VERSION file: 1.17.4
ℹ️  Target version: 1.17.4
ℹ️  Mode: CHECK ONLY

 + ======================================================================
Checking Version References
======================================================================
✅ VERSION file: 1.17.4 (correct)
⚠️  Backend main.py docstring: 1.18.0 (expected: 1.17.4)
✅ Frontend package.json: 1.17.4 (correct)
⚠️  User guide version: 1.18.0 (expected: 1.17.4)
⚠️  Developer guide version: 1.18.0 (expected: 1.17.4)
⚠️  Documentation index version: 1.18.0 (expected: 1.17.4)
⚠️  COMMIT_READY.ps1 version: 1.18.0 (expected: 1.17.4)
✅ INSTALLER_BUILDER.ps1 version: 1.17.4 (correct)

 + ======================================================================
Verification Summary
======================================================================
Total checks:       8
Consistent:         3
Inconsistent:       5
Updated:            0
Failed:             0

⚠️  Found 5 inconsistent version references
ℹ️  Run with -Update flag to fix: .\scripts\VERIFY_VERSION.ps1 -Version "1.17.4" -Update
⚠️  Version inconsistencies detected. Run with -AutoFix to update automatically.
ℹ️  Manual fix: .\scripts\VERIFY_VERSION.ps1 -Update

╔══════════════════════════════════════════════════════════════╗
║  Phase 0.5: Version Format Enforcement                        ║
╚══════════════════════════════════════════════════════════════╝

✅ Version format valid: 1.17.4

─────────────────────────────────────────────────
 Backend: Ensure Python Dependencies
─────────────────────────────────────────────────
ℹ️  Installing runtime requirements (pip) from requirements.txt
ℹ️  Installing dev requirements (pip)
✅ Backend dependencies ensured

╔══════════════════════════════════════════════════════════════╗
║  Phase 1: Smoke Test - Conftest Config                        ║
╚══════════════════════════════════════════════════════════════╝

ℹ️  Checking D:\SMS\student-management-system\backend\tests\conftest.py for secure test settings...
✅ conftest.py: AUTH_ENABLED=False verified

╔══════════════════════════════════════════════════════════════╗
║  Phase 0: Pre-commit Hook Validation                          ║
╚══════════════════════════════════════════════════════════════╝

ℹ️  Running pre-commit hooks on staged files...
