2025-10-21 23:14:07,767 - logging_config - INFO - Logging initialized
2025-10-21 23:14:07,768 - __main__ - INFO - Database engine ready
2025-10-21 23:14:07,771 - models - INFO - Database initialized successfully: sqlite:///student_management.db
2025-10-21 23:14:07,772 - __main__ - INFO - Admin router registered successfully
2025-10-21 23:14:07,786 - __main__ - INFO - Some routers failed to load; see debug logs for details
2025-10-21 23:14:07,807 - __main__ - INFO - 
======================================================================
2025-10-21 23:14:07,808 - __main__ - INFO - STUDENT MANAGEMENT SYSTEM - STARTUP
2025-10-21 23:14:07,808 - __main__ - INFO - ======================================================================
2025-10-21 23:14:07,808 - __main__ - INFO - Version: 3.0.1 - Production Ready
2025-10-21 23:14:07,808 - __main__ - INFO - Database: SQLite
2025-10-21 23:14:07,808 - __main__ - INFO - Framework: FastAPI
2025-10-21 23:14:07,808 - __main__ - INFO - Logging: initialized
2025-10-21 23:14:07,808 - __main__ - INFO - ======================================================================
2025-10-21 23:14:33,168 - __main__ - INFO - 
======================================================================
2025-10-21 23:14:33,169 - __main__ - INFO - STUDENT MANAGEMENT SYSTEM - SHUTDOWN
2025-10-21 23:14:33,169 - __main__ - INFO - ======================================================================
2025-10-21 23:14:33,169 - __main__ - INFO - Closing database connections...
2025-10-21 23:14:33,169 - __main__ - INFO - Cleanup completed
2025-10-21 23:14:33,169 - __main__ - INFO - ======================================================================
2025-10-21 23:15:49,559 - logging_config - INFO - Logging initialized
2025-10-21 23:15:49,560 - __main__ - INFO - Database engine ready
2025-10-21 23:15:49,562 - models - INFO - Database initialized successfully: sqlite:///student_management.db
2025-10-21 23:15:49,563 - __main__ - INFO - Admin router registered successfully
2025-10-21 23:15:49,577 - __main__ - INFO - Some routers failed to load; see debug logs for details
2025-10-21 23:15:49,598 - __main__ - INFO - 
======================================================================
2025-10-21 23:15:49,599 - __main__ - INFO - STUDENT MANAGEMENT SYSTEM - STARTUP
2025-10-21 23:15:49,599 - __main__ - INFO - ======================================================================
2025-10-21 23:15:49,599 - __main__ - INFO - Version: 3.0.1 - Production Ready
2025-10-21 23:15:49,599 - __main__ - INFO - Database: SQLite
2025-10-21 23:15:49,599 - __main__ - INFO - Framework: FastAPI
2025-10-21 23:15:49,599 - __main__ - INFO - Logging: initialized
2025-10-21 23:15:49,599 - __main__ - INFO - ======================================================================
2025-10-21 23:16:38,522 - __main__ - INFO - 
======================================================================
2025-10-21 23:16:38,522 - __main__ - INFO - STUDENT MANAGEMENT SYSTEM - SHUTDOWN
2025-10-21 23:16:38,523 - __main__ - INFO - ======================================================================
2025-10-21 23:16:38,523 - __main__ - INFO - Closing database connections...
2025-10-21 23:16:38,523 - __main__ - INFO - Cleanup completed
2025-10-21 23:16:38,523 - __main__ - INFO - ======================================================================
2025-10-21 23:18:38,658 - logging_config - INFO - Logging initialized
2025-10-21 23:18:38,660 - __main__ - INFO - Database engine ready
2025-10-21 23:18:38,662 - models - INFO - Database initialized successfully: sqlite:///student_management.db
2025-10-21 23:18:38,662 - __main__ - INFO - Admin router registered successfully
2025-10-21 23:18:38,677 - __main__ - INFO - Some routers failed to load; see debug logs for details
2025-10-21 23:18:38,701 - __main__ - INFO - 
======================================================================
2025-10-21 23:18:38,701 - __main__ - INFO - STUDENT MANAGEMENT SYSTEM - STARTUP
2025-10-21 23:18:38,701 - __main__ - INFO - ======================================================================
2025-10-21 23:18:38,701 - __main__ - INFO - Version: 3.0.1 - Production Ready
2025-10-21 23:18:38,701 - __main__ - INFO - Database: SQLite
2025-10-21 23:18:38,701 - __main__ - INFO - Framework: FastAPI
2025-10-21 23:18:38,702 - __main__ - INFO - Logging: initialized
2025-10-21 23:18:38,702 - __main__ - INFO - ======================================================================
2025-10-22 00:03:51,197 - logging_config - INFO - Logging initialized
2025-10-22 00:03:51,199 - __main__ - INFO - Database engine ready
2025-10-22 00:03:51,201 - models - INFO - Database initialized successfully: sqlite:///student_management.db
2025-10-22 00:03:51,202 - __main__ - INFO - Admin router registered successfully
2025-10-22 00:03:51,214 - __main__ - INFO - Some routers failed to load; see debug logs for details
2025-10-22 00:03:51,235 - __main__ - INFO - 
======================================================================
2025-10-22 00:03:51,236 - __main__ - INFO - STUDENT MANAGEMENT SYSTEM - STARTUP
2025-10-22 00:03:51,236 - __main__ - INFO - ======================================================================
2025-10-22 00:03:51,236 - __main__ - INFO - Version: 3.0.1 - Production Ready
2025-10-22 00:03:51,236 - __main__ - INFO - Database: SQLite
2025-10-22 00:03:51,236 - __main__ - INFO - Framework: FastAPI
2025-10-22 00:03:51,236 - __main__ - INFO - Logging: initialized
2025-10-22 00:03:51,236 - __main__ - INFO - ======================================================================
2025-10-22 00:04:22,705 - __main__ - INFO - 
======================================================================
2025-10-22 00:04:22,705 - __main__ - INFO - STUDENT MANAGEMENT SYSTEM - SHUTDOWN
2025-10-22 00:04:22,705 - __main__ - INFO - ======================================================================
2025-10-22 00:04:22,705 - __main__ - INFO - Closing database connections...
2025-10-22 00:04:22,705 - __main__ - INFO - Cleanup completed
2025-10-22 00:04:22,705 - __main__ - INFO - ======================================================================
2025-10-22 02:39:44,474 - logging_config - INFO - Logging initialized
2025-10-22 02:39:44,476 - __main__ - INFO - Database engine ready
2025-10-22 02:39:44,478 - models - INFO - Database initialized successfully: sqlite:///student_management.db
2025-10-22 02:39:44,479 - __main__ - INFO - Admin router registered successfully
2025-10-22 02:39:44,493 - __main__ - INFO - Some routers failed to load; see debug logs for details
2025-10-22 02:39:44,527 - __main__ - INFO - 
======================================================================
2025-10-22 02:39:44,528 - __main__ - INFO - STUDENT MANAGEMENT SYSTEM - STARTUP
2025-10-22 02:39:44,528 - __main__ - INFO - ======================================================================
2025-10-22 02:39:44,528 - __main__ - INFO - Version: 3.0.1 - Production Ready
2025-10-22 02:39:44,528 - __main__ - INFO - Database: SQLite
2025-10-22 02:39:44,528 - __main__ - INFO - Framework: FastAPI
2025-10-22 02:39:44,528 - __main__ - INFO - Logging: initialized
2025-10-22 02:39:44,528 - __main__ - INFO - ======================================================================
2025-10-22 02:40:28,018 - logging_config - INFO - Logging initialized
2025-10-22 02:40:28,019 - __main__ - INFO - Database engine ready
2025-10-22 02:40:28,021 - models - INFO - Database initialized successfully: sqlite:///student_management.db
2025-10-22 02:40:28,022 - __main__ - INFO - Admin router registered successfully
2025-10-22 02:40:28,037 - __main__ - INFO - Some routers failed to load; see debug logs for details
2025-10-22 02:40:28,070 - __main__ - INFO - 
======================================================================
2025-10-22 02:40:28,071 - __main__ - INFO - STUDENT MANAGEMENT SYSTEM - STARTUP
2025-10-22 02:40:28,071 - __main__ - INFO - ======================================================================
2025-10-22 02:40:28,071 - __main__ - INFO - Version: 3.0.1 - Production Ready
2025-10-22 02:40:28,071 - __main__ - INFO - Database: SQLite
2025-10-22 02:40:28,071 - __main__ - INFO - Framework: FastAPI
2025-10-22 02:40:28,071 - __main__ - INFO - Logging: initialized
2025-10-22 02:40:28,071 - __main__ - INFO - ======================================================================
2025-10-22 03:11:16,659 - logging_config - INFO - Logging initialized
2025-10-22 03:11:16,660 - __main__ - INFO - Database engine ready
2025-10-22 03:11:16,662 - models - INFO - Database initialized successfully: sqlite:///student_management.db
2025-10-22 03:11:16,663 - __main__ - INFO - Admin router registered successfully
2025-10-22 03:11:16,677 - __main__ - INFO - Some routers failed to load; see debug logs for details
2025-10-22 03:11:16,710 - __main__ - INFO - 
======================================================================
2025-10-22 03:11:16,710 - __main__ - INFO - STUDENT MANAGEMENT SYSTEM - STARTUP
2025-10-22 03:11:16,710 - __main__ - INFO - ======================================================================
2025-10-22 03:11:16,710 - __main__ - INFO - Version: 3.0.1 - Production Ready
2025-10-22 03:11:16,710 - __main__ - INFO - Database: SQLite
2025-10-22 03:11:16,710 - __main__ - INFO - Framework: FastAPI
2025-10-22 03:11:16,711 - __main__ - INFO - Logging: initialized
2025-10-22 03:11:16,711 - __main__ - INFO - ======================================================================
2025-10-22 03:14:11,842 - logging_config - INFO - Logging initialized
2025-10-22 03:14:11,843 - __main__ - INFO - Database engine ready
2025-10-22 03:14:11,845 - models - INFO - Database initialized successfully: sqlite:///student_management.db
2025-10-22 03:14:11,846 - __main__ - INFO - Admin router registered successfully
2025-10-22 03:14:11,861 - __main__ - INFO - Some routers failed to load; see debug logs for details
2025-10-22 03:14:11,896 - __main__ - INFO - 
======================================================================
2025-10-22 03:14:11,896 - __main__ - INFO - STUDENT MANAGEMENT SYSTEM - STARTUP
2025-10-22 03:14:11,896 - __main__ - INFO - ======================================================================
2025-10-22 03:14:11,896 - __main__ - INFO - Version: 3.0.1 - Production Ready
2025-10-22 03:14:11,896 - __main__ - INFO - Database: SQLite
2025-10-22 03:14:11,896 - __main__ - INFO - Framework: FastAPI
2025-10-22 03:14:11,896 - __main__ - INFO - Logging: initialized
2025-10-22 03:14:11,897 - __main__ - INFO - ======================================================================
2025-10-22 03:14:29,136 - __main__ - INFO - 
======================================================================
2025-10-22 03:14:29,136 - __main__ - INFO - STUDENT MANAGEMENT SYSTEM - SHUTDOWN
2025-10-22 03:14:29,136 - __main__ - INFO - ======================================================================
2025-10-22 03:14:29,136 - __main__ - INFO - Closing database connections...
2025-10-22 03:14:29,136 - __main__ - INFO - Cleanup completed
2025-10-22 03:14:29,136 - __main__ - INFO - ======================================================================
2025-10-22 03:14:47,750 - logging_config - INFO - Logging initialized
2025-10-22 03:14:47,751 - __main__ - INFO - Database engine ready
2025-10-22 03:14:47,753 - models - INFO - Database initialized successfully: sqlite:///student_management.db
2025-10-22 03:14:47,754 - __main__ - INFO - Admin router registered successfully
2025-10-22 03:14:47,769 - __main__ - INFO - Some routers failed to load; see debug logs for details
2025-10-22 03:14:47,804 - __main__ - INFO - 
======================================================================
2025-10-22 03:14:47,804 - __main__ - INFO - STUDENT MANAGEMENT SYSTEM - STARTUP
2025-10-22 03:14:47,804 - __main__ - INFO - ======================================================================
2025-10-22 03:14:47,805 - __main__ - INFO - Version: 3.0.1 - Production Ready
2025-10-22 03:14:47,805 - __main__ - INFO - Database: SQLite
2025-10-22 03:14:47,805 - __main__ - INFO - Framework: FastAPI
2025-10-22 03:14:47,805 - __main__ - INFO - Logging: initialized
2025-10-22 03:14:47,805 - __main__ - INFO - ======================================================================
2025-10-22 03:16:52,777 - logging_config - INFO - Logging initialized
2025-10-22 03:16:52,779 - __main__ - INFO - Database engine ready
2025-10-22 03:16:52,781 - models - INFO - Database initialized successfully: sqlite:///student_management.db
2025-10-22 03:16:52,782 - __main__ - INFO - Admin router registered successfully
2025-10-22 03:16:52,797 - __main__ - INFO - Some routers failed to load; see debug logs for details
2025-10-22 03:16:52,833 - __main__ - INFO - 
======================================================================
2025-10-22 03:16:52,833 - __main__ - INFO - STUDENT MANAGEMENT SYSTEM - STARTUP
2025-10-22 03:16:52,833 - __main__ - INFO - ======================================================================
2025-10-22 03:16:52,833 - __main__ - INFO - Version: 3.0.1 - Production Ready
2025-10-22 03:16:52,833 - __main__ - INFO - Database: SQLite
2025-10-22 03:16:52,833 - __main__ - INFO - Framework: FastAPI
2025-10-22 03:16:52,833 - __main__ - INFO - Logging: initialized
2025-10-22 03:16:52,833 - __main__ - INFO - ======================================================================
2025-10-22 03:21:01,616 - logging_config - INFO - Logging initialized
2025-10-22 03:21:01,617 - __main__ - INFO - Database engine ready
2025-10-22 03:21:01,619 - models - INFO - Database initialized successfully: sqlite:///student_management.db
2025-10-22 03:21:01,620 - __main__ - INFO - Admin router registered successfully
2025-10-22 03:21:01,635 - __main__ - INFO - Some routers failed to load; see debug logs for details
2025-10-22 03:21:01,670 - __main__ - INFO - 
======================================================================
2025-10-22 03:21:01,670 - __main__ - INFO - STUDENT MANAGEMENT SYSTEM - STARTUP
2025-10-22 03:21:01,670 - __main__ - INFO - ======================================================================
2025-10-22 03:21:01,670 - __main__ - INFO - Version: 3.0.1 - Production Ready
2025-10-22 03:21:01,670 - __main__ - INFO - Database: SQLite
2025-10-22 03:21:01,670 - __main__ - INFO - Framework: FastAPI
2025-10-22 03:21:01,670 - __main__ - INFO - Logging: initialized
2025-10-22 03:21:01,670 - __main__ - INFO - ======================================================================
2025-10-24 11:38:54,489 - logging_config - INFO - Logging initialized
2025-10-24 11:38:54,490 - main - INFO - Database engine ready
2025-10-24 11:38:54,526 - models - INFO - Database initialized successfully: sqlite:///student_management.db
2025-10-24 11:38:54,528 - main - INFO - Admin router registered successfully
2025-10-24 11:38:54,544 - main - INFO - Some routers failed to load; see debug logs for details
2025-10-24 11:38:54,545 - main - INFO - 
======================================================================
2025-10-24 11:38:54,545 - main - INFO - STUDENT MANAGEMENT SYSTEM - STARTUP
2025-10-24 11:38:54,545 - main - INFO - ======================================================================
2025-10-24 11:38:54,546 - main - INFO - Version: 3.0.1 - Production Ready
2025-10-24 11:38:54,546 - main - INFO - Database: SQLite
2025-10-24 11:38:54,546 - main - INFO - Framework: FastAPI
2025-10-24 11:38:54,546 - main - INFO - Logging: initialized
2025-10-24 11:38:54,546 - main - INFO - ======================================================================
2025-10-24 11:38:54,635 - main - INFO - Database schema check completed (absence_penalty ensured)
2025-10-24 11:39:31,421 - main - INFO - 
======================================================================
2025-10-24 11:39:31,421 - main - INFO - STUDENT MANAGEMENT SYSTEM - SHUTDOWN
2025-10-24 11:39:31,421 - main - INFO - ======================================================================
2025-10-24 11:39:31,421 - main - INFO - Closing database connections...
2025-10-24 11:39:31,421 - main - INFO - Cleanup completed
2025-10-24 11:39:31,421 - main - INFO - ======================================================================
2025-10-24 11:39:41,018 - logging_config - INFO - Logging initialized
2025-10-24 11:39:41,019 - main - INFO - Database engine ready
2025-10-24 11:39:41,032 - models - INFO - Database initialized successfully: sqlite:///student_management.db
2025-10-24 11:39:41,033 - main - INFO - Admin router registered successfully
2025-10-24 11:39:41,047 - main - INFO - Some routers failed to load; see debug logs for details
2025-10-24 11:39:41,049 - main - INFO - 
======================================================================
2025-10-24 11:39:41,049 - main - INFO - STUDENT MANAGEMENT SYSTEM - STARTUP
2025-10-24 11:39:41,049 - main - INFO - ======================================================================
2025-10-24 11:39:41,049 - main - INFO - Version: 3.0.1 - Production Ready
2025-10-24 11:39:41,049 - main - INFO - Database: SQLite
2025-10-24 11:39:41,049 - main - INFO - Framework: FastAPI
2025-10-24 11:39:41,049 - main - INFO - Logging: initialized
2025-10-24 11:39:41,049 - main - INFO - ======================================================================
2025-10-24 11:39:41,050 - main - INFO - Database schema check completed (absence_penalty ensured)
2025-10-24 11:39:54,433 - main - INFO - 
======================================================================
2025-10-24 11:39:54,434 - main - INFO - STUDENT MANAGEMENT SYSTEM - SHUTDOWN
2025-10-24 11:39:54,434 - main - INFO - ======================================================================
2025-10-24 11:39:54,434 - main - INFO - Closing database connections...
2025-10-24 11:39:54,434 - main - INFO - Cleanup completed
2025-10-24 11:39:54,434 - main - INFO - ======================================================================
2025-10-24 11:40:03,543 - logging_config - INFO - Logging initialized
2025-10-24 11:40:03,545 - main - INFO - Database engine ready
2025-10-24 11:40:03,557 - models - INFO - Database initialized successfully: sqlite:///student_management.db
2025-10-24 11:40:03,558 - main - INFO - Admin router registered successfully
2025-10-24 11:40:03,572 - main - INFO - Some routers failed to load; see debug logs for details
2025-10-24 11:40:03,573 - main - INFO - 
======================================================================
2025-10-24 11:40:03,573 - main - INFO - STUDENT MANAGEMENT SYSTEM - STARTUP
2025-10-24 11:40:03,573 - main - INFO - ======================================================================
2025-10-24 11:40:03,574 - main - INFO - Version: 3.0.1 - Production Ready
2025-10-24 11:40:03,574 - main - INFO - Database: SQLite
2025-10-24 11:40:03,574 - main - INFO - Framework: FastAPI
2025-10-24 11:40:03,574 - main - INFO - Logging: initialized
2025-10-24 11:40:03,574 - main - INFO - ======================================================================
2025-10-24 11:40:03,574 - main - INFO - Database schema check completed (absence_penalty ensured)
2025-10-24 11:45:20,082 - main - INFO - Admin shutdown route called (redirecting to control API)
2025-10-24 11:45:20,083 - main - INFO - Shutdown initiated: stopping all services
2025-10-24 11:45:20,083 - main - INFO - Attempting to kill tracked frontend PID: 32948
2025-10-24 11:45:20,187 - main - INFO - Stopped tracked frontend process (PID: 32948)
2025-10-24 11:45:20,187 - main - INFO - Checking frontend ports: [5173, 5174, 5175, 5176, 5177, 5178, 5179, 5180]
2025-10-24 11:45:20,208 - main - INFO - Found PIDs on port 5173: [33912]
2025-10-24 11:45:20,208 - main - INFO - Killing PID 33912 on port 5173
2025-10-24 11:45:20,303 - main - INFO - Stopped frontend on port 5173 (PID: 33912), taskkill result: 0
2025-10-24 11:45:20,394 - main - INFO - Backend stop requested
2025-10-24 11:45:20,394 - main - INFO - Shutdown initiated: stopping all services
2025-10-24 11:45:20,394 - main - INFO - No tracked frontend process to stop
2025-10-24 11:45:20,394 - main - INFO - Checking frontend ports: [5173, 5174, 5175, 5176, 5177, 5178, 5179, 5180]
2025-10-24 11:45:20,432 - main - INFO - Checking for Node.js processes...
2025-10-24 11:45:20,515 - main - INFO - No Node.js processes found
2025-10-24 11:45:20,546 - main - INFO - Checking for Node.js processes...
2025-10-24 11:45:20,625 - main - INFO - No Node.js processes found
2025-10-24 11:45:21,144 - main - INFO - Executing backend shutdown
2025-10-26 08:37:25,559 - logging_config - INFO - Logging initialized
2025-10-26 08:37:25,590 - main - INFO - Database engine ready
2025-10-26 08:37:25,739 - models - INFO - Database initialized successfully: sqlite:///student_management.db
2025-10-26 08:37:25,740 - main - INFO - Admin router registered successfully
2025-10-26 08:37:25,763 - main - INFO - Some routers failed to load; see debug logs for details
2025-10-26 08:37:25,765 - main - INFO - 
======================================================================
2025-10-26 08:37:25,765 - main - INFO - STUDENT MANAGEMENT SYSTEM - STARTUP
2025-10-26 08:37:25,765 - main - INFO - ======================================================================
2025-10-26 08:37:25,765 - main - INFO - Version: 3.0.1 - Production Ready
2025-10-26 08:37:25,765 - main - INFO - Database: SQLite
2025-10-26 08:37:25,765 - main - INFO - Framework: FastAPI
2025-10-26 08:37:25,765 - main - INFO - Logging: initialized
2025-10-26 08:37:25,765 - main - INFO - ======================================================================
2025-10-26 08:37:25,766 - main - INFO - Database schema check completed (absence_penalty ensured)
2025-10-26 08:45:18,947 - logging_config - INFO - Logging initialized
2025-10-26 08:45:18,949 - main - INFO - Database engine ready
2025-10-26 08:45:18,991 - models - INFO - Database initialized successfully: sqlite:///student_management.db
2025-10-26 08:45:18,992 - main - INFO - Admin router registered successfully
2025-10-26 08:45:19,174 - backend.models - INFO - Database initialized successfully: sqlite:///./student_management.db
2025-10-26 08:45:20,691 - main - INFO - Registered routers: Students, Courses, Grades, Attendance, Analytics, DailyPerformance, Export, Enrollments, Imports, AdminOps, Highlights
2025-10-26 08:45:20,693 - main - INFO - 
======================================================================
2025-10-26 08:45:20,694 - main - INFO - STUDENT MANAGEMENT SYSTEM - STARTUP
2025-10-26 08:45:20,694 - main - INFO - ======================================================================
2025-10-26 08:45:20,694 - main - INFO - Version: 3.0.1 - Production Ready
2025-10-26 08:45:20,694 - main - INFO - Database: SQLite
2025-10-26 08:45:20,694 - main - INFO - Framework: FastAPI
2025-10-26 08:45:20,694 - main - INFO - Logging: initialized
2025-10-26 08:45:20,694 - main - INFO - ======================================================================
2025-10-26 08:45:20,695 - main - INFO - Database schema check completed (absence_penalty ensured)
2025-10-26 08:45:44,879 - main - INFO - 
======================================================================
2025-10-26 08:45:44,879 - main - INFO - STUDENT MANAGEMENT SYSTEM - SHUTDOWN
2025-10-26 08:45:44,879 - main - INFO - ======================================================================
2025-10-26 08:45:44,879 - main - INFO - Closing database connections...
2025-10-26 08:45:44,879 - main - INFO - Cleanup completed
2025-10-26 08:45:44,879 - main - INFO - ======================================================================
2025-10-26 08:47:15,314 - logging_config - INFO - Logging initialized
2025-10-26 08:47:15,315 - main - INFO - Database engine ready
2025-10-26 08:47:15,325 - models - INFO - Database initialized successfully: sqlite:///student_management.db
2025-10-26 08:47:15,327 - main - INFO - Admin router registered successfully
2025-10-26 08:47:15,367 - backend.models - INFO - Database initialized successfully: sqlite:///./student_management.db
2025-10-26 08:47:15,794 - main - INFO - Registered routers: Students, Courses, Grades, Attendance, Analytics, DailyPerformance, Export, Enrollments, Imports, AdminOps, Highlights
2025-10-26 08:47:15,795 - main - INFO - 
======================================================================
2025-10-26 08:47:15,795 - main - INFO - STUDENT MANAGEMENT SYSTEM - STARTUP
2025-10-26 08:47:15,796 - main - INFO - ======================================================================
2025-10-26 08:47:15,796 - main - INFO - Version: 3.0.1 - Production Ready
2025-10-26 08:47:15,796 - main - INFO - Database: SQLite
2025-10-26 08:47:15,796 - main - INFO - Framework: FastAPI
2025-10-26 08:47:15,796 - main - INFO - Logging: initialized
2025-10-26 08:47:15,796 - main - INFO - ======================================================================
2025-10-26 08:47:15,797 - main - INFO - Database schema check completed (absence_penalty ensured)
2025-10-26 08:47:15,797 - main - INFO - 
======================================================================
2025-10-26 08:47:15,798 - main - INFO - STUDENT MANAGEMENT SYSTEM - SHUTDOWN
2025-10-26 08:47:15,798 - main - INFO - ======================================================================
2025-10-26 08:47:15,798 - main - INFO - Closing database connections...
2025-10-26 08:47:15,798 - main - INFO - Cleanup completed
2025-10-26 08:47:15,798 - main - INFO - ======================================================================
2025-10-26 08:49:15,384 - logging_config - INFO - Logging initialized
2025-10-26 08:49:15,386 - main - INFO - Database engine ready
2025-10-26 08:49:15,398 - models - INFO - Database initialized successfully: sqlite:///student_management.db
2025-10-26 08:49:15,399 - main - INFO - Admin router registered successfully
2025-10-26 08:49:15,444 - backend.models - INFO - Database initialized successfully: sqlite:///./student_management.db
2025-10-26 08:49:15,859 - main - INFO - Registered routers: Students, Courses, Grades, Attendance, Analytics, DailyPerformance, Export, Enrollments, Imports, AdminOps, Highlights
2025-10-26 08:49:15,860 - main - INFO - 
======================================================================
2025-10-26 08:49:15,860 - main - INFO - STUDENT MANAGEMENT SYSTEM - STARTUP
2025-10-26 08:49:15,860 - main - INFO - ======================================================================
2025-10-26 08:49:15,860 - main - INFO - Version: 3.0.1 - Production Ready
2025-10-26 08:49:15,861 - main - INFO - Database: SQLite
2025-10-26 08:49:15,861 - main - INFO - Framework: FastAPI
2025-10-26 08:49:15,861 - main - INFO - Logging: initialized
2025-10-26 08:49:15,861 - main - INFO - ======================================================================
2025-10-26 08:49:15,862 - main - INFO - Database schema check completed (absence_penalty ensured)
2025-10-26 08:49:15,863 - main - INFO - 
======================================================================
2025-10-26 08:49:15,863 - main - INFO - STUDENT MANAGEMENT SYSTEM - SHUTDOWN
2025-10-26 08:49:15,863 - main - INFO - ======================================================================
2025-10-26 08:49:15,863 - main - INFO - Closing database connections...
2025-10-26 08:49:15,863 - main - INFO - Cleanup completed
2025-10-26 08:49:15,863 - main - INFO - ======================================================================
2025-10-26 08:49:32,085 - logging_config - INFO - Logging initialized
2025-10-26 08:49:32,087 - main - INFO - Database engine ready
2025-10-26 08:49:32,098 - models - INFO - Database initialized successfully: sqlite:///student_management.db
2025-10-26 08:49:32,099 - main - INFO - Admin router registered successfully
2025-10-26 08:49:32,142 - backend.models - INFO - Database initialized successfully: sqlite:///./student_management.db
2025-10-26 08:49:32,536 - main - INFO - Registered routers: Students, Courses, Grades, Attendance, Analytics, DailyPerformance, Export, Enrollments, Imports, AdminOps, Highlights
2025-10-26 08:49:32,538 - main - INFO - 
======================================================================
2025-10-26 08:49:32,538 - main - INFO - STUDENT MANAGEMENT SYSTEM - STARTUP
2025-10-26 08:49:32,538 - main - INFO - ======================================================================
2025-10-26 08:49:32,538 - main - INFO - Version: 3.0.1 - Production Ready
2025-10-26 08:49:32,538 - main - INFO - Database: SQLite
2025-10-26 08:49:32,538 - main - INFO - Framework: FastAPI
2025-10-26 08:49:32,539 - main - INFO - Logging: initialized
2025-10-26 08:49:32,539 - main - INFO - ======================================================================
2025-10-26 08:49:32,539 - main - INFO - Database schema check completed (absence_penalty ensured)
2025-10-26 08:49:45,032 - main - INFO - 
======================================================================
2025-10-26 08:49:45,033 - main - INFO - STUDENT MANAGEMENT SYSTEM - SHUTDOWN
2025-10-26 08:49:45,033 - main - INFO - ======================================================================
2025-10-26 08:49:45,033 - main - INFO - Closing database connections...
2025-10-26 08:49:45,033 - main - INFO - Cleanup completed
2025-10-26 08:49:45,033 - main - INFO - ======================================================================
2025-10-26 14:26:09,039 - backend.logging_config - INFO - Logging initialized
2025-10-26 14:26:09,056 - backend.main - INFO - Database engine ready
2025-10-26 14:26:09,593 - backend.main - INFO - Registered routers: Students, Courses, Grades, Attendance, Analytics, DailyPerformance, Export, Enrollments, Imports, AdminOps
2025-10-26 14:26:09,593 - backend.main - WARNING - Some routers failed to load. Details:
2025-10-26 14:26:09,593 - backend.main - WARNING -  - routers.highlights: No module named 'routers'
2025-10-26 14:26:22,702 - backend.logging_config - INFO - Logging initialized
2025-10-26 14:26:22,704 - backend.main - INFO - Database engine ready
2025-10-26 14:26:23,204 - backend.main - INFO - Registered routers: Students, Courses, Grades, Attendance, Analytics, DailyPerformance, Export, Enrollments, Imports, AdminOps
2025-10-26 14:26:23,204 - backend.main - WARNING - Some routers failed to load. Details:
2025-10-26 14:26:23,204 - backend.main - WARNING -  - routers.highlights: No module named 'routers'
2025-10-26 14:26:23,436 - backend.routers.routers_courses - INFO - Created course: CS101 (1)
2025-10-26 14:26:23,438 - httpx - INFO - HTTP Request: POST http://testserver/api/v1/courses/ "HTTP/1.1 201 Created"
2025-10-26 14:26:23,447 - backend.routers.routers_courses - INFO - Created course: CS101 (1)
2025-10-26 14:26:23,449 - httpx - INFO - HTTP Request: POST http://testserver/api/v1/courses/ "HTTP/1.1 201 Created"
2025-10-26 14:26:23,452 - backend.routers.routers_courses - WARNING - Attempted to create duplicate course: CS101
2025-10-26 14:26:23,453 - httpx - INFO - HTTP Request: POST http://testserver/api/v1/courses/ "HTTP/1.1 400 Bad Request"
2025-10-26 14:26:23,463 - backend.routers.routers_courses - INFO - Created course: CS101 (1)
2025-10-26 14:26:23,464 - httpx - INFO - HTTP Request: POST http://testserver/api/v1/courses/ "HTTP/1.1 201 Created"
2025-10-26 14:26:23,471 - backend.routers.routers_courses - INFO - Updated course: 1
2025-10-26 14:26:23,472 - httpx - INFO - HTTP Request: PUT http://testserver/api/v1/courses/1 "HTTP/1.1 200 OK"
2025-10-26 14:26:23,482 - backend.routers.routers_courses - INFO - Created course: CS101 (1)
2025-10-26 14:26:23,483 - httpx - INFO - HTTP Request: POST http://testserver/api/v1/courses/ "HTTP/1.1 201 Created"
2025-10-26 14:26:23,487 - backend.routers.routers_courses - INFO - Updated course: 1
2025-10-26 14:26:23,489 - httpx - INFO - HTTP Request: PUT http://testserver/api/v1/courses/1 "HTTP/1.1 200 OK"
2025-10-26 14:26:23,498 - backend.routers.routers_courses - INFO - Created course: CS101 (1)
2025-10-26 14:26:23,500 - httpx - INFO - HTTP Request: POST http://testserver/api/v1/courses/ "HTTP/1.1 201 Created"
2025-10-26 14:26:23,503 - backend.routers.routers_courses - WARNING - Evaluation rules weights sum to 70.0%, not 100%
2025-10-26 14:26:23,504 - httpx - INFO - HTTP Request: PUT http://testserver/api/v1/courses/1 "HTTP/1.1 400 Bad Request"
2025-10-26 14:26:23,507 - backend.routers.routers_courses - INFO - Updated course: 1
2025-10-26 14:26:23,508 - httpx - INFO - HTTP Request: PUT http://testserver/api/v1/courses/1 "HTTP/1.1 200 OK"
2025-10-26 14:26:23,517 - backend.routers.routers_courses - INFO - Created course: CS101 (1)
2025-10-26 14:26:23,518 - httpx - INFO - HTTP Request: POST http://testserver/api/v1/courses/ "HTTP/1.1 201 Created"
2025-10-26 14:26:23,521 - backend.routers.routers_courses - INFO - Retrieved course: 1
2025-10-26 14:26:23,522 - httpx - INFO - HTTP Request: GET http://testserver/api/v1/courses/1 "HTTP/1.1 200 OK"
2025-10-26 14:26:23,530 - backend.routers.routers_courses - WARNING - Course not found: 9999
2025-10-26 14:26:23,531 - httpx - INFO - HTTP Request: GET http://testserver/api/v1/courses/9999 "HTTP/1.1 404 Not Found"
2025-10-26 14:26:23,539 - backend.routers.routers_courses - INFO - Created course: CS101 (1)
2025-10-26 14:26:23,541 - httpx - INFO - HTTP Request: POST http://testserver/api/v1/courses/ "HTTP/1.1 201 Created"
2025-10-26 14:26:23,545 - backend.routers.routers_courses - INFO - Created course: CS102 (2)
2025-10-26 14:26:23,546 - httpx - INFO - HTTP Request: POST http://testserver/api/v1/courses/ "HTTP/1.1 201 Created"
2025-10-26 14:26:23,549 - backend.routers.routers_courses - INFO - Created course: CS103 (3)
2025-10-26 14:26:23,550 - httpx - INFO - HTTP Request: POST http://testserver/api/v1/courses/ "HTTP/1.1 201 Created"
2025-10-26 14:26:23,554 - backend.routers.routers_courses - INFO - Retrieved 2 courses
2025-10-26 14:26:23,555 - httpx - INFO - HTTP Request: GET http://testserver/api/v1/courses/?semester=Fall%202025 "HTTP/1.1 200 OK"
2025-10-26 14:26:23,558 - backend.routers.routers_courses - INFO - Retrieved 1 courses
2025-10-26 14:26:23,559 - httpx - INFO - HTTP Request: GET http://testserver/api/v1/courses/?semester=Spring%202026 "HTTP/1.1 200 OK"
2025-10-26 14:26:23,570 - backend.routers.routers_courses - INFO - Created course: CS101 (1)
2025-10-26 14:26:23,571 - httpx - INFO - HTTP Request: POST http://testserver/api/v1/courses/ "HTTP/1.1 201 Created"
2025-10-26 14:26:23,580 - backend.routers.routers_courses - INFO - Deleted course: 1
2025-10-26 14:26:23,582 - httpx - INFO - HTTP Request: DELETE http://testserver/api/v1/courses/1 "HTTP/1.1 204 No Content"
2025-10-26 14:26:23,584 - backend.routers.routers_courses - WARNING - Course not found: 1
2025-10-26 14:26:23,585 - httpx - INFO - HTTP Request: GET http://testserver/api/v1/courses/1 "HTTP/1.1 404 Not Found"
2025-10-26 14:26:23,616 - backend.routers.routers_students - INFO - Created student: 1 - STD0001
2025-10-26 14:26:23,618 - httpx - INFO - HTTP Request: POST http://testserver/api/v1/students/ "HTTP/1.1 201 Created"
2025-10-26 14:26:23,622 - backend.routers.routers_courses - INFO - Created course: CS101 (1)
2025-10-26 14:26:23,623 - httpx - INFO - HTTP Request: POST http://testserver/api/v1/courses/ "HTTP/1.1 201 Created"
2025-10-26 14:26:23,635 - backend.routers.routers_grades - INFO - Created grade: 1 for student 1
2025-10-26 14:26:23,636 - httpx - INFO - HTTP Request: POST http://testserver/api/v1/grades/ "HTTP/1.1 201 Created"
2025-10-26 14:26:23,662 - backend.routers.routers_students - INFO - Created student: 1 - STD0002
2025-10-26 14:26:23,664 - httpx - INFO - HTTP Request: POST http://testserver/api/v1/students/ "HTTP/1.1 201 Created"
2025-10-26 14:26:23,668 - backend.routers.routers_courses - INFO - Created course: MATH101 (1)
2025-10-26 14:26:23,669 - httpx - INFO - HTTP Request: POST http://testserver/api/v1/courses/ "HTTP/1.1 201 Created"
2025-10-26 14:26:23,675 - httpx - INFO - HTTP Request: POST http://testserver/api/v1/grades/ "HTTP/1.1 422 Unprocessable Entity"
2025-10-26 14:26:23,686 - backend.routers.routers_students - INFO - Created student: 1 - STD0003
2025-10-26 14:26:23,688 - httpx - INFO - HTTP Request: POST http://testserver/api/v1/students/ "HTTP/1.1 201 Created"
2025-10-26 14:26:23,694 - backend.routers.routers_courses - INFO - Created course: PHY101 (1)
2025-10-26 14:26:23,696 - httpx - INFO - HTTP Request: POST http://testserver/api/v1/courses/ "HTTP/1.1 201 Created"
2025-10-26 14:26:23,700 - httpx - INFO - HTTP Request: POST http://testserver/api/v1/grades/ "HTTP/1.1 422 Unprocessable Entity"
2025-10-26 14:26:23,711 - backend.routers.routers_students - INFO - Created student: 1 - STD0004
2025-10-26 14:26:23,713 - httpx - INFO - HTTP Request: POST http://testserver/api/v1/students/ "HTTP/1.1 201 Created"
2025-10-26 14:26:23,717 - backend.routers.routers_courses - INFO - Created course: ENG101 (1)
2025-10-26 14:26:23,718 - httpx - INFO - HTTP Request: POST http://testserver/api/v1/courses/ "HTTP/1.1 201 Created"
2025-10-26 14:26:23,721 - backend.routers.routers_grades - INFO - Created grade: 1 for student 1
2025-10-26 14:26:23,723 - httpx - INFO - HTTP Request: POST http://testserver/api/v1/grades/ "HTTP/1.1 201 Created"
2025-10-26 14:26:23,734 - backend.routers.routers_students - INFO - Created student: 1 - S1
2025-10-26 14:26:23,735 - httpx - INFO - HTTP Request: POST http://testserver/api/v1/students/ "HTTP/1.1 201 Created"
2025-10-26 14:26:23,739 - backend.routers.routers_students - INFO - Created student: 2 - S2
2025-10-26 14:26:23,740 - httpx - INFO - HTTP Request: POST http://testserver/api/v1/students/ "HTTP/1.1 201 Created"
2025-10-26 14:26:23,745 - backend.routers.routers_courses - INFO - Created course: C1 (1)
2025-10-26 14:26:23,747 - httpx - INFO - HTTP Request: POST http://testserver/api/v1/courses/ "HTTP/1.1 201 Created"
2025-10-26 14:26:23,750 - backend.routers.routers_courses - INFO - Created course: C2 (2)
2025-10-26 14:26:23,752 - httpx - INFO - HTTP Request: POST http://testserver/api/v1/courses/ "HTTP/1.1 201 Created"
2025-10-26 14:26:23,755 - backend.routers.routers_grades - INFO - Created grade: 1 for student 1
2025-10-26 14:26:23,756 - httpx - INFO - HTTP Request: POST http://testserver/api/v1/grades/ "HTTP/1.1 201 Created"
2025-10-26 14:26:23,762 - backend.routers.routers_grades - INFO - Created grade: 2 for student 1
2025-10-26 14:26:23,763 - httpx - INFO - HTTP Request: POST http://testserver/api/v1/grades/ "HTTP/1.1 201 Created"
2025-10-26 14:26:23,770 - backend.routers.routers_grades - INFO - Created grade: 3 for student 2
2025-10-26 14:26:23,772 - httpx - INFO - HTTP Request: POST http://testserver/api/v1/grades/ "HTTP/1.1 201 Created"
2025-10-26 14:26:23,779 - httpx - INFO - HTTP Request: GET http://testserver/api/v1/grades/?student_id=1 "HTTP/1.1 200 OK"
2025-10-26 14:26:23,784 - httpx - INFO - HTTP Request: GET http://testserver/api/v1/grades/?course_id=1 "HTTP/1.1 200 OK"
2025-10-26 14:26:23,790 - httpx - INFO - HTTP Request: GET http://testserver/api/v1/grades/?student_id=1&course_id=1 "HTTP/1.1 200 OK"
2025-10-26 14:26:23,801 - backend.routers.routers_students - INFO - Created student: 1 - STD0005
2025-10-26 14:26:23,802 - httpx - INFO - HTTP Request: POST http://testserver/api/v1/students/ "HTTP/1.1 201 Created"
2025-10-26 14:26:23,805 - backend.routers.routers_courses - INFO - Created course: CHEM101 (1)
2025-10-26 14:26:23,807 - httpx - INFO - HTTP Request: POST http://testserver/api/v1/courses/ "HTTP/1.1 201 Created"
2025-10-26 14:26:23,813 - backend.routers.routers_grades - INFO - Created grade: 1 for student 1
2025-10-26 14:26:23,815 - httpx - INFO - HTTP Request: POST http://testserver/api/v1/grades/ "HTTP/1.1 201 Created"
2025-10-26 14:26:23,820 - httpx - INFO - HTTP Request: PUT http://testserver/api/v1/grades/1 "HTTP/1.1 422 Unprocessable Entity"
2025-10-26 14:26:23,824 - httpx - INFO - HTTP Request: PUT http://testserver/api/v1/grades/1 "HTTP/1.1 422 Unprocessable Entity"
2025-10-26 14:26:23,835 - backend.routers.routers_students - INFO - Created student: 1 - STD0006
2025-10-26 14:26:23,836 - httpx - INFO - HTTP Request: POST http://testserver/api/v1/students/ "HTTP/1.1 201 Created"
2025-10-26 14:26:23,841 - backend.routers.routers_courses - INFO - Created course: BIO101 (1)
2025-10-26 14:26:23,843 - httpx - INFO - HTTP Request: POST http://testserver/api/v1/courses/ "HTTP/1.1 201 Created"
2025-10-26 14:26:23,849 - backend.routers.routers_grades - INFO - Created grade: 1 for student 1
2025-10-26 14:26:23,850 - httpx - INFO - HTTP Request: POST http://testserver/api/v1/grades/ "HTTP/1.1 201 Created"
2025-10-26 14:26:23,855 - backend.routers.routers_grades - INFO - Deleted grade: 1
2025-10-26 14:26:23,856 - httpx - INFO - HTTP Request: DELETE http://testserver/api/v1/grades/1 "HTTP/1.1 204 No Content"
2025-10-26 14:26:23,861 - httpx - INFO - HTTP Request: GET http://testserver/api/v1/grades/1 "HTTP/1.1 404 Not Found"
2025-10-26 14:26:27,932 - httpx - INFO - HTTP Request: GET http://testserver/health "HTTP/1.1 200 OK"
2025-10-26 14:26:27,940 - httpx - INFO - HTTP Request: GET http://testserver/ "HTTP/1.1 200 OK"
2025-10-26 14:26:27,951 - backend.routers.routers_students - INFO - Created student: 1 - STD0001
2025-10-26 14:26:27,952 - httpx - INFO - HTTP Request: POST http://testserver/api/v1/students/ "HTTP/1.1 201 Created"
2025-10-26 14:26:27,963 - backend.routers.routers_students - INFO - Created student: 1 - STD0001
2025-10-26 14:26:27,964 - httpx - INFO - HTTP Request: POST http://testserver/api/v1/students/ "HTTP/1.1 201 Created"
2025-10-26 14:26:27,967 - backend.routers.routers_students - WARNING - Attempted to create duplicate student with email: john1.doe1@example.com
2025-10-26 14:26:27,968 - httpx - INFO - HTTP Request: POST http://testserver/api/v1/students/ "HTTP/1.1 400 Bad Request"
2025-10-26 14:26:27,978 - backend.routers.routers_students - INFO - Created student: 1 - STD0001
2025-10-26 14:26:27,979 - httpx - INFO - HTTP Request: POST http://testserver/api/v1/students/ "HTTP/1.1 201 Created"
2025-10-26 14:26:27,982 - backend.routers.routers_students - WARNING - Attempted to create duplicate student with ID: STD0001
2025-10-26 14:26:27,983 - httpx - INFO - HTTP Request: POST http://testserver/api/v1/students/ "HTTP/1.1 400 Bad Request"
2025-10-26 14:26:27,993 - backend.routers.routers_students - INFO - Created student: 1 - STD0001
2025-10-26 14:26:27,994 - httpx - INFO - HTTP Request: POST http://testserver/api/v1/students/ "HTTP/1.1 201 Created"
2025-10-26 14:26:27,997 - backend.routers.routers_students - INFO - Retrieved student: 1
2025-10-26 14:26:27,998 - httpx - INFO - HTTP Request: GET http://testserver/api/v1/students/1 "HTTP/1.1 200 OK"
2025-10-26 14:26:28,001 - backend.routers.routers_students - WARNING - Student not found: 9999
2025-10-26 14:26:28,002 - httpx - INFO - HTTP Request: GET http://testserver/api/v1/students/9999 "HTTP/1.1 404 Not Found"
2025-10-26 14:26:28,012 - backend.routers.routers_students - INFO - Created student: 1 - STD0001
2025-10-26 14:26:28,013 - httpx - INFO - HTTP Request: POST http://testserver/api/v1/students/ "HTTP/1.1 201 Created"
2025-10-26 14:26:28,016 - backend.routers.routers_students - INFO - Created student: 2 - STD0002
2025-10-26 14:26:28,018 - httpx - INFO - HTTP Request: POST http://testserver/api/v1/students/ "HTTP/1.1 201 Created"
2025-10-26 14:26:28,021 - backend.routers.routers_students - INFO - Created student: 3 - STD0003
2025-10-26 14:26:28,022 - httpx - INFO - HTTP Request: POST http://testserver/api/v1/students/ "HTTP/1.1 201 Created"
2025-10-26 14:26:28,025 - backend.routers.routers_students - INFO - Retrieved 3 students (skip=0, limit=100)
2025-10-26 14:26:28,027 - httpx - INFO - HTTP Request: GET http://testserver/api/v1/students/ "HTTP/1.1 200 OK"
2025-10-26 14:26:28,030 - backend.routers.routers_students - INFO - Deactivated student: 2
2025-10-26 14:26:28,031 - httpx - INFO - HTTP Request: POST http://testserver/api/v1/students/2/deactivate "HTTP/1.1 200 OK"
2025-10-26 14:26:28,034 - backend.routers.routers_students - INFO - Retrieved 2 students (skip=0, limit=100)
2025-10-26 14:26:28,035 - httpx - INFO - HTTP Request: GET http://testserver/api/v1/students/?is_active=true "HTTP/1.1 200 OK"
2025-10-26 14:26:28,038 - backend.routers.routers_students - INFO - Retrieved 1 students (skip=0, limit=100)
2025-10-26 14:26:28,039 - httpx - INFO - HTTP Request: GET http://testserver/api/v1/students/?is_active=false "HTTP/1.1 200 OK"
2025-10-26 14:26:28,042 - httpx - INFO - HTTP Request: GET http://testserver/api/v1/students/?limit=0 "HTTP/1.1 400 Bad Request"
2025-10-26 14:26:28,045 - httpx - INFO - HTTP Request: GET http://testserver/api/v1/students/?limit=1001 "HTTP/1.1 400 Bad Request"
2025-10-26 14:26:28,048 - httpx - INFO - HTTP Request: GET http://testserver/api/v1/students/?skip=-1 "HTTP/1.1 400 Bad Request"
2025-10-26 14:26:28,058 - backend.routers.routers_students - INFO - Created student: 1 - STD0001
2025-10-26 14:26:28,060 - httpx - INFO - HTTP Request: POST http://testserver/api/v1/students/ "HTTP/1.1 201 Created"
2025-10-26 14:26:28,067 - backend.routers.routers_students - INFO - Updated student: 1
2025-10-26 14:26:28,068 - httpx - INFO - HTTP Request: PUT http://testserver/api/v1/students/1 "HTTP/1.1 200 OK"
2025-10-26 14:26:28,071 - httpx - INFO - HTTP Request: PUT http://testserver/api/v1/students/1 "HTTP/1.1 422 Unprocessable Entity"
2025-10-26 14:26:28,075 - httpx - INFO - HTTP Request: PUT http://testserver/api/v1/students/1 "HTTP/1.1 422 Unprocessable Entity"
2025-10-26 14:26:28,078 - httpx - INFO - HTTP Request: PUT http://testserver/api/v1/students/1 "HTTP/1.1 422 Unprocessable Entity"
2025-10-26 14:26:28,087 - backend.routers.routers_students - INFO - Created student: 1 - STD0001
2025-10-26 14:26:28,089 - httpx - INFO - HTTP Request: POST http://testserver/api/v1/students/ "HTTP/1.1 201 Created"
2025-10-26 14:26:28,096 - backend.routers.routers_students - INFO - Deleted student: 1
2025-10-26 14:26:28,097 - httpx - INFO - HTTP Request: DELETE http://testserver/api/v1/students/1 "HTTP/1.1 204 No Content"
2025-10-26 14:26:28,100 - backend.routers.routers_students - WARNING - Student not found: 1
2025-10-26 14:26:28,101 - httpx - INFO - HTTP Request: GET http://testserver/api/v1/students/1 "HTTP/1.1 404 Not Found"
2025-10-26 14:26:28,110 - backend.routers.routers_students - INFO - Created student: 1 - STD0001
2025-10-26 14:26:28,111 - httpx - INFO - HTTP Request: POST http://testserver/api/v1/students/ "HTTP/1.1 201 Created"
2025-10-26 14:26:28,115 - backend.routers.routers_students - INFO - Deactivated student: 1
2025-10-26 14:26:28,116 - httpx - INFO - HTTP Request: POST http://testserver/api/v1/students/1/deactivate "HTTP/1.1 200 OK"
2025-10-26 14:26:28,119 - backend.routers.routers_students - INFO - Retrieved student: 1
2025-10-26 14:26:28,120 - httpx - INFO - HTTP Request: GET http://testserver/api/v1/students/1 "HTTP/1.1 200 OK"
2025-10-26 14:26:28,122 - backend.routers.routers_students - INFO - Activated student: 1
2025-10-26 14:26:28,123 - httpx - INFO - HTTP Request: POST http://testserver/api/v1/students/1/activate "HTTP/1.1 200 OK"
2025-10-26 14:26:28,127 - backend.routers.routers_students - INFO - Retrieved student: 1
2025-10-26 14:26:28,128 - httpx - INFO - HTTP Request: GET http://testserver/api/v1/students/1 "HTTP/1.1 200 OK"
2025-10-26 14:26:28,140 - backend.routers.routers_students - INFO - Bulk created 2 students, 1 errors
2025-10-26 14:26:28,141 - httpx - INFO - HTTP Request: POST http://testserver/api/v1/students/bulk/create "HTTP/1.1 200 OK"
2025-10-26 14:48:48,463 - backend.logging_config - INFO - Logging initialized
2025-10-26 14:48:48,464 - backend.main - INFO - Database engine ready
2025-10-26 14:48:50,544 - backend.main - INFO - Registered routers: Students, Courses, Grades, Attendance, Analytics, DailyPerformance, Export, Enrollments, Imports, AdminOps
2025-10-26 14:48:50,544 - backend.main - WARNING - Some routers failed to load. Details:
2025-10-26 14:48:50,544 - backend.main - WARNING -  - routers.highlights: No module named 'routers'
2025-10-26 14:48:50,870 - backend.routers.routers_courses - INFO - Created course: CS101 (1)
2025-10-26 14:48:50,873 - httpx - INFO - HTTP Request: POST http://testserver/api/v1/courses/ "HTTP/1.1 201 Created"
2025-10-26 14:48:50,886 - backend.routers.routers_courses - INFO - Created course: CS101 (1)
2025-10-26 14:48:50,888 - httpx - INFO - HTTP Request: POST http://testserver/api/v1/courses/ "HTTP/1.1 201 Created"
2025-10-26 14:48:50,892 - backend.routers.routers_courses - WARNING - Attempted to create duplicate course: CS101
2025-10-26 14:48:50,894 - httpx - INFO - HTTP Request: POST http://testserver/api/v1/courses/ "HTTP/1.1 400 Bad Request"
2025-10-26 14:48:50,917 - backend.routers.routers_courses - INFO - Created course: CS101 (1)
2025-10-26 14:48:50,922 - httpx - INFO - HTTP Request: POST http://testserver/api/v1/courses/ "HTTP/1.1 201 Created"
2025-10-26 14:48:50,933 - backend.routers.routers_courses - INFO - Updated course: 1
2025-10-26 14:48:50,934 - httpx - INFO - HTTP Request: PUT http://testserver/api/v1/courses/1 "HTTP/1.1 200 OK"
2025-10-26 14:48:50,947 - backend.routers.routers_courses - INFO - Created course: CS101 (1)
2025-10-26 14:48:50,949 - httpx - INFO - HTTP Request: POST http://testserver/api/v1/courses/ "HTTP/1.1 201 Created"
2025-10-26 14:48:50,953 - backend.routers.routers_courses - INFO - Updated course: 1
2025-10-26 14:48:50,955 - httpx - INFO - HTTP Request: PUT http://testserver/api/v1/courses/1 "HTTP/1.1 200 OK"
2025-10-26 14:48:50,968 - backend.routers.routers_courses - INFO - Created course: CS101 (1)
2025-10-26 14:48:50,969 - httpx - INFO - HTTP Request: POST http://testserver/api/v1/courses/ "HTTP/1.1 201 Created"
2025-10-26 14:48:50,975 - backend.routers.routers_courses - WARNING - Evaluation rules weights sum to 70.0%, not 100%
2025-10-26 14:48:50,978 - httpx - INFO - HTTP Request: PUT http://testserver/api/v1/courses/1 "HTTP/1.1 400 Bad Request"
2025-10-26 14:48:50,990 - backend.routers.routers_courses - INFO - Updated course: 1
2025-10-26 14:48:50,991 - httpx - INFO - HTTP Request: PUT http://testserver/api/v1/courses/1 "HTTP/1.1 200 OK"
2025-10-26 14:48:51,010 - backend.routers.routers_courses - INFO - Created course: CS101 (1)
2025-10-26 14:48:51,012 - httpx - INFO - HTTP Request: POST http://testserver/api/v1/courses/ "HTTP/1.1 201 Created"
2025-10-26 14:48:51,015 - backend.routers.routers_courses - INFO - Retrieved course: 1
2025-10-26 14:48:51,017 - httpx - INFO - HTTP Request: GET http://testserver/api/v1/courses/1 "HTTP/1.1 200 OK"
2025-10-26 14:48:51,032 - backend.routers.routers_courses - WARNING - Course not found: 9999
2025-10-26 14:48:51,034 - httpx - INFO - HTTP Request: GET http://testserver/api/v1/courses/9999 "HTTP/1.1 404 Not Found"
2025-10-26 14:48:51,044 - backend.routers.routers_courses - INFO - Created course: CS101 (1)
2025-10-26 14:48:51,046 - httpx - INFO - HTTP Request: POST http://testserver/api/v1/courses/ "HTTP/1.1 201 Created"
2025-10-26 14:48:51,053 - backend.routers.routers_courses - INFO - Created course: CS102 (2)
2025-10-26 14:48:51,054 - httpx - INFO - HTTP Request: POST http://testserver/api/v1/courses/ "HTTP/1.1 201 Created"
2025-10-26 14:48:51,058 - backend.routers.routers_courses - INFO - Created course: CS103 (3)
2025-10-26 14:48:51,061 - httpx - INFO - HTTP Request: POST http://testserver/api/v1/courses/ "HTTP/1.1 201 Created"
2025-10-26 14:48:51,067 - backend.routers.routers_courses - INFO - Retrieved 2 courses
2025-10-26 14:48:51,070 - httpx - INFO - HTTP Request: GET http://testserver/api/v1/courses/?semester=Fall%202025 "HTTP/1.1 200 OK"
2025-10-26 14:48:51,073 - backend.routers.routers_courses - INFO - Retrieved 1 courses
2025-10-26 14:48:51,074 - httpx - INFO - HTTP Request: GET http://testserver/api/v1/courses/?semester=Spring%202026 "HTTP/1.1 200 OK"
2025-10-26 14:48:51,084 - backend.routers.routers_courses - INFO - Created course: CS101 (1)
2025-10-26 14:48:51,086 - httpx - INFO - HTTP Request: POST http://testserver/api/v1/courses/ "HTTP/1.1 201 Created"
2025-10-26 14:48:51,102 - backend.routers.routers_courses - INFO - Deleted course: 1
2025-10-26 14:48:51,104 - httpx - INFO - HTTP Request: DELETE http://testserver/api/v1/courses/1 "HTTP/1.1 204 No Content"
2025-10-26 14:48:51,113 - backend.routers.routers_courses - WARNING - Course not found: 1
2025-10-26 14:48:51,114 - httpx - INFO - HTTP Request: GET http://testserver/api/v1/courses/1 "HTTP/1.1 404 Not Found"
2025-10-26 14:48:51,155 - backend.routers.routers_students - INFO - Created student: 1 - STD0001
2025-10-26 14:48:51,157 - httpx - INFO - HTTP Request: POST http://testserver/api/v1/students/ "HTTP/1.1 201 Created"
2025-10-26 14:48:51,163 - backend.routers.routers_courses - INFO - Created course: CS101 (1)
2025-10-26 14:48:51,165 - httpx - INFO - HTTP Request: POST http://testserver/api/v1/courses/ "HTTP/1.1 201 Created"
2025-10-26 14:48:51,178 - backend.routers.routers_grades - INFO - Created grade: 1 for student 1
2025-10-26 14:48:51,184 - httpx - INFO - HTTP Request: POST http://testserver/api/v1/grades/ "HTTP/1.1 201 Created"
2025-10-26 14:48:51,256 - backend.routers.routers_students - INFO - Created student: 1 - STD0002
2025-10-26 14:48:51,258 - httpx - INFO - HTTP Request: POST http://testserver/api/v1/students/ "HTTP/1.1 201 Created"
2025-10-26 14:48:51,263 - backend.routers.routers_courses - INFO - Created course: MATH101 (1)
2025-10-26 14:48:51,265 - httpx - INFO - HTTP Request: POST http://testserver/api/v1/courses/ "HTTP/1.1 201 Created"
2025-10-26 14:48:51,272 - httpx - INFO - HTTP Request: POST http://testserver/api/v1/grades/ "HTTP/1.1 422 Unprocessable Entity"
2025-10-26 14:48:51,299 - backend.routers.routers_students - INFO - Created student: 1 - STD0003
2025-10-26 14:48:51,303 - httpx - INFO - HTTP Request: POST http://testserver/api/v1/students/ "HTTP/1.1 201 Created"
2025-10-26 14:48:51,315 - backend.routers.routers_courses - INFO - Created course: PHY101 (1)
2025-10-26 14:48:51,317 - httpx - INFO - HTTP Request: POST http://testserver/api/v1/courses/ "HTTP/1.1 201 Created"
2025-10-26 14:48:51,323 - httpx - INFO - HTTP Request: POST http://testserver/api/v1/grades/ "HTTP/1.1 422 Unprocessable Entity"
2025-10-26 14:48:51,342 - backend.routers.routers_students - INFO - Created student: 1 - STD0004
2025-10-26 14:48:51,345 - httpx - INFO - HTTP Request: POST http://testserver/api/v1/students/ "HTTP/1.1 201 Created"
2025-10-26 14:48:51,352 - backend.routers.routers_courses - INFO - Created course: ENG101 (1)
2025-10-26 14:48:51,356 - httpx - INFO - HTTP Request: POST http://testserver/api/v1/courses/ "HTTP/1.1 201 Created"
2025-10-26 14:48:51,372 - backend.routers.routers_grades - INFO - Created grade: 1 for student 1
2025-10-26 14:48:51,382 - httpx - INFO - HTTP Request: POST http://testserver/api/v1/grades/ "HTTP/1.1 201 Created"
2025-10-26 14:48:51,395 - backend.routers.routers_students - INFO - Created student: 1 - S1
2025-10-26 14:48:51,397 - httpx - INFO - HTTP Request: POST http://testserver/api/v1/students/ "HTTP/1.1 201 Created"
2025-10-26 14:48:51,402 - backend.routers.routers_students - INFO - Created student: 2 - S2
2025-10-26 14:48:51,404 - httpx - INFO - HTTP Request: POST http://testserver/api/v1/students/ "HTTP/1.1 201 Created"
2025-10-26 14:48:51,420 - backend.routers.routers_courses - INFO - Created course: C1 (1)
2025-10-26 14:48:51,426 - httpx - INFO - HTTP Request: POST http://testserver/api/v1/courses/ "HTTP/1.1 201 Created"
2025-10-26 14:48:51,437 - backend.routers.routers_courses - INFO - Created course: C2 (2)
2025-10-26 14:48:51,439 - httpx - INFO - HTTP Request: POST http://testserver/api/v1/courses/ "HTTP/1.1 201 Created"
2025-10-26 14:48:51,444 - backend.routers.routers_grades - INFO - Created grade: 1 for student 1
2025-10-26 14:48:51,445 - httpx - INFO - HTTP Request: POST http://testserver/api/v1/grades/ "HTTP/1.1 201 Created"
2025-10-26 14:48:51,452 - backend.routers.routers_grades - INFO - Created grade: 2 for student 1
2025-10-26 14:48:51,453 - httpx - INFO - HTTP Request: POST http://testserver/api/v1/grades/ "HTTP/1.1 201 Created"
2025-10-26 14:48:51,465 - backend.routers.routers_grades - INFO - Created grade: 3 for student 2
2025-10-26 14:48:51,467 - httpx - INFO - HTTP Request: POST http://testserver/api/v1/grades/ "HTTP/1.1 201 Created"
2025-10-26 14:48:51,474 - httpx - INFO - HTTP Request: GET http://testserver/api/v1/grades/?student_id=1 "HTTP/1.1 200 OK"
2025-10-26 14:48:51,483 - httpx - INFO - HTTP Request: GET http://testserver/api/v1/grades/?course_id=1 "HTTP/1.1 200 OK"
2025-10-26 14:48:51,490 - httpx - INFO - HTTP Request: GET http://testserver/api/v1/grades/?student_id=1&course_id=1 "HTTP/1.1 200 OK"
2025-10-26 14:48:51,504 - backend.routers.routers_students - INFO - Created student: 1 - STD0005
2025-10-26 14:48:51,505 - httpx - INFO - HTTP Request: POST http://testserver/api/v1/students/ "HTTP/1.1 201 Created"
2025-10-26 14:48:51,514 - backend.routers.routers_courses - INFO - Created course: CHEM101 (1)
2025-10-26 14:48:51,516 - httpx - INFO - HTTP Request: POST http://testserver/api/v1/courses/ "HTTP/1.1 201 Created"
2025-10-26 14:48:51,521 - backend.routers.routers_grades - INFO - Created grade: 1 for student 1
2025-10-26 14:48:51,523 - httpx - INFO - HTTP Request: POST http://testserver/api/v1/grades/ "HTTP/1.1 201 Created"
2025-10-26 14:48:51,531 - httpx - INFO - HTTP Request: PUT http://testserver/api/v1/grades/1 "HTTP/1.1 422 Unprocessable Entity"
2025-10-26 14:48:51,543 - httpx - INFO - HTTP Request: PUT http://testserver/api/v1/grades/1 "HTTP/1.1 422 Unprocessable Entity"
2025-10-26 14:48:51,561 - backend.routers.routers_students - INFO - Created student: 1 - STD0006
2025-10-26 14:48:51,564 - httpx - INFO - HTTP Request: POST http://testserver/api/v1/students/ "HTTP/1.1 201 Created"
2025-10-26 14:48:51,568 - backend.routers.routers_courses - INFO - Created course: BIO101 (1)
2025-10-26 14:48:51,570 - httpx - INFO - HTTP Request: POST http://testserver/api/v1/courses/ "HTTP/1.1 201 Created"
2025-10-26 14:48:51,574 - backend.routers.routers_grades - INFO - Created grade: 1 for student 1
2025-10-26 14:48:51,576 - httpx - INFO - HTTP Request: POST http://testserver/api/v1/grades/ "HTTP/1.1 201 Created"
2025-10-26 14:48:51,585 - backend.routers.routers_grades - INFO - Deleted grade: 1
2025-10-26 14:48:51,586 - httpx - INFO - HTTP Request: DELETE http://testserver/api/v1/grades/1 "HTTP/1.1 204 No Content"
2025-10-26 14:48:51,591 - httpx - INFO - HTTP Request: GET http://testserver/api/v1/grades/1 "HTTP/1.1 404 Not Found"
2025-10-26 14:48:55,674 - httpx - INFO - HTTP Request: GET http://testserver/health "HTTP/1.1 200 OK"
2025-10-26 14:48:55,683 - httpx - INFO - HTTP Request: GET http://testserver/ "HTTP/1.1 200 OK"
2025-10-26 14:48:55,696 - backend.routers.routers_students - INFO - Created student: 1 - STD0001
2025-10-26 14:48:55,698 - httpx - INFO - HTTP Request: POST http://testserver/api/v1/students/ "HTTP/1.1 201 Created"
2025-10-26 14:48:55,709 - backend.routers.routers_students - INFO - Created student: 1 - STD0001
2025-10-26 14:48:55,713 - httpx - INFO - HTTP Request: POST http://testserver/api/v1/students/ "HTTP/1.1 201 Created"
2025-10-26 14:48:55,716 - backend.routers.routers_students - WARNING - Attempted to create duplicate student with email: john1.doe1@example.com
2025-10-26 14:48:55,717 - httpx - INFO - HTTP Request: POST http://testserver/api/v1/students/ "HTTP/1.1 400 Bad Request"
2025-10-26 14:48:55,732 - backend.routers.routers_students - INFO - Created student: 1 - STD0001
2025-10-26 14:48:55,734 - httpx - INFO - HTTP Request: POST http://testserver/api/v1/students/ "HTTP/1.1 201 Created"
2025-10-26 14:48:55,740 - backend.routers.routers_students - WARNING - Attempted to create duplicate student with ID: STD0001
2025-10-26 14:48:55,741 - httpx - INFO - HTTP Request: POST http://testserver/api/v1/students/ "HTTP/1.1 400 Bad Request"
2025-10-26 14:48:55,753 - backend.routers.routers_students - INFO - Created student: 1 - STD0001
2025-10-26 14:48:55,755 - httpx - INFO - HTTP Request: POST http://testserver/api/v1/students/ "HTTP/1.1 201 Created"
2025-10-26 14:48:55,758 - backend.routers.routers_students - INFO - Retrieved student: 1
2025-10-26 14:48:55,760 - httpx - INFO - HTTP Request: GET http://testserver/api/v1/students/1 "HTTP/1.1 200 OK"
2025-10-26 14:48:55,764 - backend.routers.routers_students - WARNING - Student not found: 9999
2025-10-26 14:48:55,766 - httpx - INFO - HTTP Request: GET http://testserver/api/v1/students/9999 "HTTP/1.1 404 Not Found"
2025-10-26 14:48:55,776 - backend.routers.routers_students - INFO - Created student: 1 - STD0001
2025-10-26 14:48:55,778 - httpx - INFO - HTTP Request: POST http://testserver/api/v1/students/ "HTTP/1.1 201 Created"
2025-10-26 14:48:55,783 - backend.routers.routers_students - INFO - Created student: 2 - STD0002
2025-10-26 14:48:55,786 - httpx - INFO - HTTP Request: POST http://testserver/api/v1/students/ "HTTP/1.1 201 Created"
2025-10-26 14:48:55,791 - backend.routers.routers_students - INFO - Created student: 3 - STD0003
2025-10-26 14:48:55,793 - httpx - INFO - HTTP Request: POST http://testserver/api/v1/students/ "HTTP/1.1 201 Created"
2025-10-26 14:48:55,798 - backend.routers.routers_students - INFO - Retrieved 3 students (skip=0, limit=100)
2025-10-26 14:48:55,800 - httpx - INFO - HTTP Request: GET http://testserver/api/v1/students/ "HTTP/1.1 200 OK"
2025-10-26 14:48:55,804 - backend.routers.routers_students - INFO - Deactivated student: 2
2025-10-26 14:48:55,806 - httpx - INFO - HTTP Request: POST http://testserver/api/v1/students/2/deactivate "HTTP/1.1 200 OK"
2025-10-26 14:48:55,809 - backend.routers.routers_students - INFO - Retrieved 2 students (skip=0, limit=100)
2025-10-26 14:48:55,812 - httpx - INFO - HTTP Request: GET http://testserver/api/v1/students/?is_active=true "HTTP/1.1 200 OK"
2025-10-26 14:48:55,817 - backend.routers.routers_students - INFO - Retrieved 1 students (skip=0, limit=100)
2025-10-26 14:48:55,818 - httpx - INFO - HTTP Request: GET http://testserver/api/v1/students/?is_active=false "HTTP/1.1 200 OK"
2025-10-26 14:48:55,822 - httpx - INFO - HTTP Request: GET http://testserver/api/v1/students/?limit=0 "HTTP/1.1 400 Bad Request"
2025-10-26 14:48:55,825 - httpx - INFO - HTTP Request: GET http://testserver/api/v1/students/?limit=1001 "HTTP/1.1 400 Bad Request"
2025-10-26 14:48:55,831 - httpx - INFO - HTTP Request: GET http://testserver/api/v1/students/?skip=-1 "HTTP/1.1 400 Bad Request"
2025-10-26 14:48:55,848 - backend.routers.routers_students - INFO - Created student: 1 - STD0001
2025-10-26 14:48:55,850 - httpx - INFO - HTTP Request: POST http://testserver/api/v1/students/ "HTTP/1.1 201 Created"
2025-10-26 14:48:55,858 - backend.routers.routers_students - INFO - Updated student: 1
2025-10-26 14:48:55,861 - httpx - INFO - HTTP Request: PUT http://testserver/api/v1/students/1 "HTTP/1.1 200 OK"
2025-10-26 14:48:55,865 - httpx - INFO - HTTP Request: PUT http://testserver/api/v1/students/1 "HTTP/1.1 422 Unprocessable Entity"
2025-10-26 14:48:55,868 - httpx - INFO - HTTP Request: PUT http://testserver/api/v1/students/1 "HTTP/1.1 422 Unprocessable Entity"
2025-10-26 14:48:55,872 - httpx - INFO - HTTP Request: PUT http://testserver/api/v1/students/1 "HTTP/1.1 422 Unprocessable Entity"
2025-10-26 14:48:55,884 - backend.routers.routers_students - INFO - Created student: 1 - STD0001
2025-10-26 14:48:55,885 - httpx - INFO - HTTP Request: POST http://testserver/api/v1/students/ "HTTP/1.1 201 Created"
2025-10-26 14:48:55,892 - backend.routers.routers_students - INFO - Deleted student: 1
2025-10-26 14:48:55,894 - httpx - INFO - HTTP Request: DELETE http://testserver/api/v1/students/1 "HTTP/1.1 204 No Content"
2025-10-26 14:48:55,900 - backend.routers.routers_students - WARNING - Student not found: 1
2025-10-26 14:48:55,901 - httpx - INFO - HTTP Request: GET http://testserver/api/v1/students/1 "HTTP/1.1 404 Not Found"
2025-10-26 14:48:55,914 - backend.routers.routers_students - INFO - Created student: 1 - STD0001
2025-10-26 14:48:55,915 - httpx - INFO - HTTP Request: POST http://testserver/api/v1/students/ "HTTP/1.1 201 Created"
2025-10-26 14:48:55,919 - backend.routers.routers_students - INFO - Deactivated student: 1
2025-10-26 14:48:55,921 - httpx - INFO - HTTP Request: POST http://testserver/api/v1/students/1/deactivate "HTTP/1.1 200 OK"
2025-10-26 14:48:55,924 - backend.routers.routers_students - INFO - Retrieved student: 1
2025-10-26 14:48:55,925 - httpx - INFO - HTTP Request: GET http://testserver/api/v1/students/1 "HTTP/1.1 200 OK"
2025-10-26 14:48:55,931 - backend.routers.routers_students - INFO - Activated student: 1
2025-10-26 14:48:55,932 - httpx - INFO - HTTP Request: POST http://testserver/api/v1/students/1/activate "HTTP/1.1 200 OK"
2025-10-26 14:48:55,935 - backend.routers.routers_students - INFO - Retrieved student: 1
2025-10-26 14:48:55,936 - httpx - INFO - HTTP Request: GET http://testserver/api/v1/students/1 "HTTP/1.1 200 OK"
2025-10-26 14:48:55,948 - backend.routers.routers_students - INFO - Bulk created 2 students, 1 errors
2025-10-26 14:48:55,950 - httpx - INFO - HTTP Request: POST http://testserver/api/v1/students/bulk/create "HTTP/1.1 200 OK"
2025-10-26 15:57:20,577 - backend.logging_config - INFO - Logging initialized
2025-10-26 15:57:20,582 - backend.main - INFO - Database engine ready
2025-10-26 15:57:21,389 - backend.main - INFO - Registered routers: Students, Courses, Grades, Attendance, Analytics, DailyPerformance, Export, Enrollments, Imports, AdminOps
2025-10-26 15:57:21,390 - backend.main - WARNING - Some routers failed to load. Details:
2025-10-26 15:57:21,390 - backend.main - WARNING -  - routers.highlights: No module named 'routers'
