--------------------------------------------------------------
 COMMIT READY - Pre-Commit Verification
 Student Management System v1.17.2
--------------------------------------------------------------

Mode: quick
Started: 2026-01-18 12:00:31


╔══════════════════════════════════════════════════════════════╗
║  Phase A: Version Propagation & Docs Update                   ║
╚══════════════════════════════════════════════════════════════╝

ℹ️  Version sync to package.json skipped (use -SyncVersion or -AutoFix to enable)
ℹ️  Docs update skipped (use -UpdateDocs or -AutoFix to enable)

╔══════════════════════════════════════════════════════════════╗
║  Phase 0: Version Consistency                                 ║
╚══════════════════════════════════════════════════════════════╝

ℹ️  Running comprehensive version verification...

 + ======================================================================
SMS Version Verification Tool
======================================================================
ℹ️  Using version from VERSION file: 1.17.2
ℹ️  Target version: 1.17.2
ℹ️  Mode: CHECK ONLY

 + ======================================================================
Checking Version References
======================================================================
✅ VERSION file: 1.17.2 (correct)
✅ Backend main.py docstring: 1.17.2 (correct)
✅ Frontend package.json: 1.17.2 (correct)
✅ User guide version: 1.17.2 (correct)
✅ Developer guide version: 1.17.2 (correct)
✅ Documentation index version: 1.17.2 (correct)
⚠️  Root documentation index version footer: File not found - DOCUMENTATION_INDEX.md
✅ COMMIT_READY.ps1 version: 1.17.2 (correct)
✅ INSTALLER_BUILDER.ps1 version: 1.17.2 (correct)

 + ======================================================================
Verification Summary
======================================================================
Total checks:       9
Consistent:         8
Inconsistent:       0
Updated:            0
Failed:             0

✅ Version verification completed successfully!
✅ All version references consistent across codebase

╔══════════════════════════════════════════════════════════════╗
║  Phase 0.5: Version Format Enforcement                        ║
╚══════════════════════════════════════════════════════════════╝

✅ Version format valid: 1.17.2

─────────────────────────────────────────────────
 Backend: Ensure Python Dependencies
─────────────────────────────────────────────────
ℹ️  Installing runtime requirements (pip) from requirements.txt
ℹ️  Installing dev requirements (pip)
✅ Backend dependencies ensured

╔══════════════════════════════════════════════════════════════╗
║  Phase 1: Smoke Test - Conftest Config                        ║
╚══════════════════════════════════════════════════════════════╝

ℹ️  Checking D:\SMS\student-management-system\backend\tests\conftest.py for secure test settings...
✅ conftest.py: AUTH_ENABLED=False verified

╔══════════════════════════════════════════════════════════════╗
║  Phase 0: Pre-commit Hook Validation                          ║
╚══════════════════════════════════════════════════════════════╝

ℹ️  Running pre-commit hooks on staged files...
❌ Pre-commit hooks failed. Please review and fix issues.
ℹ️  To bypass these checks (e.g. for false positives), run with -SkipLint
ℹ️  If detect-secrets failed, try updating the baseline:
ℹ️      detect-secrets scan --update .secrets.baseline
ℹ️      (Requires detect-secrets >= 1.5.0)
Verify backend imports vs requirements...................................Passed
Ensure operator scripts have OPERATOR-ONLY header........................Passed
RBAC: Validate decorator usage consistency...............................Passed
Database: Validate migration consistency.................................Passed
ruff (legacy alias)......................................................Passed
ruff format..............................................................Passed
markdownlint-cli2........................................................Passed
trim trailing whitespace.................................................Passed
fix end of files.........................................................Failed
- hook id: end-of-file-fixer
- exit code: 1
- files were modified by this hook

Fixing backend/data/imports/1_grades.csv
Fixing backend/data/imports/1_students.csv
Fixing backend/data/imports/1_courses.csv

check yaml...............................................................Passed
check json...............................................................Passed
check for added large files..............................................Passed
check for merge conflicts................................................Passed
mixed line ending........................................................Passed
detect-secrets (prevent committing secrets)..............................Passed
