--------------------------------------------------------------
 COMMIT READY - Pre-Commit Verification
 Student Management System v1.17.2
--------------------------------------------------------------

Mode: quick
Started: 2026-01-21 22:01:52


╔══════════════════════════════════════════════════════════════╗
║  Phase A: Version Propagation & Docs Update                   ║
╚══════════════════════════════════════════════════════════════╝

ℹ️  Version sync to package.json skipped (use -SyncVersion or -AutoFix to enable)
ℹ️  Docs update skipped (use -UpdateDocs or -AutoFix to enable)

╔══════════════════════════════════════════════════════════════╗
║  Phase 0: Version Consistency                                 ║
╚══════════════════════════════════════════════════════════════╝

ℹ️  Running comprehensive version verification...

 + ======================================================================
SMS Version Verification Tool
======================================================================
ℹ️  Using version from VERSION file: 1.17.2
ℹ️  Target version: 1.17.2
ℹ️  Mode: CHECK ONLY

 + ======================================================================
Checking Version References
======================================================================
✅ VERSION file: 1.17.2 (correct)
✅ Backend main.py docstring: 1.17.2 (correct)
✅ Frontend package.json: 1.17.2 (correct)
✅ User guide version: 1.17.2 (correct)
✅ Developer guide version: 1.17.2 (correct)
✅ Documentation index version: 1.17.2 (correct)
✅ COMMIT_READY.ps1 version: 1.17.2 (correct)
✅ INSTALLER_BUILDER.ps1 version: 1.17.2 (correct)

 + ======================================================================
Verification Summary
======================================================================
Total checks:       8
Consistent:         8
Inconsistent:       0
Updated:            0
Failed:             0

✅ Version verification completed successfully!
✅ All version references consistent across codebase

╔══════════════════════════════════════════════════════════════╗
║  Phase 0.5: Version Format Enforcement                        ║
╚══════════════════════════════════════════════════════════════╝

✅ Version format valid: 1.17.2

─────────────────────────────────────────────────
 Backend: Ensure Python Dependencies
─────────────────────────────────────────────────
ℹ️  Installing runtime requirements (pip) from requirements.txt
ℹ️  Installing dev requirements (pip)
✅ Backend dependencies ensured

╔══════════════════════════════════════════════════════════════╗
║  Phase 1: Smoke Test - Conftest Config                        ║
╚══════════════════════════════════════════════════════════════╝

ℹ️  Checking D:\SMS\student-management-system\backend\tests\conftest.py for secure test settings...
✅ conftest.py: AUTH_ENABLED=False verified

╔══════════════════════════════════════════════════════════════╗
║  Phase 0: Pre-commit Hook Validation                          ║
╚══════════════════════════════════════════════════════════════╝

ℹ️  .pre-commit-config.yaml not found. Skipping pre-commit hook validation.

╔══════════════════════════════════════════════════════════════╗
║  Phase 1: Code Quality & Linting                              ║
╚══════════════════════════════════════════════════════════════╝


─────────────────────────────────────────────────
 Backend: Ruff Linting
─────────────────────────────────────────────────
ℹ️  Running ruff check...
✅ Backend linting passed

─────────────────────────────────────────────────
 Backend: MyPy Type Checking
─────────────────────────────────────────────────
ℹ️  Running mypy...
✅ Backend type checking passed

─────────────────────────────────────────────────
 Frontend: ESLint
─────────────────────────────────────────────────
ℹ️  Running ESLint...
❌ Frontend linting failed
 > student-management-frontend@1.17.2 lint > eslint "src/**/*.{ts,tsx}"   D:\SMS\student-management-system\frontend\src\components\AdvancedFilters.tsx   322:18  error  Parsing error: Declaration or statement expected  D:\SMS\student-management-system\frontend\src\components\__tests__\SearchBar.test.tsx   53:51  warning  Unexpected any. Specify a different type  @typescript-eslint/no-explicit-any  D:\SMS\student-management-system\frontend\src\components\__tests__\SearchResults.test.tsx   27:7  warning  'renderWithProviders' is assigned a value but never used. Allowed unused vars must match /^_/u  @typescript-eslint/no-unused-vars  D:\SMS\student-management-system\frontend\src\hooks\useSearch.ts   393:41  warning  The ref value 'suggestionsCache.current' will likely have changed by the time this effect cleanup function runs. If this ref points to a node rendered by React, copy 'suggestionsCache.current' to a variable inside the effect, and use that variable in the cleanup function  react-hooks/exhaustive-deps  D:\SMS\student-management-system\frontend\src\i18n\config.ts   14:52  warning  Unexpected any. Specify a different type  @typescript-eslint/no-explicit-any  D:\SMS\student-management-system\frontend\src\setupTests.ts   11:3  warning  Unexpected console statement. Only these console methods are allowed: warn, error  no-console   14:5  warning  Unexpected console statement. Only these console methods are allowed: warn, error  no-console  ✖ 7 problems (1 error, 6 warnings)

─────────────────────────────────────────────────
 Repository: Markdown Lint
─────────────────────────────────────────────────
ℹ️  Running markdownlint with auto-fix...
